ERROR - 2026-06-19 18:33:38 --> Cannot add or update a child row: a foreign key constraint fails (`liblary`.`peminjaman`, CONSTRAINT `peminjaman_ibfk_1` FOREIGN KEY (`user_id`) REFERENCES `anggota` (`id`))
in SYSTEMPATH\Database\MySQLi\Connection.php on line 300.
 1 SYSTEMPATH\Database\MySQLi\Connection.php(300): mysqli->query('INSERT INTO `peminjaman` (`user_id`, `buku_id`, `tanggal_pinjam`, `status`) VALUES (\'4\', \'3\', \'2026-06-19\', \'Dipinjam\')', 0)
 2 SYSTEMPATH\Database\BaseConnection.php(908): CodeIgniter\Database\MySQLi\Connection->execute('INSERT INTO `peminjaman` (`user_id`, `buku_id`, `tanggal_pinjam`, `status`) VALUES (\'4\', \'3\', \'2026-06-19\', \'Dipinjam\')')
 3 SYSTEMPATH\Database\BaseConnection.php(825): CodeIgniter\Database\BaseConnection->simpleQuery('INSERT INTO `peminjaman` (`user_id`, `buku_id`, `tanggal_pinjam`, `status`) VALUES (\'4\', \'3\', \'2026-06-19\', \'Dipinjam\')')
 4 SYSTEMPATH\Database\BaseBuilder.php(2343): CodeIgniter\Database\BaseConnection->query('INSERT INTO `peminjaman` (`user_id`, `buku_id`, `tanggal_pinjam`, `status`) VALUES (:user_id:, :buku_id:, :tanggal_pinjam:, :status:)', [...], false)
 5 SYSTEMPATH\Model.php(357): CodeIgniter\Database\BaseBuilder->insert()
 6 SYSTEMPATH\BaseModel.php(899): CodeIgniter\Model->doInsert([...])
 7 SYSTEMPATH\Model.php(670): CodeIgniter\BaseModel->insert([...], true)
 8 APPPATH\Controllers\Peminjaman.php(66): CodeIgniter\Model->insert([...])
 9 SYSTEMPATH\CodeIgniter.php(974): App\Controllers\Peminjaman->create()
10 SYSTEMPATH\CodeIgniter.php(520): CodeIgniter\CodeIgniter->runController(Object(App\Controllers\Peminjaman))
11 SYSTEMPATH\CodeIgniter.php(363): CodeIgniter\CodeIgniter->handleRequest(null, Object(Config\Cache), false)
12 SYSTEMPATH\Boot.php(417): CodeIgniter\CodeIgniter->run()
13 SYSTEMPATH\Boot.php(68): CodeIgniter\Boot::runCodeIgniter(Object(CodeIgniter\CodeIgniter))
14 FCPATH\index.php(59): CodeIgniter\Boot::bootWeb(Object(Config\Paths))
15 SYSTEMPATH\rewrite.php(44): require_once('C:\\xampp\\htdocs\\backend-api\\public\\index.php')
CRITICAL - 2026-06-19 18:33:38 --> CodeIgniter\Database\Exceptions\DatabaseException: Cannot add or update a child row: a foreign key constraint fails (`liblary`.`peminjaman`, CONSTRAINT `peminjaman_ibfk_1` FOREIGN KEY (`user_id`) REFERENCES `anggota` (`id`))
[Method: POST, Route: peminjaman]
in SYSTEMPATH\Database\BaseConnection.php on line 863.
 1 SYSTEMPATH\Database\BaseBuilder.php(2343): CodeIgniter\Database\BaseConnection->query('INSERT INTO `peminjaman` (`user_id`, `buku_id`, `tanggal_pinjam`, `status`) VALUES (:user_id:, :buku_id:, :tanggal_pinjam:, :status:)', [...], false)
 2 SYSTEMPATH\Model.php(357): CodeIgniter\Database\BaseBuilder->insert()
 3 SYSTEMPATH\BaseModel.php(899): CodeIgniter\Model->doInsert([...])
 4 SYSTEMPATH\Model.php(670): CodeIgniter\BaseModel->insert([...], true)
 5 APPPATH\Controllers\Peminjaman.php(66): CodeIgniter\Model->insert([...])
 6 SYSTEMPATH\CodeIgniter.php(974): App\Controllers\Peminjaman->create()
 7 SYSTEMPATH\CodeIgniter.php(520): CodeIgniter\CodeIgniter->runController(Object(App\Controllers\Peminjaman))
 8 SYSTEMPATH\CodeIgniter.php(363): CodeIgniter\CodeIgniter->handleRequest(null, Object(Config\Cache), false)
 9 SYSTEMPATH\Boot.php(417): CodeIgniter\CodeIgniter->run()
10 SYSTEMPATH\Boot.php(68): CodeIgniter\Boot::runCodeIgniter(Object(CodeIgniter\CodeIgniter))
11 FCPATH\index.php(59): CodeIgniter\Boot::bootWeb(Object(Config\Paths))
12 SYSTEMPATH\rewrite.php(44): require_once('C:\\xampp\\htdocs\\backend-api\\public\\index.php')
CRITICAL - 2026-06-19 18:33:38 --> [Caused by] CodeIgniter\Database\Exceptions\DatabaseException: Cannot add or update a child row: a foreign key constraint fails (`liblary`.`peminjaman`, CONSTRAINT `peminjaman_ibfk_1` FOREIGN KEY (`user_id`) REFERENCES `anggota` (`id`))
in SYSTEMPATH\Database\MySQLi\Connection.php on line 310.
 1 SYSTEMPATH\Database\BaseConnection.php(908): CodeIgniter\Database\MySQLi\Connection->execute('INSERT INTO `peminjaman` (`user_id`, `buku_id`, `tanggal_pinjam`, `status`) VALUES (\'4\', \'3\', \'2026-06-19\', \'Dipinjam\')')
 2 SYSTEMPATH\Database\BaseConnection.php(825): CodeIgniter\Database\BaseConnection->simpleQuery('INSERT INTO `peminjaman` (`user_id`, `buku_id`, `tanggal_pinjam`, `status`) VALUES (\'4\', \'3\', \'2026-06-19\', \'Dipinjam\')')
 3 SYSTEMPATH\Database\BaseBuilder.php(2343): CodeIgniter\Database\BaseConnection->query('INSERT INTO `peminjaman` (`user_id`, `buku_id`, `tanggal_pinjam`, `status`) VALUES (:user_id:, :buku_id:, :tanggal_pinjam:, :status:)', [...], false)
 4 SYSTEMPATH\Model.php(357): CodeIgniter\Database\BaseBuilder->insert()
 5 SYSTEMPATH\BaseModel.php(899): CodeIgniter\Model->doInsert([...])
 6 SYSTEMPATH\Model.php(670): CodeIgniter\BaseModel->insert([...], true)
 7 APPPATH\Controllers\Peminjaman.php(66): CodeIgniter\Model->insert([...])
 8 SYSTEMPATH\CodeIgniter.php(974): App\Controllers\Peminjaman->create()
 9 SYSTEMPATH\CodeIgniter.php(520): CodeIgniter\CodeIgniter->runController(Object(App\Controllers\Peminjaman))
10 SYSTEMPATH\CodeIgniter.php(363): CodeIgniter\CodeIgniter->handleRequest(null, Object(Config\Cache), false)
11 SYSTEMPATH\Boot.php(417): CodeIgniter\CodeIgniter->run()
12 SYSTEMPATH\Boot.php(68): CodeIgniter\Boot::runCodeIgniter(Object(CodeIgniter\CodeIgniter))
13 FCPATH\index.php(59): CodeIgniter\Boot::bootWeb(Object(Config\Paths))
14 SYSTEMPATH\rewrite.php(44): require_once('C:\\xampp\\htdocs\\backend-api\\public\\index.php')
CRITICAL - 2026-06-19 18:33:38 --> [Caused by] mysqli_sql_exception: Cannot add or update a child row: a foreign key constraint fails (`liblary`.`peminjaman`, CONSTRAINT `peminjaman_ibfk_1` FOREIGN KEY (`user_id`) REFERENCES `anggota` (`id`))
in SYSTEMPATH\Database\MySQLi\Connection.php on line 300.
 1 SYSTEMPATH\Database\MySQLi\Connection.php(300): mysqli->query('INSERT INTO `peminjaman` (`user_id`, `buku_id`, `tanggal_pinjam`, `status`) VALUES (\'4\', \'3\', \'2026-06-19\', \'Dipinjam\')', 0)
 2 SYSTEMPATH\Database\BaseConnection.php(908): CodeIgniter\Database\MySQLi\Connection->execute('INSERT INTO `peminjaman` (`user_id`, `buku_id`, `tanggal_pinjam`, `status`) VALUES (\'4\', \'3\', \'2026-06-19\', \'Dipinjam\')')
 3 SYSTEMPATH\Database\BaseConnection.php(825): CodeIgniter\Database\BaseConnection->simpleQuery('INSERT INTO `peminjaman` (`user_id`, `buku_id`, `tanggal_pinjam`, `status`) VALUES (\'4\', \'3\', \'2026-06-19\', \'Dipinjam\')')
 4 SYSTEMPATH\Database\BaseBuilder.php(2343): CodeIgniter\Database\BaseConnection->query('INSERT INTO `peminjaman` (`user_id`, `buku_id`, `tanggal_pinjam`, `status`) VALUES (:user_id:, :buku_id:, :tanggal_pinjam:, :status:)', [...], false)
 5 SYSTEMPATH\Model.php(357): CodeIgniter\Database\BaseBuilder->insert()
 6 SYSTEMPATH\BaseModel.php(899): CodeIgniter\Model->doInsert([...])
 7 SYSTEMPATH\Model.php(670): CodeIgniter\BaseModel->insert([...], true)
 8 APPPATH\Controllers\Peminjaman.php(66): CodeIgniter\Model->insert([...])
 9 SYSTEMPATH\CodeIgniter.php(974): App\Controllers\Peminjaman->create()
10 SYSTEMPATH\CodeIgniter.php(520): CodeIgniter\CodeIgniter->runController(Object(App\Controllers\Peminjaman))
11 SYSTEMPATH\CodeIgniter.php(363): CodeIgniter\CodeIgniter->handleRequest(null, Object(Config\Cache), false)
12 SYSTEMPATH\Boot.php(417): CodeIgniter\CodeIgniter->run()
13 SYSTEMPATH\Boot.php(68): CodeIgniter\Boot::runCodeIgniter(Object(CodeIgniter\CodeIgniter))
14 FCPATH\index.php(59): CodeIgniter\Boot::bootWeb(Object(Config\Paths))
15 SYSTEMPATH\rewrite.php(44): require_once('C:\\xampp\\htdocs\\backend-api\\public\\index.php')
ERROR - 2026-06-19 18:35:24 --> Cannot add or update a child row: a foreign key constraint fails (`liblary`.`peminjaman`, CONSTRAINT `peminjaman_ibfk_1` FOREIGN KEY (`user_id`) REFERENCES `anggota` (`id`))
in SYSTEMPATH\Database\MySQLi\Connection.php on line 300.
 1 SYSTEMPATH\Database\MySQLi\Connection.php(300): mysqli->query('INSERT INTO `peminjaman` (`user_id`, `buku_id`, `tanggal_pinjam`, `status`) VALUES (\'4\', \'3\', \'2026-06-19\', \'Dipinjam\')', 0)
 2 SYSTEMPATH\Database\BaseConnection.php(908): CodeIgniter\Database\MySQLi\Connection->execute('INSERT INTO `peminjaman` (`user_id`, `buku_id`, `tanggal_pinjam`, `status`) VALUES (\'4\', \'3\', \'2026-06-19\', \'Dipinjam\')')
 3 SYSTEMPATH\Database\BaseConnection.php(825): CodeIgniter\Database\BaseConnection->simpleQuery('INSERT INTO `peminjaman` (`user_id`, `buku_id`, `tanggal_pinjam`, `status`) VALUES (\'4\', \'3\', \'2026-06-19\', \'Dipinjam\')')
 4 SYSTEMPATH\Database\BaseBuilder.php(2343): CodeIgniter\Database\BaseConnection->query('INSERT INTO `peminjaman` (`user_id`, `buku_id`, `tanggal_pinjam`, `status`) VALUES (:user_id:, :buku_id:, :tanggal_pinjam:, :status:)', [...], false)
 5 SYSTEMPATH\Model.php(357): CodeIgniter\Database\BaseBuilder->insert()
 6 SYSTEMPATH\BaseModel.php(899): CodeIgniter\Model->doInsert([...])
 7 SYSTEMPATH\Model.php(670): CodeIgniter\BaseModel->insert([...], true)
 8 APPPATH\Controllers\Peminjaman.php(66): CodeIgniter\Model->insert([...])
 9 SYSTEMPATH\CodeIgniter.php(974): App\Controllers\Peminjaman->create()
10 SYSTEMPATH\CodeIgniter.php(520): CodeIgniter\CodeIgniter->runController(Object(App\Controllers\Peminjaman))
11 SYSTEMPATH\CodeIgniter.php(363): CodeIgniter\CodeIgniter->handleRequest(null, Object(Config\Cache), false)
12 SYSTEMPATH\Boot.php(417): CodeIgniter\CodeIgniter->run()
13 SYSTEMPATH\Boot.php(68): CodeIgniter\Boot::runCodeIgniter(Object(CodeIgniter\CodeIgniter))
14 FCPATH\index.php(59): CodeIgniter\Boot::bootWeb(Object(Config\Paths))
15 SYSTEMPATH\rewrite.php(44): require_once('C:\\xampp\\htdocs\\backend-api\\public\\index.php')
CRITICAL - 2026-06-19 18:35:24 --> CodeIgniter\Database\Exceptions\DatabaseException: Cannot add or update a child row: a foreign key constraint fails (`liblary`.`peminjaman`, CONSTRAINT `peminjaman_ibfk_1` FOREIGN KEY (`user_id`) REFERENCES `anggota` (`id`))
[Method: POST, Route: peminjaman]
in SYSTEMPATH\Database\BaseConnection.php on line 863.
 1 SYSTEMPATH\Database\BaseBuilder.php(2343): CodeIgniter\Database\BaseConnection->query('INSERT INTO `peminjaman` (`user_id`, `buku_id`, `tanggal_pinjam`, `status`) VALUES (:user_id:, :buku_id:, :tanggal_pinjam:, :status:)', [...], false)
 2 SYSTEMPATH\Model.php(357): CodeIgniter\Database\BaseBuilder->insert()
 3 SYSTEMPATH\BaseModel.php(899): CodeIgniter\Model->doInsert([...])
 4 SYSTEMPATH\Model.php(670): CodeIgniter\BaseModel->insert([...], true)
 5 APPPATH\Controllers\Peminjaman.php(66): CodeIgniter\Model->insert([...])
 6 SYSTEMPATH\CodeIgniter.php(974): App\Controllers\Peminjaman->create()
 7 SYSTEMPATH\CodeIgniter.php(520): CodeIgniter\CodeIgniter->runController(Object(App\Controllers\Peminjaman))
 8 SYSTEMPATH\CodeIgniter.php(363): CodeIgniter\CodeIgniter->handleRequest(null, Object(Config\Cache), false)
 9 SYSTEMPATH\Boot.php(417): CodeIgniter\CodeIgniter->run()
10 SYSTEMPATH\Boot.php(68): CodeIgniter\Boot::runCodeIgniter(Object(CodeIgniter\CodeIgniter))
11 FCPATH\index.php(59): CodeIgniter\Boot::bootWeb(Object(Config\Paths))
12 SYSTEMPATH\rewrite.php(44): require_once('C:\\xampp\\htdocs\\backend-api\\public\\index.php')
CRITICAL - 2026-06-19 18:35:24 --> [Caused by] CodeIgniter\Database\Exceptions\DatabaseException: Cannot add or update a child row: a foreign key constraint fails (`liblary`.`peminjaman`, CONSTRAINT `peminjaman_ibfk_1` FOREIGN KEY (`user_id`) REFERENCES `anggota` (`id`))
in SYSTEMPATH\Database\MySQLi\Connection.php on line 310.
 1 SYSTEMPATH\Database\BaseConnection.php(908): CodeIgniter\Database\MySQLi\Connection->execute('INSERT INTO `peminjaman` (`user_id`, `buku_id`, `tanggal_pinjam`, `status`) VALUES (\'4\', \'3\', \'2026-06-19\', \'Dipinjam\')')
 2 SYSTEMPATH\Database\BaseConnection.php(825): CodeIgniter\Database\BaseConnection->simpleQuery('INSERT INTO `peminjaman` (`user_id`, `buku_id`, `tanggal_pinjam`, `status`) VALUES (\'4\', \'3\', \'2026-06-19\', \'Dipinjam\')')
 3 SYSTEMPATH\Database\BaseBuilder.php(2343): CodeIgniter\Database\BaseConnection->query('INSERT INTO `peminjaman` (`user_id`, `buku_id`, `tanggal_pinjam`, `status`) VALUES (:user_id:, :buku_id:, :tanggal_pinjam:, :status:)', [...], false)
 4 SYSTEMPATH\Model.php(357): CodeIgniter\Database\BaseBuilder->insert()
 5 SYSTEMPATH\BaseModel.php(899): CodeIgniter\Model->doInsert([...])
 6 SYSTEMPATH\Model.php(670): CodeIgniter\BaseModel->insert([...], true)
 7 APPPATH\Controllers\Peminjaman.php(66): CodeIgniter\Model->insert([...])
 8 SYSTEMPATH\CodeIgniter.php(974): App\Controllers\Peminjaman->create()
 9 SYSTEMPATH\CodeIgniter.php(520): CodeIgniter\CodeIgniter->runController(Object(App\Controllers\Peminjaman))
10 SYSTEMPATH\CodeIgniter.php(363): CodeIgniter\CodeIgniter->handleRequest(null, Object(Config\Cache), false)
11 SYSTEMPATH\Boot.php(417): CodeIgniter\CodeIgniter->run()
12 SYSTEMPATH\Boot.php(68): CodeIgniter\Boot::runCodeIgniter(Object(CodeIgniter\CodeIgniter))
13 FCPATH\index.php(59): CodeIgniter\Boot::bootWeb(Object(Config\Paths))
14 SYSTEMPATH\rewrite.php(44): require_once('C:\\xampp\\htdocs\\backend-api\\public\\index.php')
CRITICAL - 2026-06-19 18:35:24 --> [Caused by] mysqli_sql_exception: Cannot add or update a child row: a foreign key constraint fails (`liblary`.`peminjaman`, CONSTRAINT `peminjaman_ibfk_1` FOREIGN KEY (`user_id`) REFERENCES `anggota` (`id`))
in SYSTEMPATH\Database\MySQLi\Connection.php on line 300.
 1 SYSTEMPATH\Database\MySQLi\Connection.php(300): mysqli->query('INSERT INTO `peminjaman` (`user_id`, `buku_id`, `tanggal_pinjam`, `status`) VALUES (\'4\', \'3\', \'2026-06-19\', \'Dipinjam\')', 0)
 2 SYSTEMPATH\Database\BaseConnection.php(908): CodeIgniter\Database\MySQLi\Connection->execute('INSERT INTO `peminjaman` (`user_id`, `buku_id`, `tanggal_pinjam`, `status`) VALUES (\'4\', \'3\', \'2026-06-19\', \'Dipinjam\')')
 3 SYSTEMPATH\Database\BaseConnection.php(825): CodeIgniter\Database\BaseConnection->simpleQuery('INSERT INTO `peminjaman` (`user_id`, `buku_id`, `tanggal_pinjam`, `status`) VALUES (\'4\', \'3\', \'2026-06-19\', \'Dipinjam\')')
 4 SYSTEMPATH\Database\BaseBuilder.php(2343): CodeIgniter\Database\BaseConnection->query('INSERT INTO `peminjaman` (`user_id`, `buku_id`, `tanggal_pinjam`, `status`) VALUES (:user_id:, :buku_id:, :tanggal_pinjam:, :status:)', [...], false)
 5 SYSTEMPATH\Model.php(357): CodeIgniter\Database\BaseBuilder->insert()
 6 SYSTEMPATH\BaseModel.php(899): CodeIgniter\Model->doInsert([...])
 7 SYSTEMPATH\Model.php(670): CodeIgniter\BaseModel->insert([...], true)
 8 APPPATH\Controllers\Peminjaman.php(66): CodeIgniter\Model->insert([...])
 9 SYSTEMPATH\CodeIgniter.php(974): App\Controllers\Peminjaman->create()
10 SYSTEMPATH\CodeIgniter.php(520): CodeIgniter\CodeIgniter->runController(Object(App\Controllers\Peminjaman))
11 SYSTEMPATH\CodeIgniter.php(363): CodeIgniter\CodeIgniter->handleRequest(null, Object(Config\Cache), false)
12 SYSTEMPATH\Boot.php(417): CodeIgniter\CodeIgniter->run()
13 SYSTEMPATH\Boot.php(68): CodeIgniter\Boot::runCodeIgniter(Object(CodeIgniter\CodeIgniter))
14 FCPATH\index.php(59): CodeIgniter\Boot::bootWeb(Object(Config\Paths))
15 SYSTEMPATH\rewrite.php(44): require_once('C:\\xampp\\htdocs\\backend-api\\public\\index.php')
ERROR - 2026-06-19 18:35:44 --> Cannot add or update a child row: a foreign key constraint fails (`liblary`.`peminjaman`, CONSTRAINT `peminjaman_ibfk_1` FOREIGN KEY (`user_id`) REFERENCES `anggota` (`id`))
in SYSTEMPATH\Database\MySQLi\Connection.php on line 300.
 1 SYSTEMPATH\Database\MySQLi\Connection.php(300): mysqli->query('INSERT INTO `peminjaman` (`user_id`, `buku_id`, `tanggal_pinjam`, `status`) VALUES (\'4\', \'3\', \'2026-06-19\', \'Dipinjam\')', 0)
 2 SYSTEMPATH\Database\BaseConnection.php(908): CodeIgniter\Database\MySQLi\Connection->execute('INSERT INTO `peminjaman` (`user_id`, `buku_id`, `tanggal_pinjam`, `status`) VALUES (\'4\', \'3\', \'2026-06-19\', \'Dipinjam\')')
 3 SYSTEMPATH\Database\BaseConnection.php(825): CodeIgniter\Database\BaseConnection->simpleQuery('INSERT INTO `peminjaman` (`user_id`, `buku_id`, `tanggal_pinjam`, `status`) VALUES (\'4\', \'3\', \'2026-06-19\', \'Dipinjam\')')
 4 SYSTEMPATH\Database\BaseBuilder.php(2343): CodeIgniter\Database\BaseConnection->query('INSERT INTO `peminjaman` (`user_id`, `buku_id`, `tanggal_pinjam`, `status`) VALUES (:user_id:, :buku_id:, :tanggal_pinjam:, :status:)', [...], false)
 5 SYSTEMPATH\Model.php(357): CodeIgniter\Database\BaseBuilder->insert()
 6 SYSTEMPATH\BaseModel.php(899): CodeIgniter\Model->doInsert([...])
 7 SYSTEMPATH\Model.php(670): CodeIgniter\BaseModel->insert([...], true)
 8 APPPATH\Controllers\Peminjaman.php(66): CodeIgniter\Model->insert([...])
 9 SYSTEMPATH\CodeIgniter.php(974): App\Controllers\Peminjaman->create()
10 SYSTEMPATH\CodeIgniter.php(520): CodeIgniter\CodeIgniter->runController(Object(App\Controllers\Peminjaman))
11 SYSTEMPATH\CodeIgniter.php(363): CodeIgniter\CodeIgniter->handleRequest(null, Object(Config\Cache), false)
12 SYSTEMPATH\Boot.php(417): CodeIgniter\CodeIgniter->run()
13 SYSTEMPATH\Boot.php(68): CodeIgniter\Boot::runCodeIgniter(Object(CodeIgniter\CodeIgniter))
14 FCPATH\index.php(59): CodeIgniter\Boot::bootWeb(Object(Config\Paths))
15 SYSTEMPATH\rewrite.php(44): require_once('C:\\xampp\\htdocs\\backend-api\\public\\index.php')
CRITICAL - 2026-06-19 18:35:44 --> CodeIgniter\Database\Exceptions\DatabaseException: Cannot add or update a child row: a foreign key constraint fails (`liblary`.`peminjaman`, CONSTRAINT `peminjaman_ibfk_1` FOREIGN KEY (`user_id`) REFERENCES `anggota` (`id`))
[Method: POST, Route: peminjaman]
in SYSTEMPATH\Database\BaseConnection.php on line 863.
 1 SYSTEMPATH\Database\BaseBuilder.php(2343): CodeIgniter\Database\BaseConnection->query('INSERT INTO `peminjaman` (`user_id`, `buku_id`, `tanggal_pinjam`, `status`) VALUES (:user_id:, :buku_id:, :tanggal_pinjam:, :status:)', [...], false)
 2 SYSTEMPATH\Model.php(357): CodeIgniter\Database\BaseBuilder->insert()
 3 SYSTEMPATH\BaseModel.php(899): CodeIgniter\Model->doInsert([...])
 4 SYSTEMPATH\Model.php(670): CodeIgniter\BaseModel->insert([...], true)
 5 APPPATH\Controllers\Peminjaman.php(66): CodeIgniter\Model->insert([...])
 6 SYSTEMPATH\CodeIgniter.php(974): App\Controllers\Peminjaman->create()
 7 SYSTEMPATH\CodeIgniter.php(520): CodeIgniter\CodeIgniter->runController(Object(App\Controllers\Peminjaman))
 8 SYSTEMPATH\CodeIgniter.php(363): CodeIgniter\CodeIgniter->handleRequest(null, Object(Config\Cache), false)
 9 SYSTEMPATH\Boot.php(417): CodeIgniter\CodeIgniter->run()
10 SYSTEMPATH\Boot.php(68): CodeIgniter\Boot::runCodeIgniter(Object(CodeIgniter\CodeIgniter))
11 FCPATH\index.php(59): CodeIgniter\Boot::bootWeb(Object(Config\Paths))
12 SYSTEMPATH\rewrite.php(44): require_once('C:\\xampp\\htdocs\\backend-api\\public\\index.php')
CRITICAL - 2026-06-19 18:35:44 --> [Caused by] CodeIgniter\Database\Exceptions\DatabaseException: Cannot add or update a child row: a foreign key constraint fails (`liblary`.`peminjaman`, CONSTRAINT `peminjaman_ibfk_1` FOREIGN KEY (`user_id`) REFERENCES `anggota` (`id`))
in SYSTEMPATH\Database\MySQLi\Connection.php on line 310.
 1 SYSTEMPATH\Database\BaseConnection.php(908): CodeIgniter\Database\MySQLi\Connection->execute('INSERT INTO `peminjaman` (`user_id`, `buku_id`, `tanggal_pinjam`, `status`) VALUES (\'4\', \'3\', \'2026-06-19\', \'Dipinjam\')')
 2 SYSTEMPATH\Database\BaseConnection.php(825): CodeIgniter\Database\BaseConnection->simpleQuery('INSERT INTO `peminjaman` (`user_id`, `buku_id`, `tanggal_pinjam`, `status`) VALUES (\'4\', \'3\', \'2026-06-19\', \'Dipinjam\')')
 3 SYSTEMPATH\Database\BaseBuilder.php(2343): CodeIgniter\Database\BaseConnection->query('INSERT INTO `peminjaman` (`user_id`, `buku_id`, `tanggal_pinjam`, `status`) VALUES (:user_id:, :buku_id:, :tanggal_pinjam:, :status:)', [...], false)
 4 SYSTEMPATH\Model.php(357): CodeIgniter\Database\BaseBuilder->insert()
 5 SYSTEMPATH\BaseModel.php(899): CodeIgniter\Model->doInsert([...])
 6 SYSTEMPATH\Model.php(670): CodeIgniter\BaseModel->insert([...], true)
 7 APPPATH\Controllers\Peminjaman.php(66): CodeIgniter\Model->insert([...])
 8 SYSTEMPATH\CodeIgniter.php(974): App\Controllers\Peminjaman->create()
 9 SYSTEMPATH\CodeIgniter.php(520): CodeIgniter\CodeIgniter->runController(Object(App\Controllers\Peminjaman))
10 SYSTEMPATH\CodeIgniter.php(363): CodeIgniter\CodeIgniter->handleRequest(null, Object(Config\Cache), false)
11 SYSTEMPATH\Boot.php(417): CodeIgniter\CodeIgniter->run()
12 SYSTEMPATH\Boot.php(68): CodeIgniter\Boot::runCodeIgniter(Object(CodeIgniter\CodeIgniter))
13 FCPATH\index.php(59): CodeIgniter\Boot::bootWeb(Object(Config\Paths))
14 SYSTEMPATH\rewrite.php(44): require_once('C:\\xampp\\htdocs\\backend-api\\public\\index.php')
CRITICAL - 2026-06-19 18:35:44 --> [Caused by] mysqli_sql_exception: Cannot add or update a child row: a foreign key constraint fails (`liblary`.`peminjaman`, CONSTRAINT `peminjaman_ibfk_1` FOREIGN KEY (`user_id`) REFERENCES `anggota` (`id`))
in SYSTEMPATH\Database\MySQLi\Connection.php on line 300.
 1 SYSTEMPATH\Database\MySQLi\Connection.php(300): mysqli->query('INSERT INTO `peminjaman` (`user_id`, `buku_id`, `tanggal_pinjam`, `status`) VALUES (\'4\', \'3\', \'2026-06-19\', \'Dipinjam\')', 0)
 2 SYSTEMPATH\Database\BaseConnection.php(908): CodeIgniter\Database\MySQLi\Connection->execute('INSERT INTO `peminjaman` (`user_id`, `buku_id`, `tanggal_pinjam`, `status`) VALUES (\'4\', \'3\', \'2026-06-19\', \'Dipinjam\')')
 3 SYSTEMPATH\Database\BaseConnection.php(825): CodeIgniter\Database\BaseConnection->simpleQuery('INSERT INTO `peminjaman` (`user_id`, `buku_id`, `tanggal_pinjam`, `status`) VALUES (\'4\', \'3\', \'2026-06-19\', \'Dipinjam\')')
 4 SYSTEMPATH\Database\BaseBuilder.php(2343): CodeIgniter\Database\BaseConnection->query('INSERT INTO `peminjaman` (`user_id`, `buku_id`, `tanggal_pinjam`, `status`) VALUES (:user_id:, :buku_id:, :tanggal_pinjam:, :status:)', [...], false)
 5 SYSTEMPATH\Model.php(357): CodeIgniter\Database\BaseBuilder->insert()
 6 SYSTEMPATH\BaseModel.php(899): CodeIgniter\Model->doInsert([...])
 7 SYSTEMPATH\Model.php(670): CodeIgniter\BaseModel->insert([...], true)
 8 APPPATH\Controllers\Peminjaman.php(66): CodeIgniter\Model->insert([...])
 9 SYSTEMPATH\CodeIgniter.php(974): App\Controllers\Peminjaman->create()
10 SYSTEMPATH\CodeIgniter.php(520): CodeIgniter\CodeIgniter->runController(Object(App\Controllers\Peminjaman))
11 SYSTEMPATH\CodeIgniter.php(363): CodeIgniter\CodeIgniter->handleRequest(null, Object(Config\Cache), false)
12 SYSTEMPATH\Boot.php(417): CodeIgniter\CodeIgniter->run()
13 SYSTEMPATH\Boot.php(68): CodeIgniter\Boot::runCodeIgniter(Object(CodeIgniter\CodeIgniter))
14 FCPATH\index.php(59): CodeIgniter\Boot::bootWeb(Object(Config\Paths))
15 SYSTEMPATH\rewrite.php(44): require_once('C:\\xampp\\htdocs\\backend-api\\public\\index.php')
ERROR - 2026-06-19 18:45:42 --> Cannot add or update a child row: a foreign key constraint fails (`liblary`.`peminjaman`, CONSTRAINT `peminjaman_ibfk_1` FOREIGN KEY (`user_id`) REFERENCES `anggota` (`id`))
in SYSTEMPATH\Database\MySQLi\Connection.php on line 300.
 1 SYSTEMPATH\Database\MySQLi\Connection.php(300): mysqli->query('INSERT INTO `peminjaman` (`user_id`, `buku_id`, `tanggal_pinjam`, `status`) VALUES (\'4\', \'3\', \'2026-06-19\', \'Dipinjam\')', 0)
 2 SYSTEMPATH\Database\BaseConnection.php(908): CodeIgniter\Database\MySQLi\Connection->execute('INSERT INTO `peminjaman` (`user_id`, `buku_id`, `tanggal_pinjam`, `status`) VALUES (\'4\', \'3\', \'2026-06-19\', \'Dipinjam\')')
 3 SYSTEMPATH\Database\BaseConnection.php(825): CodeIgniter\Database\BaseConnection->simpleQuery('INSERT INTO `peminjaman` (`user_id`, `buku_id`, `tanggal_pinjam`, `status`) VALUES (\'4\', \'3\', \'2026-06-19\', \'Dipinjam\')')
 4 SYSTEMPATH\Database\BaseBuilder.php(2343): CodeIgniter\Database\BaseConnection->query('INSERT INTO `peminjaman` (`user_id`, `buku_id`, `tanggal_pinjam`, `status`) VALUES (:user_id:, :buku_id:, :tanggal_pinjam:, :status:)', [...], false)
 5 SYSTEMPATH\Model.php(357): CodeIgniter\Database\BaseBuilder->insert()
 6 SYSTEMPATH\BaseModel.php(899): CodeIgniter\Model->doInsert([...])
 7 SYSTEMPATH\Model.php(670): CodeIgniter\BaseModel->insert([...], true)
 8 APPPATH\Controllers\Peminjaman.php(66): CodeIgniter\Model->insert([...])
 9 SYSTEMPATH\CodeIgniter.php(974): App\Controllers\Peminjaman->create()
10 SYSTEMPATH\CodeIgniter.php(520): CodeIgniter\CodeIgniter->runController(Object(App\Controllers\Peminjaman))
11 SYSTEMPATH\CodeIgniter.php(363): CodeIgniter\CodeIgniter->handleRequest(null, Object(Config\Cache), false)
12 SYSTEMPATH\Boot.php(417): CodeIgniter\CodeIgniter->run()
13 SYSTEMPATH\Boot.php(68): CodeIgniter\Boot::runCodeIgniter(Object(CodeIgniter\CodeIgniter))
14 FCPATH\index.php(59): CodeIgniter\Boot::bootWeb(Object(Config\Paths))
15 SYSTEMPATH\rewrite.php(44): require_once('C:\\xampp\\htdocs\\backend-api\\public\\index.php')
CRITICAL - 2026-06-19 18:45:42 --> CodeIgniter\Database\Exceptions\DatabaseException: Cannot add or update a child row: a foreign key constraint fails (`liblary`.`peminjaman`, CONSTRAINT `peminjaman_ibfk_1` FOREIGN KEY (`user_id`) REFERENCES `anggota` (`id`))
[Method: POST, Route: peminjaman]
in SYSTEMPATH\Database\BaseConnection.php on line 863.
 1 SYSTEMPATH\Database\BaseBuilder.php(2343): CodeIgniter\Database\BaseConnection->query('INSERT INTO `peminjaman` (`user_id`, `buku_id`, `tanggal_pinjam`, `status`) VALUES (:user_id:, :buku_id:, :tanggal_pinjam:, :status:)', [...], false)
 2 SYSTEMPATH\Model.php(357): CodeIgniter\Database\BaseBuilder->insert()
 3 SYSTEMPATH\BaseModel.php(899): CodeIgniter\Model->doInsert([...])
 4 SYSTEMPATH\Model.php(670): CodeIgniter\BaseModel->insert([...], true)
 5 APPPATH\Controllers\Peminjaman.php(66): CodeIgniter\Model->insert([...])
 6 SYSTEMPATH\CodeIgniter.php(974): App\Controllers\Peminjaman->create()
 7 SYSTEMPATH\CodeIgniter.php(520): CodeIgniter\CodeIgniter->runController(Object(App\Controllers\Peminjaman))
 8 SYSTEMPATH\CodeIgniter.php(363): CodeIgniter\CodeIgniter->handleRequest(null, Object(Config\Cache), false)
 9 SYSTEMPATH\Boot.php(417): CodeIgniter\CodeIgniter->run()
10 SYSTEMPATH\Boot.php(68): CodeIgniter\Boot::runCodeIgniter(Object(CodeIgniter\CodeIgniter))
11 FCPATH\index.php(59): CodeIgniter\Boot::bootWeb(Object(Config\Paths))
12 SYSTEMPATH\rewrite.php(44): require_once('C:\\xampp\\htdocs\\backend-api\\public\\index.php')
CRITICAL - 2026-06-19 18:45:42 --> [Caused by] CodeIgniter\Database\Exceptions\DatabaseException: Cannot add or update a child row: a foreign key constraint fails (`liblary`.`peminjaman`, CONSTRAINT `peminjaman_ibfk_1` FOREIGN KEY (`user_id`) REFERENCES `anggota` (`id`))
in SYSTEMPATH\Database\MySQLi\Connection.php on line 310.
 1 SYSTEMPATH\Database\BaseConnection.php(908): CodeIgniter\Database\MySQLi\Connection->execute('INSERT INTO `peminjaman` (`user_id`, `buku_id`, `tanggal_pinjam`, `status`) VALUES (\'4\', \'3\', \'2026-06-19\', \'Dipinjam\')')
 2 SYSTEMPATH\Database\BaseConnection.php(825): CodeIgniter\Database\BaseConnection->simpleQuery('INSERT INTO `peminjaman` (`user_id`, `buku_id`, `tanggal_pinjam`, `status`) VALUES (\'4\', \'3\', \'2026-06-19\', \'Dipinjam\')')
 3 SYSTEMPATH\Database\BaseBuilder.php(2343): CodeIgniter\Database\BaseConnection->query('INSERT INTO `peminjaman` (`user_id`, `buku_id`, `tanggal_pinjam`, `status`) VALUES (:user_id:, :buku_id:, :tanggal_pinjam:, :status:)', [...], false)
 4 SYSTEMPATH\Model.php(357): CodeIgniter\Database\BaseBuilder->insert()
 5 SYSTEMPATH\BaseModel.php(899): CodeIgniter\Model->doInsert([...])
 6 SYSTEMPATH\Model.php(670): CodeIgniter\BaseModel->insert([...], true)
 7 APPPATH\Controllers\Peminjaman.php(66): CodeIgniter\Model->insert([...])
 8 SYSTEMPATH\CodeIgniter.php(974): App\Controllers\Peminjaman->create()
 9 SYSTEMPATH\CodeIgniter.php(520): CodeIgniter\CodeIgniter->runController(Object(App\Controllers\Peminjaman))
10 SYSTEMPATH\CodeIgniter.php(363): CodeIgniter\CodeIgniter->handleRequest(null, Object(Config\Cache), false)
11 SYSTEMPATH\Boot.php(417): CodeIgniter\CodeIgniter->run()
12 SYSTEMPATH\Boot.php(68): CodeIgniter\Boot::runCodeIgniter(Object(CodeIgniter\CodeIgniter))
13 FCPATH\index.php(59): CodeIgniter\Boot::bootWeb(Object(Config\Paths))
14 SYSTEMPATH\rewrite.php(44): require_once('C:\\xampp\\htdocs\\backend-api\\public\\index.php')
CRITICAL - 2026-06-19 18:45:42 --> [Caused by] mysqli_sql_exception: Cannot add or update a child row: a foreign key constraint fails (`liblary`.`peminjaman`, CONSTRAINT `peminjaman_ibfk_1` FOREIGN KEY (`user_id`) REFERENCES `anggota` (`id`))
in SYSTEMPATH\Database\MySQLi\Connection.php on line 300.
 1 SYSTEMPATH\Database\MySQLi\Connection.php(300): mysqli->query('INSERT INTO `peminjaman` (`user_id`, `buku_id`, `tanggal_pinjam`, `status`) VALUES (\'4\', \'3\', \'2026-06-19\', \'Dipinjam\')', 0)
 2 SYSTEMPATH\Database\BaseConnection.php(908): CodeIgniter\Database\MySQLi\Connection->execute('INSERT INTO `peminjaman` (`user_id`, `buku_id`, `tanggal_pinjam`, `status`) VALUES (\'4\', \'3\', \'2026-06-19\', \'Dipinjam\')')
 3 SYSTEMPATH\Database\BaseConnection.php(825): CodeIgniter\Database\BaseConnection->simpleQuery('INSERT INTO `peminjaman` (`user_id`, `buku_id`, `tanggal_pinjam`, `status`) VALUES (\'4\', \'3\', \'2026-06-19\', \'Dipinjam\')')
 4 SYSTEMPATH\Database\BaseBuilder.php(2343): CodeIgniter\Database\BaseConnection->query('INSERT INTO `peminjaman` (`user_id`, `buku_id`, `tanggal_pinjam`, `status`) VALUES (:user_id:, :buku_id:, :tanggal_pinjam:, :status:)', [...], false)
 5 SYSTEMPATH\Model.php(357): CodeIgniter\Database\BaseBuilder->insert()
 6 SYSTEMPATH\BaseModel.php(899): CodeIgniter\Model->doInsert([...])
 7 SYSTEMPATH\Model.php(670): CodeIgniter\BaseModel->insert([...], true)
 8 APPPATH\Controllers\Peminjaman.php(66): CodeIgniter\Model->insert([...])
 9 SYSTEMPATH\CodeIgniter.php(974): App\Controllers\Peminjaman->create()
10 SYSTEMPATH\CodeIgniter.php(520): CodeIgniter\CodeIgniter->runController(Object(App\Controllers\Peminjaman))
11 SYSTEMPATH\CodeIgniter.php(363): CodeIgniter\CodeIgniter->handleRequest(null, Object(Config\Cache), false)
12 SYSTEMPATH\Boot.php(417): CodeIgniter\CodeIgniter->run()
13 SYSTEMPATH\Boot.php(68): CodeIgniter\Boot::runCodeIgniter(Object(CodeIgniter\CodeIgniter))
14 FCPATH\index.php(59): CodeIgniter\Boot::bootWeb(Object(Config\Paths))
15 SYSTEMPATH\rewrite.php(44): require_once('C:\\xampp\\htdocs\\backend-api\\public\\index.php')
ERROR - 2026-06-19 18:46:24 --> Unknown column 'user_id' in 'where clause'
in SYSTEMPATH\Database\MySQLi\Connection.php on line 300.
 1 SYSTEMPATH\Database\MySQLi\Connection.php(300): mysqli->query('SELECT *
FROM `anggota`
WHERE `user_id` = \'4\'', 0)
 2 SYSTEMPATH\Database\BaseConnection.php(908): CodeIgniter\Database\MySQLi\Connection->execute('SELECT *
FROM `anggota`
WHERE `user_id` = \'4\'')
 3 SYSTEMPATH\Database\BaseConnection.php(825): CodeIgniter\Database\BaseConnection->simpleQuery('SELECT *
FROM `anggota`
WHERE `user_id` = \'4\'')
 4 SYSTEMPATH\Database\BaseBuilder.php(1647): CodeIgniter\Database\BaseConnection->query('SELECT *
FROM `anggota`
WHERE `user_id` = :user_id:', [...], false)
 5 APPPATH\Controllers\Auth.php(52): CodeIgniter\Database\BaseBuilder->get()
 6 SYSTEMPATH\CodeIgniter.php(974): App\Controllers\Auth->login()
 7 SYSTEMPATH\CodeIgniter.php(520): CodeIgniter\CodeIgniter->runController(Object(App\Controllers\Auth))
 8 SYSTEMPATH\CodeIgniter.php(363): CodeIgniter\CodeIgniter->handleRequest(null, Object(Config\Cache), false)
 9 SYSTEMPATH\Boot.php(417): CodeIgniter\CodeIgniter->run()
10 SYSTEMPATH\Boot.php(68): CodeIgniter\Boot::runCodeIgniter(Object(CodeIgniter\CodeIgniter))
11 FCPATH\index.php(59): CodeIgniter\Boot::bootWeb(Object(Config\Paths))
12 SYSTEMPATH\rewrite.php(44): require_once('C:\\xampp\\htdocs\\backend-api\\public\\index.php')
CRITICAL - 2026-06-19 18:46:24 --> CodeIgniter\Database\Exceptions\DatabaseException: Unknown column 'user_id' in 'where clause'
[Method: POST, Route: login]
in SYSTEMPATH\Database\BaseConnection.php on line 863.
 1 SYSTEMPATH\Database\BaseBuilder.php(1647): CodeIgniter\Database\BaseConnection->query('SELECT *
FROM `anggota`
WHERE `user_id` = :user_id:', [...], false)
 2 APPPATH\Controllers\Auth.php(52): CodeIgniter\Database\BaseBuilder->get()
 3 SYSTEMPATH\CodeIgniter.php(974): App\Controllers\Auth->login()
 4 SYSTEMPATH\CodeIgniter.php(520): CodeIgniter\CodeIgniter->runController(Object(App\Controllers\Auth))
 5 SYSTEMPATH\CodeIgniter.php(363): CodeIgniter\CodeIgniter->handleRequest(null, Object(Config\Cache), false)
 6 SYSTEMPATH\Boot.php(417): CodeIgniter\CodeIgniter->run()
 7 SYSTEMPATH\Boot.php(68): CodeIgniter\Boot::runCodeIgniter(Object(CodeIgniter\CodeIgniter))
 8 FCPATH\index.php(59): CodeIgniter\Boot::bootWeb(Object(Config\Paths))
 9 SYSTEMPATH\rewrite.php(44): require_once('C:\\xampp\\htdocs\\backend-api\\public\\index.php')
CRITICAL - 2026-06-19 18:46:24 --> [Caused by] CodeIgniter\Database\Exceptions\DatabaseException: Unknown column 'user_id' in 'where clause'
in SYSTEMPATH\Database\MySQLi\Connection.php on line 310.
 1 SYSTEMPATH\Database\BaseConnection.php(908): CodeIgniter\Database\MySQLi\Connection->execute('SELECT *
FROM `anggota`
WHERE `user_id` = \'4\'')
 2 SYSTEMPATH\Database\BaseConnection.php(825): CodeIgniter\Database\BaseConnection->simpleQuery('SELECT *
FROM `anggota`
WHERE `user_id` = \'4\'')
 3 SYSTEMPATH\Database\BaseBuilder.php(1647): CodeIgniter\Database\BaseConnection->query('SELECT *
FROM `anggota`
WHERE `user_id` = :user_id:', [...], false)
 4 APPPATH\Controllers\Auth.php(52): CodeIgniter\Database\BaseBuilder->get()
 5 SYSTEMPATH\CodeIgniter.php(974): App\Controllers\Auth->login()
 6 SYSTEMPATH\CodeIgniter.php(520): CodeIgniter\CodeIgniter->runController(Object(App\Controllers\Auth))
 7 SYSTEMPATH\CodeIgniter.php(363): CodeIgniter\CodeIgniter->handleRequest(null, Object(Config\Cache), false)
 8 SYSTEMPATH\Boot.php(417): CodeIgniter\CodeIgniter->run()
 9 SYSTEMPATH\Boot.php(68): CodeIgniter\Boot::runCodeIgniter(Object(CodeIgniter\CodeIgniter))
10 FCPATH\index.php(59): CodeIgniter\Boot::bootWeb(Object(Config\Paths))
11 SYSTEMPATH\rewrite.php(44): require_once('C:\\xampp\\htdocs\\backend-api\\public\\index.php')
CRITICAL - 2026-06-19 18:46:24 --> [Caused by] mysqli_sql_exception: Unknown column 'user_id' in 'where clause'
in SYSTEMPATH\Database\MySQLi\Connection.php on line 300.
 1 SYSTEMPATH\Database\MySQLi\Connection.php(300): mysqli->query('SELECT *
FROM `anggota`
WHERE `user_id` = \'4\'', 0)
 2 SYSTEMPATH\Database\BaseConnection.php(908): CodeIgniter\Database\MySQLi\Connection->execute('SELECT *
FROM `anggota`
WHERE `user_id` = \'4\'')
 3 SYSTEMPATH\Database\BaseConnection.php(825): CodeIgniter\Database\BaseConnection->simpleQuery('SELECT *
FROM `anggota`
WHERE `user_id` = \'4\'')
 4 SYSTEMPATH\Database\BaseBuilder.php(1647): CodeIgniter\Database\BaseConnection->query('SELECT *
FROM `anggota`
WHERE `user_id` = :user_id:', [...], false)
 5 APPPATH\Controllers\Auth.php(52): CodeIgniter\Database\BaseBuilder->get()
 6 SYSTEMPATH\CodeIgniter.php(974): App\Controllers\Auth->login()
 7 SYSTEMPATH\CodeIgniter.php(520): CodeIgniter\CodeIgniter->runController(Object(App\Controllers\Auth))
 8 SYSTEMPATH\CodeIgniter.php(363): CodeIgniter\CodeIgniter->handleRequest(null, Object(Config\Cache), false)
 9 SYSTEMPATH\Boot.php(417): CodeIgniter\CodeIgniter->run()
10 SYSTEMPATH\Boot.php(68): CodeIgniter\Boot::runCodeIgniter(Object(CodeIgniter\CodeIgniter))
11 FCPATH\index.php(59): CodeIgniter\Boot::bootWeb(Object(Config\Paths))
12 SYSTEMPATH\rewrite.php(44): require_once('C:\\xampp\\htdocs\\backend-api\\public\\index.php')
ERROR - 2026-06-19 19:00:45 --> Cannot add or update a child row: a foreign key constraint fails (`liblary`.`peminjaman`, CONSTRAINT `peminjaman_ibfk_1` FOREIGN KEY (`user_id`) REFERENCES `anggota` (`id`))
in SYSTEMPATH\Database\MySQLi\Connection.php on line 300.
 1 SYSTEMPATH\Database\MySQLi\Connection.php(300): mysqli->query('INSERT INTO `peminjaman` (`user_id`, `buku_id`, `tanggal_pinjam`, `status`) VALUES (\'4\', \'3\', \'2026-06-19\', \'Dipinjam\')', 0)
 2 SYSTEMPATH\Database\BaseConnection.php(908): CodeIgniter\Database\MySQLi\Connection->execute('INSERT INTO `peminjaman` (`user_id`, `buku_id`, `tanggal_pinjam`, `status`) VALUES (\'4\', \'3\', \'2026-06-19\', \'Dipinjam\')')
 3 SYSTEMPATH\Database\BaseConnection.php(825): CodeIgniter\Database\BaseConnection->simpleQuery('INSERT INTO `peminjaman` (`user_id`, `buku_id`, `tanggal_pinjam`, `status`) VALUES (\'4\', \'3\', \'2026-06-19\', \'Dipinjam\')')
 4 SYSTEMPATH\Database\BaseBuilder.php(2343): CodeIgniter\Database\BaseConnection->query('INSERT INTO `peminjaman` (`user_id`, `buku_id`, `tanggal_pinjam`, `status`) VALUES (:user_id:, :buku_id:, :tanggal_pinjam:, :status:)', [...], false)
 5 SYSTEMPATH\Model.php(357): CodeIgniter\Database\BaseBuilder->insert()
 6 SYSTEMPATH\BaseModel.php(899): CodeIgniter\Model->doInsert([...])
 7 SYSTEMPATH\Model.php(670): CodeIgniter\BaseModel->insert([...], true)
 8 APPPATH\Controllers\Peminjaman.php(66): CodeIgniter\Model->insert([...])
 9 SYSTEMPATH\CodeIgniter.php(974): App\Controllers\Peminjaman->create()
10 SYSTEMPATH\CodeIgniter.php(520): CodeIgniter\CodeIgniter->runController(Object(App\Controllers\Peminjaman))
11 SYSTEMPATH\CodeIgniter.php(363): CodeIgniter\CodeIgniter->handleRequest(null, Object(Config\Cache), false)
12 SYSTEMPATH\Boot.php(417): CodeIgniter\CodeIgniter->run()
13 SYSTEMPATH\Boot.php(68): CodeIgniter\Boot::runCodeIgniter(Object(CodeIgniter\CodeIgniter))
14 FCPATH\index.php(59): CodeIgniter\Boot::bootWeb(Object(Config\Paths))
15 SYSTEMPATH\rewrite.php(44): require_once('C:\\xampp\\htdocs\\backend-api\\public\\index.php')
CRITICAL - 2026-06-19 19:00:45 --> CodeIgniter\Database\Exceptions\DatabaseException: Cannot add or update a child row: a foreign key constraint fails (`liblary`.`peminjaman`, CONSTRAINT `peminjaman_ibfk_1` FOREIGN KEY (`user_id`) REFERENCES `anggota` (`id`))
[Method: POST, Route: peminjaman]
in SYSTEMPATH\Database\BaseConnection.php on line 863.
 1 SYSTEMPATH\Database\BaseBuilder.php(2343): CodeIgniter\Database\BaseConnection->query('INSERT INTO `peminjaman` (`user_id`, `buku_id`, `tanggal_pinjam`, `status`) VALUES (:user_id:, :buku_id:, :tanggal_pinjam:, :status:)', [...], false)
 2 SYSTEMPATH\Model.php(357): CodeIgniter\Database\BaseBuilder->insert()
 3 SYSTEMPATH\BaseModel.php(899): CodeIgniter\Model->doInsert([...])
 4 SYSTEMPATH\Model.php(670): CodeIgniter\BaseModel->insert([...], true)
 5 APPPATH\Controllers\Peminjaman.php(66): CodeIgniter\Model->insert([...])
 6 SYSTEMPATH\CodeIgniter.php(974): App\Controllers\Peminjaman->create()
 7 SYSTEMPATH\CodeIgniter.php(520): CodeIgniter\CodeIgniter->runController(Object(App\Controllers\Peminjaman))
 8 SYSTEMPATH\CodeIgniter.php(363): CodeIgniter\CodeIgniter->handleRequest(null, Object(Config\Cache), false)
 9 SYSTEMPATH\Boot.php(417): CodeIgniter\CodeIgniter->run()
10 SYSTEMPATH\Boot.php(68): CodeIgniter\Boot::runCodeIgniter(Object(CodeIgniter\CodeIgniter))
11 FCPATH\index.php(59): CodeIgniter\Boot::bootWeb(Object(Config\Paths))
12 SYSTEMPATH\rewrite.php(44): require_once('C:\\xampp\\htdocs\\backend-api\\public\\index.php')
CRITICAL - 2026-06-19 19:00:45 --> [Caused by] CodeIgniter\Database\Exceptions\DatabaseException: Cannot add or update a child row: a foreign key constraint fails (`liblary`.`peminjaman`, CONSTRAINT `peminjaman_ibfk_1` FOREIGN KEY (`user_id`) REFERENCES `anggota` (`id`))
in SYSTEMPATH\Database\MySQLi\Connection.php on line 310.
 1 SYSTEMPATH\Database\BaseConnection.php(908): CodeIgniter\Database\MySQLi\Connection->execute('INSERT INTO `peminjaman` (`user_id`, `buku_id`, `tanggal_pinjam`, `status`) VALUES (\'4\', \'3\', \'2026-06-19\', \'Dipinjam\')')
 2 SYSTEMPATH\Database\BaseConnection.php(825): CodeIgniter\Database\BaseConnection->simpleQuery('INSERT INTO `peminjaman` (`user_id`, `buku_id`, `tanggal_pinjam`, `status`) VALUES (\'4\', \'3\', \'2026-06-19\', \'Dipinjam\')')
 3 SYSTEMPATH\Database\BaseBuilder.php(2343): CodeIgniter\Database\BaseConnection->query('INSERT INTO `peminjaman` (`user_id`, `buku_id`, `tanggal_pinjam`, `status`) VALUES (:user_id:, :buku_id:, :tanggal_pinjam:, :status:)', [...], false)
 4 SYSTEMPATH\Model.php(357): CodeIgniter\Database\BaseBuilder->insert()
 5 SYSTEMPATH\BaseModel.php(899): CodeIgniter\Model->doInsert([...])
 6 SYSTEMPATH\Model.php(670): CodeIgniter\BaseModel->insert([...], true)
 7 APPPATH\Controllers\Peminjaman.php(66): CodeIgniter\Model->insert([...])
 8 SYSTEMPATH\CodeIgniter.php(974): App\Controllers\Peminjaman->create()
 9 SYSTEMPATH\CodeIgniter.php(520): CodeIgniter\CodeIgniter->runController(Object(App\Controllers\Peminjaman))
10 SYSTEMPATH\CodeIgniter.php(363): CodeIgniter\CodeIgniter->handleRequest(null, Object(Config\Cache), false)
11 SYSTEMPATH\Boot.php(417): CodeIgniter\CodeIgniter->run()
12 SYSTEMPATH\Boot.php(68): CodeIgniter\Boot::runCodeIgniter(Object(CodeIgniter\CodeIgniter))
13 FCPATH\index.php(59): CodeIgniter\Boot::bootWeb(Object(Config\Paths))
14 SYSTEMPATH\rewrite.php(44): require_once('C:\\xampp\\htdocs\\backend-api\\public\\index.php')
CRITICAL - 2026-06-19 19:00:45 --> [Caused by] mysqli_sql_exception: Cannot add or update a child row: a foreign key constraint fails (`liblary`.`peminjaman`, CONSTRAINT `peminjaman_ibfk_1` FOREIGN KEY (`user_id`) REFERENCES `anggota` (`id`))
in SYSTEMPATH\Database\MySQLi\Connection.php on line 300.
 1 SYSTEMPATH\Database\MySQLi\Connection.php(300): mysqli->query('INSERT INTO `peminjaman` (`user_id`, `buku_id`, `tanggal_pinjam`, `status`) VALUES (\'4\', \'3\', \'2026-06-19\', \'Dipinjam\')', 0)
 2 SYSTEMPATH\Database\BaseConnection.php(908): CodeIgniter\Database\MySQLi\Connection->execute('INSERT INTO `peminjaman` (`user_id`, `buku_id`, `tanggal_pinjam`, `status`) VALUES (\'4\', \'3\', \'2026-06-19\', \'Dipinjam\')')
 3 SYSTEMPATH\Database\BaseConnection.php(825): CodeIgniter\Database\BaseConnection->simpleQuery('INSERT INTO `peminjaman` (`user_id`, `buku_id`, `tanggal_pinjam`, `status`) VALUES (\'4\', \'3\', \'2026-06-19\', \'Dipinjam\')')
 4 SYSTEMPATH\Database\BaseBuilder.php(2343): CodeIgniter\Database\BaseConnection->query('INSERT INTO `peminjaman` (`user_id`, `buku_id`, `tanggal_pinjam`, `status`) VALUES (:user_id:, :buku_id:, :tanggal_pinjam:, :status:)', [...], false)
 5 SYSTEMPATH\Model.php(357): CodeIgniter\Database\BaseBuilder->insert()
 6 SYSTEMPATH\BaseModel.php(899): CodeIgniter\Model->doInsert([...])
 7 SYSTEMPATH\Model.php(670): CodeIgniter\BaseModel->insert([...], true)
 8 APPPATH\Controllers\Peminjaman.php(66): CodeIgniter\Model->insert([...])
 9 SYSTEMPATH\CodeIgniter.php(974): App\Controllers\Peminjaman->create()
10 SYSTEMPATH\CodeIgniter.php(520): CodeIgniter\CodeIgniter->runController(Object(App\Controllers\Peminjaman))
11 SYSTEMPATH\CodeIgniter.php(363): CodeIgniter\CodeIgniter->handleRequest(null, Object(Config\Cache), false)
12 SYSTEMPATH\Boot.php(417): CodeIgniter\CodeIgniter->run()
13 SYSTEMPATH\Boot.php(68): CodeIgniter\Boot::runCodeIgniter(Object(CodeIgniter\CodeIgniter))
14 FCPATH\index.php(59): CodeIgniter\Boot::bootWeb(Object(Config\Paths))
15 SYSTEMPATH\rewrite.php(44): require_once('C:\\xampp\\htdocs\\backend-api\\public\\index.php')
ERROR - 2026-06-19 19:03:35 --> Cannot add or update a child row: a foreign key constraint fails (`liblary`.`peminjaman`, CONSTRAINT `peminjaman_ibfk_1` FOREIGN KEY (`user_id`) REFERENCES `anggota` (`id`))
in SYSTEMPATH\Database\MySQLi\Connection.php on line 300.
 1 SYSTEMPATH\Database\MySQLi\Connection.php(300): mysqli->query('INSERT INTO `peminjaman` (`user_id`, `buku_id`, `tanggal_pinjam`, `status`) VALUES (\'4\', \'3\', \'2026-06-19\', \'Dipinjam\')', 0)
 2 SYSTEMPATH\Database\BaseConnection.php(908): CodeIgniter\Database\MySQLi\Connection->execute('INSERT INTO `peminjaman` (`user_id`, `buku_id`, `tanggal_pinjam`, `status`) VALUES (\'4\', \'3\', \'2026-06-19\', \'Dipinjam\')')
 3 SYSTEMPATH\Database\BaseConnection.php(825): CodeIgniter\Database\BaseConnection->simpleQuery('INSERT INTO `peminjaman` (`user_id`, `buku_id`, `tanggal_pinjam`, `status`) VALUES (\'4\', \'3\', \'2026-06-19\', \'Dipinjam\')')
 4 SYSTEMPATH\Database\BaseBuilder.php(2343): CodeIgniter\Database\BaseConnection->query('INSERT INTO `peminjaman` (`user_id`, `buku_id`, `tanggal_pinjam`, `status`) VALUES (:user_id:, :buku_id:, :tanggal_pinjam:, :status:)', [...], false)
 5 SYSTEMPATH\Model.php(357): CodeIgniter\Database\BaseBuilder->insert()
 6 SYSTEMPATH\BaseModel.php(899): CodeIgniter\Model->doInsert([...])
 7 SYSTEMPATH\Model.php(670): CodeIgniter\BaseModel->insert([...], true)
 8 APPPATH\Controllers\Peminjaman.php(66): CodeIgniter\Model->insert([...])
 9 SYSTEMPATH\CodeIgniter.php(974): App\Controllers\Peminjaman->create()
10 SYSTEMPATH\CodeIgniter.php(520): CodeIgniter\CodeIgniter->runController(Object(App\Controllers\Peminjaman))
11 SYSTEMPATH\CodeIgniter.php(363): CodeIgniter\CodeIgniter->handleRequest(null, Object(Config\Cache), false)
12 SYSTEMPATH\Boot.php(417): CodeIgniter\CodeIgniter->run()
13 SYSTEMPATH\Boot.php(68): CodeIgniter\Boot::runCodeIgniter(Object(CodeIgniter\CodeIgniter))
14 FCPATH\index.php(59): CodeIgniter\Boot::bootWeb(Object(Config\Paths))
15 SYSTEMPATH\rewrite.php(44): require_once('C:\\xampp\\htdocs\\backend-api\\public\\index.php')
CRITICAL - 2026-06-19 19:03:35 --> CodeIgniter\Database\Exceptions\DatabaseException: Cannot add or update a child row: a foreign key constraint fails (`liblary`.`peminjaman`, CONSTRAINT `peminjaman_ibfk_1` FOREIGN KEY (`user_id`) REFERENCES `anggota` (`id`))
[Method: POST, Route: peminjaman]
in SYSTEMPATH\Database\BaseConnection.php on line 863.
 1 SYSTEMPATH\Database\BaseBuilder.php(2343): CodeIgniter\Database\BaseConnection->query('INSERT INTO `peminjaman` (`user_id`, `buku_id`, `tanggal_pinjam`, `status`) VALUES (:user_id:, :buku_id:, :tanggal_pinjam:, :status:)', [...], false)
 2 SYSTEMPATH\Model.php(357): CodeIgniter\Database\BaseBuilder->insert()
 3 SYSTEMPATH\BaseModel.php(899): CodeIgniter\Model->doInsert([...])
 4 SYSTEMPATH\Model.php(670): CodeIgniter\BaseModel->insert([...], true)
 5 APPPATH\Controllers\Peminjaman.php(66): CodeIgniter\Model->insert([...])
 6 SYSTEMPATH\CodeIgniter.php(974): App\Controllers\Peminjaman->create()
 7 SYSTEMPATH\CodeIgniter.php(520): CodeIgniter\CodeIgniter->runController(Object(App\Controllers\Peminjaman))
 8 SYSTEMPATH\CodeIgniter.php(363): CodeIgniter\CodeIgniter->handleRequest(null, Object(Config\Cache), false)
 9 SYSTEMPATH\Boot.php(417): CodeIgniter\CodeIgniter->run()
10 SYSTEMPATH\Boot.php(68): CodeIgniter\Boot::runCodeIgniter(Object(CodeIgniter\CodeIgniter))
11 FCPATH\index.php(59): CodeIgniter\Boot::bootWeb(Object(Config\Paths))
12 SYSTEMPATH\rewrite.php(44): require_once('C:\\xampp\\htdocs\\backend-api\\public\\index.php')
CRITICAL - 2026-06-19 19:03:35 --> [Caused by] CodeIgniter\Database\Exceptions\DatabaseException: Cannot add or update a child row: a foreign key constraint fails (`liblary`.`peminjaman`, CONSTRAINT `peminjaman_ibfk_1` FOREIGN KEY (`user_id`) REFERENCES `anggota` (`id`))
in SYSTEMPATH\Database\MySQLi\Connection.php on line 310.
 1 SYSTEMPATH\Database\BaseConnection.php(908): CodeIgniter\Database\MySQLi\Connection->execute('INSERT INTO `peminjaman` (`user_id`, `buku_id`, `tanggal_pinjam`, `status`) VALUES (\'4\', \'3\', \'2026-06-19\', \'Dipinjam\')')
 2 SYSTEMPATH\Database\BaseConnection.php(825): CodeIgniter\Database\BaseConnection->simpleQuery('INSERT INTO `peminjaman` (`user_id`, `buku_id`, `tanggal_pinjam`, `status`) VALUES (\'4\', \'3\', \'2026-06-19\', \'Dipinjam\')')
 3 SYSTEMPATH\Database\BaseBuilder.php(2343): CodeIgniter\Database\BaseConnection->query('INSERT INTO `peminjaman` (`user_id`, `buku_id`, `tanggal_pinjam`, `status`) VALUES (:user_id:, :buku_id:, :tanggal_pinjam:, :status:)', [...], false)
 4 SYSTEMPATH\Model.php(357): CodeIgniter\Database\BaseBuilder->insert()
 5 SYSTEMPATH\BaseModel.php(899): CodeIgniter\Model->doInsert([...])
 6 SYSTEMPATH\Model.php(670): CodeIgniter\BaseModel->insert([...], true)
 7 APPPATH\Controllers\Peminjaman.php(66): CodeIgniter\Model->insert([...])
 8 SYSTEMPATH\CodeIgniter.php(974): App\Controllers\Peminjaman->create()
 9 SYSTEMPATH\CodeIgniter.php(520): CodeIgniter\CodeIgniter->runController(Object(App\Controllers\Peminjaman))
10 SYSTEMPATH\CodeIgniter.php(363): CodeIgniter\CodeIgniter->handleRequest(null, Object(Config\Cache), false)
11 SYSTEMPATH\Boot.php(417): CodeIgniter\CodeIgniter->run()
12 SYSTEMPATH\Boot.php(68): CodeIgniter\Boot::runCodeIgniter(Object(CodeIgniter\CodeIgniter))
13 FCPATH\index.php(59): CodeIgniter\Boot::bootWeb(Object(Config\Paths))
14 SYSTEMPATH\rewrite.php(44): require_once('C:\\xampp\\htdocs\\backend-api\\public\\index.php')
CRITICAL - 2026-06-19 19:03:35 --> [Caused by] mysqli_sql_exception: Cannot add or update a child row: a foreign key constraint fails (`liblary`.`peminjaman`, CONSTRAINT `peminjaman_ibfk_1` FOREIGN KEY (`user_id`) REFERENCES `anggota` (`id`))
in SYSTEMPATH\Database\MySQLi\Connection.php on line 300.
 1 SYSTEMPATH\Database\MySQLi\Connection.php(300): mysqli->query('INSERT INTO `peminjaman` (`user_id`, `buku_id`, `tanggal_pinjam`, `status`) VALUES (\'4\', \'3\', \'2026-06-19\', \'Dipinjam\')', 0)
 2 SYSTEMPATH\Database\BaseConnection.php(908): CodeIgniter\Database\MySQLi\Connection->execute('INSERT INTO `peminjaman` (`user_id`, `buku_id`, `tanggal_pinjam`, `status`) VALUES (\'4\', \'3\', \'2026-06-19\', \'Dipinjam\')')
 3 SYSTEMPATH\Database\BaseConnection.php(825): CodeIgniter\Database\BaseConnection->simpleQuery('INSERT INTO `peminjaman` (`user_id`, `buku_id`, `tanggal_pinjam`, `status`) VALUES (\'4\', \'3\', \'2026-06-19\', \'Dipinjam\')')
 4 SYSTEMPATH\Database\BaseBuilder.php(2343): CodeIgniter\Database\BaseConnection->query('INSERT INTO `peminjaman` (`user_id`, `buku_id`, `tanggal_pinjam`, `status`) VALUES (:user_id:, :buku_id:, :tanggal_pinjam:, :status:)', [...], false)
 5 SYSTEMPATH\Model.php(357): CodeIgniter\Database\BaseBuilder->insert()
 6 SYSTEMPATH\BaseModel.php(899): CodeIgniter\Model->doInsert([...])
 7 SYSTEMPATH\Model.php(670): CodeIgniter\BaseModel->insert([...], true)
 8 APPPATH\Controllers\Peminjaman.php(66): CodeIgniter\Model->insert([...])
 9 SYSTEMPATH\CodeIgniter.php(974): App\Controllers\Peminjaman->create()
10 SYSTEMPATH\CodeIgniter.php(520): CodeIgniter\CodeIgniter->runController(Object(App\Controllers\Peminjaman))
11 SYSTEMPATH\CodeIgniter.php(363): CodeIgniter\CodeIgniter->handleRequest(null, Object(Config\Cache), false)
12 SYSTEMPATH\Boot.php(417): CodeIgniter\CodeIgniter->run()
13 SYSTEMPATH\Boot.php(68): CodeIgniter\Boot::runCodeIgniter(Object(CodeIgniter\CodeIgniter))
14 FCPATH\index.php(59): CodeIgniter\Boot::bootWeb(Object(Config\Paths))
15 SYSTEMPATH\rewrite.php(44): require_once('C:\\xampp\\htdocs\\backend-api\\public\\index.php')
ERROR - 2026-06-19 19:08:59 --> Cannot add or update a child row: a foreign key constraint fails (`liblary`.`peminjaman`, CONSTRAINT `peminjaman_ibfk_1` FOREIGN KEY (`user_id`) REFERENCES `anggota` (`id`))
in SYSTEMPATH\Database\MySQLi\Connection.php on line 300.
 1 SYSTEMPATH\Database\MySQLi\Connection.php(300): mysqli->query('INSERT INTO `peminjaman` (`user_id`, `buku_id`, `tanggal_pinjam`, `status`) VALUES (\'4\', \'3\', \'2026-06-19\', \'Dipinjam\')', 0)
 2 SYSTEMPATH\Database\BaseConnection.php(908): CodeIgniter\Database\MySQLi\Connection->execute('INSERT INTO `peminjaman` (`user_id`, `buku_id`, `tanggal_pinjam`, `status`) VALUES (\'4\', \'3\', \'2026-06-19\', \'Dipinjam\')')
 3 SYSTEMPATH\Database\BaseConnection.php(825): CodeIgniter\Database\BaseConnection->simpleQuery('INSERT INTO `peminjaman` (`user_id`, `buku_id`, `tanggal_pinjam`, `status`) VALUES (\'4\', \'3\', \'2026-06-19\', \'Dipinjam\')')
 4 SYSTEMPATH\Database\BaseBuilder.php(2343): CodeIgniter\Database\BaseConnection->query('INSERT INTO `peminjaman` (`user_id`, `buku_id`, `tanggal_pinjam`, `status`) VALUES (:user_id:, :buku_id:, :tanggal_pinjam:, :status:)', [...], false)
 5 SYSTEMPATH\Model.php(357): CodeIgniter\Database\BaseBuilder->insert()
 6 SYSTEMPATH\BaseModel.php(899): CodeIgniter\Model->doInsert([...])
 7 SYSTEMPATH\Model.php(670): CodeIgniter\BaseModel->insert([...], true)
 8 APPPATH\Controllers\Peminjaman.php(66): CodeIgniter\Model->insert([...])
 9 SYSTEMPATH\CodeIgniter.php(974): App\Controllers\Peminjaman->create()
10 SYSTEMPATH\CodeIgniter.php(520): CodeIgniter\CodeIgniter->runController(Object(App\Controllers\Peminjaman))
11 SYSTEMPATH\CodeIgniter.php(363): CodeIgniter\CodeIgniter->handleRequest(null, Object(Config\Cache), false)
12 SYSTEMPATH\Boot.php(417): CodeIgniter\CodeIgniter->run()
13 SYSTEMPATH\Boot.php(68): CodeIgniter\Boot::runCodeIgniter(Object(CodeIgniter\CodeIgniter))
14 FCPATH\index.php(59): CodeIgniter\Boot::bootWeb(Object(Config\Paths))
15 SYSTEMPATH\rewrite.php(44): require_once('C:\\xampp\\htdocs\\backend-api\\public\\index.php')
CRITICAL - 2026-06-19 19:08:59 --> CodeIgniter\Database\Exceptions\DatabaseException: Cannot add or update a child row: a foreign key constraint fails (`liblary`.`peminjaman`, CONSTRAINT `peminjaman_ibfk_1` FOREIGN KEY (`user_id`) REFERENCES `anggota` (`id`))
[Method: POST, Route: peminjaman]
in SYSTEMPATH\Database\BaseConnection.php on line 863.
 1 SYSTEMPATH\Database\BaseBuilder.php(2343): CodeIgniter\Database\BaseConnection->query('INSERT INTO `peminjaman` (`user_id`, `buku_id`, `tanggal_pinjam`, `status`) VALUES (:user_id:, :buku_id:, :tanggal_pinjam:, :status:)', [...], false)
 2 SYSTEMPATH\Model.php(357): CodeIgniter\Database\BaseBuilder->insert()
 3 SYSTEMPATH\BaseModel.php(899): CodeIgniter\Model->doInsert([...])
 4 SYSTEMPATH\Model.php(670): CodeIgniter\BaseModel->insert([...], true)
 5 APPPATH\Controllers\Peminjaman.php(66): CodeIgniter\Model->insert([...])
 6 SYSTEMPATH\CodeIgniter.php(974): App\Controllers\Peminjaman->create()
 7 SYSTEMPATH\CodeIgniter.php(520): CodeIgniter\CodeIgniter->runController(Object(App\Controllers\Peminjaman))
 8 SYSTEMPATH\CodeIgniter.php(363): CodeIgniter\CodeIgniter->handleRequest(null, Object(Config\Cache), false)
 9 SYSTEMPATH\Boot.php(417): CodeIgniter\CodeIgniter->run()
10 SYSTEMPATH\Boot.php(68): CodeIgniter\Boot::runCodeIgniter(Object(CodeIgniter\CodeIgniter))
11 FCPATH\index.php(59): CodeIgniter\Boot::bootWeb(Object(Config\Paths))
12 SYSTEMPATH\rewrite.php(44): require_once('C:\\xampp\\htdocs\\backend-api\\public\\index.php')
CRITICAL - 2026-06-19 19:08:59 --> [Caused by] CodeIgniter\Database\Exceptions\DatabaseException: Cannot add or update a child row: a foreign key constraint fails (`liblary`.`peminjaman`, CONSTRAINT `peminjaman_ibfk_1` FOREIGN KEY (`user_id`) REFERENCES `anggota` (`id`))
in SYSTEMPATH\Database\MySQLi\Connection.php on line 310.
 1 SYSTEMPATH\Database\BaseConnection.php(908): CodeIgniter\Database\MySQLi\Connection->execute('INSERT INTO `peminjaman` (`user_id`, `buku_id`, `tanggal_pinjam`, `status`) VALUES (\'4\', \'3\', \'2026-06-19\', \'Dipinjam\')')
 2 SYSTEMPATH\Database\BaseConnection.php(825): CodeIgniter\Database\BaseConnection->simpleQuery('INSERT INTO `peminjaman` (`user_id`, `buku_id`, `tanggal_pinjam`, `status`) VALUES (\'4\', \'3\', \'2026-06-19\', \'Dipinjam\')')
 3 SYSTEMPATH\Database\BaseBuilder.php(2343): CodeIgniter\Database\BaseConnection->query('INSERT INTO `peminjaman` (`user_id`, `buku_id`, `tanggal_pinjam`, `status`) VALUES (:user_id:, :buku_id:, :tanggal_pinjam:, :status:)', [...], false)
 4 SYSTEMPATH\Model.php(357): CodeIgniter\Database\BaseBuilder->insert()
 5 SYSTEMPATH\BaseModel.php(899): CodeIgniter\Model->doInsert([...])
 6 SYSTEMPATH\Model.php(670): CodeIgniter\BaseModel->insert([...], true)
 7 APPPATH\Controllers\Peminjaman.php(66): CodeIgniter\Model->insert([...])
 8 SYSTEMPATH\CodeIgniter.php(974): App\Controllers\Peminjaman->create()
 9 SYSTEMPATH\CodeIgniter.php(520): CodeIgniter\CodeIgniter->runController(Object(App\Controllers\Peminjaman))
10 SYSTEMPATH\CodeIgniter.php(363): CodeIgniter\CodeIgniter->handleRequest(null, Object(Config\Cache), false)
11 SYSTEMPATH\Boot.php(417): CodeIgniter\CodeIgniter->run()
12 SYSTEMPATH\Boot.php(68): CodeIgniter\Boot::runCodeIgniter(Object(CodeIgniter\CodeIgniter))
13 FCPATH\index.php(59): CodeIgniter\Boot::bootWeb(Object(Config\Paths))
14 SYSTEMPATH\rewrite.php(44): require_once('C:\\xampp\\htdocs\\backend-api\\public\\index.php')
CRITICAL - 2026-06-19 19:08:59 --> [Caused by] mysqli_sql_exception: Cannot add or update a child row: a foreign key constraint fails (`liblary`.`peminjaman`, CONSTRAINT `peminjaman_ibfk_1` FOREIGN KEY (`user_id`) REFERENCES `anggota` (`id`))
in SYSTEMPATH\Database\MySQLi\Connection.php on line 300.
 1 SYSTEMPATH\Database\MySQLi\Connection.php(300): mysqli->query('INSERT INTO `peminjaman` (`user_id`, `buku_id`, `tanggal_pinjam`, `status`) VALUES (\'4\', \'3\', \'2026-06-19\', \'Dipinjam\')', 0)
 2 SYSTEMPATH\Database\BaseConnection.php(908): CodeIgniter\Database\MySQLi\Connection->execute('INSERT INTO `peminjaman` (`user_id`, `buku_id`, `tanggal_pinjam`, `status`) VALUES (\'4\', \'3\', \'2026-06-19\', \'Dipinjam\')')
 3 SYSTEMPATH\Database\BaseConnection.php(825): CodeIgniter\Database\BaseConnection->simpleQuery('INSERT INTO `peminjaman` (`user_id`, `buku_id`, `tanggal_pinjam`, `status`) VALUES (\'4\', \'3\', \'2026-06-19\', \'Dipinjam\')')
 4 SYSTEMPATH\Database\BaseBuilder.php(2343): CodeIgniter\Database\BaseConnection->query('INSERT INTO `peminjaman` (`user_id`, `buku_id`, `tanggal_pinjam`, `status`) VALUES (:user_id:, :buku_id:, :tanggal_pinjam:, :status:)', [...], false)
 5 SYSTEMPATH\Model.php(357): CodeIgniter\Database\BaseBuilder->insert()
 6 SYSTEMPATH\BaseModel.php(899): CodeIgniter\Model->doInsert([...])
 7 SYSTEMPATH\Model.php(670): CodeIgniter\BaseModel->insert([...], true)
 8 APPPATH\Controllers\Peminjaman.php(66): CodeIgniter\Model->insert([...])
 9 SYSTEMPATH\CodeIgniter.php(974): App\Controllers\Peminjaman->create()
10 SYSTEMPATH\CodeIgniter.php(520): CodeIgniter\CodeIgniter->runController(Object(App\Controllers\Peminjaman))
11 SYSTEMPATH\CodeIgniter.php(363): CodeIgniter\CodeIgniter->handleRequest(null, Object(Config\Cache), false)
12 SYSTEMPATH\Boot.php(417): CodeIgniter\CodeIgniter->run()
13 SYSTEMPATH\Boot.php(68): CodeIgniter\Boot::runCodeIgniter(Object(CodeIgniter\CodeIgniter))
14 FCPATH\index.php(59): CodeIgniter\Boot::bootWeb(Object(Config\Paths))
15 SYSTEMPATH\rewrite.php(44): require_once('C:\\xampp\\htdocs\\backend-api\\public\\index.php')
ERROR - 2026-06-19 19:09:32 --> Cannot add or update a child row: a foreign key constraint fails (`liblary`.`peminjaman`, CONSTRAINT `peminjaman_ibfk_1` FOREIGN KEY (`user_id`) REFERENCES `anggota` (`id`))
in SYSTEMPATH\Database\MySQLi\Connection.php on line 300.
 1 SYSTEMPATH\Database\MySQLi\Connection.php(300): mysqli->query('INSERT INTO `peminjaman` (`user_id`, `buku_id`, `tanggal_pinjam`, `status`) VALUES (\'4\', \'3\', \'2026-06-19\', \'Dipinjam\')', 0)
 2 SYSTEMPATH\Database\BaseConnection.php(908): CodeIgniter\Database\MySQLi\Connection->execute('INSERT INTO `peminjaman` (`user_id`, `buku_id`, `tanggal_pinjam`, `status`) VALUES (\'4\', \'3\', \'2026-06-19\', \'Dipinjam\')')
 3 SYSTEMPATH\Database\BaseConnection.php(825): CodeIgniter\Database\BaseConnection->simpleQuery('INSERT INTO `peminjaman` (`user_id`, `buku_id`, `tanggal_pinjam`, `status`) VALUES (\'4\', \'3\', \'2026-06-19\', \'Dipinjam\')')
 4 SYSTEMPATH\Database\BaseBuilder.php(2343): CodeIgniter\Database\BaseConnection->query('INSERT INTO `peminjaman` (`user_id`, `buku_id`, `tanggal_pinjam`, `status`) VALUES (:user_id:, :buku_id:, :tanggal_pinjam:, :status:)', [...], false)
 5 SYSTEMPATH\Model.php(357): CodeIgniter\Database\BaseBuilder->insert()
 6 SYSTEMPATH\BaseModel.php(899): CodeIgniter\Model->doInsert([...])
 7 SYSTEMPATH\Model.php(670): CodeIgniter\BaseModel->insert([...], true)
 8 APPPATH\Controllers\Peminjaman.php(66): CodeIgniter\Model->insert([...])
 9 SYSTEMPATH\CodeIgniter.php(974): App\Controllers\Peminjaman->create()
10 SYSTEMPATH\CodeIgniter.php(520): CodeIgniter\CodeIgniter->runController(Object(App\Controllers\Peminjaman))
11 SYSTEMPATH\CodeIgniter.php(363): CodeIgniter\CodeIgniter->handleRequest(null, Object(Config\Cache), false)
12 SYSTEMPATH\Boot.php(417): CodeIgniter\CodeIgniter->run()
13 SYSTEMPATH\Boot.php(68): CodeIgniter\Boot::runCodeIgniter(Object(CodeIgniter\CodeIgniter))
14 FCPATH\index.php(59): CodeIgniter\Boot::bootWeb(Object(Config\Paths))
15 SYSTEMPATH\rewrite.php(44): require_once('C:\\xampp\\htdocs\\backend-api\\public\\index.php')
CRITICAL - 2026-06-19 19:09:32 --> CodeIgniter\Database\Exceptions\DatabaseException: Cannot add or update a child row: a foreign key constraint fails (`liblary`.`peminjaman`, CONSTRAINT `peminjaman_ibfk_1` FOREIGN KEY (`user_id`) REFERENCES `anggota` (`id`))
[Method: POST, Route: peminjaman]
in SYSTEMPATH\Database\BaseConnection.php on line 863.
 1 SYSTEMPATH\Database\BaseBuilder.php(2343): CodeIgniter\Database\BaseConnection->query('INSERT INTO `peminjaman` (`user_id`, `buku_id`, `tanggal_pinjam`, `status`) VALUES (:user_id:, :buku_id:, :tanggal_pinjam:, :status:)', [...], false)
 2 SYSTEMPATH\Model.php(357): CodeIgniter\Database\BaseBuilder->insert()
 3 SYSTEMPATH\BaseModel.php(899): CodeIgniter\Model->doInsert([...])
 4 SYSTEMPATH\Model.php(670): CodeIgniter\BaseModel->insert([...], true)
 5 APPPATH\Controllers\Peminjaman.php(66): CodeIgniter\Model->insert([...])
 6 SYSTEMPATH\CodeIgniter.php(974): App\Controllers\Peminjaman->create()
 7 SYSTEMPATH\CodeIgniter.php(520): CodeIgniter\CodeIgniter->runController(Object(App\Controllers\Peminjaman))
 8 SYSTEMPATH\CodeIgniter.php(363): CodeIgniter\CodeIgniter->handleRequest(null, Object(Config\Cache), false)
 9 SYSTEMPATH\Boot.php(417): CodeIgniter\CodeIgniter->run()
10 SYSTEMPATH\Boot.php(68): CodeIgniter\Boot::runCodeIgniter(Object(CodeIgniter\CodeIgniter))
11 FCPATH\index.php(59): CodeIgniter\Boot::bootWeb(Object(Config\Paths))
12 SYSTEMPATH\rewrite.php(44): require_once('C:\\xampp\\htdocs\\backend-api\\public\\index.php')
CRITICAL - 2026-06-19 19:09:32 --> [Caused by] CodeIgniter\Database\Exceptions\DatabaseException: Cannot add or update a child row: a foreign key constraint fails (`liblary`.`peminjaman`, CONSTRAINT `peminjaman_ibfk_1` FOREIGN KEY (`user_id`) REFERENCES `anggota` (`id`))
in SYSTEMPATH\Database\MySQLi\Connection.php on line 310.
 1 SYSTEMPATH\Database\BaseConnection.php(908): CodeIgniter\Database\MySQLi\Connection->execute('INSERT INTO `peminjaman` (`user_id`, `buku_id`, `tanggal_pinjam`, `status`) VALUES (\'4\', \'3\', \'2026-06-19\', \'Dipinjam\')')
 2 SYSTEMPATH\Database\BaseConnection.php(825): CodeIgniter\Database\BaseConnection->simpleQuery('INSERT INTO `peminjaman` (`user_id`, `buku_id`, `tanggal_pinjam`, `status`) VALUES (\'4\', \'3\', \'2026-06-19\', \'Dipinjam\')')
 3 SYSTEMPATH\Database\BaseBuilder.php(2343): CodeIgniter\Database\BaseConnection->query('INSERT INTO `peminjaman` (`user_id`, `buku_id`, `tanggal_pinjam`, `status`) VALUES (:user_id:, :buku_id:, :tanggal_pinjam:, :status:)', [...], false)
 4 SYSTEMPATH\Model.php(357): CodeIgniter\Database\BaseBuilder->insert()
 5 SYSTEMPATH\BaseModel.php(899): CodeIgniter\Model->doInsert([...])
 6 SYSTEMPATH\Model.php(670): CodeIgniter\BaseModel->insert([...], true)
 7 APPPATH\Controllers\Peminjaman.php(66): CodeIgniter\Model->insert([...])
 8 SYSTEMPATH\CodeIgniter.php(974): App\Controllers\Peminjaman->create()
 9 SYSTEMPATH\CodeIgniter.php(520): CodeIgniter\CodeIgniter->runController(Object(App\Controllers\Peminjaman))
10 SYSTEMPATH\CodeIgniter.php(363): CodeIgniter\CodeIgniter->handleRequest(null, Object(Config\Cache), false)
11 SYSTEMPATH\Boot.php(417): CodeIgniter\CodeIgniter->run()
12 SYSTEMPATH\Boot.php(68): CodeIgniter\Boot::runCodeIgniter(Object(CodeIgniter\CodeIgniter))
13 FCPATH\index.php(59): CodeIgniter\Boot::bootWeb(Object(Config\Paths))
14 SYSTEMPATH\rewrite.php(44): require_once('C:\\xampp\\htdocs\\backend-api\\public\\index.php')
CRITICAL - 2026-06-19 19:09:32 --> [Caused by] mysqli_sql_exception: Cannot add or update a child row: a foreign key constraint fails (`liblary`.`peminjaman`, CONSTRAINT `peminjaman_ibfk_1` FOREIGN KEY (`user_id`) REFERENCES `anggota` (`id`))
in SYSTEMPATH\Database\MySQLi\Connection.php on line 300.
 1 SYSTEMPATH\Database\MySQLi\Connection.php(300): mysqli->query('INSERT INTO `peminjaman` (`user_id`, `buku_id`, `tanggal_pinjam`, `status`) VALUES (\'4\', \'3\', \'2026-06-19\', \'Dipinjam\')', 0)
 2 SYSTEMPATH\Database\BaseConnection.php(908): CodeIgniter\Database\MySQLi\Connection->execute('INSERT INTO `peminjaman` (`user_id`, `buku_id`, `tanggal_pinjam`, `status`) VALUES (\'4\', \'3\', \'2026-06-19\', \'Dipinjam\')')
 3 SYSTEMPATH\Database\BaseConnection.php(825): CodeIgniter\Database\BaseConnection->simpleQuery('INSERT INTO `peminjaman` (`user_id`, `buku_id`, `tanggal_pinjam`, `status`) VALUES (\'4\', \'3\', \'2026-06-19\', \'Dipinjam\')')
 4 SYSTEMPATH\Database\BaseBuilder.php(2343): CodeIgniter\Database\BaseConnection->query('INSERT INTO `peminjaman` (`user_id`, `buku_id`, `tanggal_pinjam`, `status`) VALUES (:user_id:, :buku_id:, :tanggal_pinjam:, :status:)', [...], false)
 5 SYSTEMPATH\Model.php(357): CodeIgniter\Database\BaseBuilder->insert()
 6 SYSTEMPATH\BaseModel.php(899): CodeIgniter\Model->doInsert([...])
 7 SYSTEMPATH\Model.php(670): CodeIgniter\BaseModel->insert([...], true)
 8 APPPATH\Controllers\Peminjaman.php(66): CodeIgniter\Model->insert([...])
 9 SYSTEMPATH\CodeIgniter.php(974): App\Controllers\Peminjaman->create()
10 SYSTEMPATH\CodeIgniter.php(520): CodeIgniter\CodeIgniter->runController(Object(App\Controllers\Peminjaman))
11 SYSTEMPATH\CodeIgniter.php(363): CodeIgniter\CodeIgniter->handleRequest(null, Object(Config\Cache), false)
12 SYSTEMPATH\Boot.php(417): CodeIgniter\CodeIgniter->run()
13 SYSTEMPATH\Boot.php(68): CodeIgniter\Boot::runCodeIgniter(Object(CodeIgniter\CodeIgniter))
14 FCPATH\index.php(59): CodeIgniter\Boot::bootWeb(Object(Config\Paths))
15 SYSTEMPATH\rewrite.php(44): require_once('C:\\xampp\\htdocs\\backend-api\\public\\index.php')
ERROR - 2026-06-19 19:12:18 --> Cannot add or update a child row: a foreign key constraint fails (`liblary`.`peminjaman`, CONSTRAINT `peminjaman_ibfk_1` FOREIGN KEY (`user_id`) REFERENCES `anggota` (`id`))
in SYSTEMPATH\Database\MySQLi\Connection.php on line 300.
 1 SYSTEMPATH\Database\MySQLi\Connection.php(300): mysqli->query('INSERT INTO `peminjaman` (`user_id`, `buku_id`, `tanggal_pinjam`, `tanggal_kembali`, `status`) VALUES (\'4\', \'3\', \'2026-06-19\', NULL, \'Dipinjam\')', 0)
 2 SYSTEMPATH\Database\BaseConnection.php(908): CodeIgniter\Database\MySQLi\Connection->execute('INSERT INTO `peminjaman` (`user_id`, `buku_id`, `tanggal_pinjam`, `tanggal_kembali`, `status`) VALUES (\'4\', \'3\', \'2026-06-19\', NULL, \'Dipinjam\')')
 3 SYSTEMPATH\Database\BaseConnection.php(825): CodeIgniter\Database\BaseConnection->simpleQuery('INSERT INTO `peminjaman` (`user_id`, `buku_id`, `tanggal_pinjam`, `tanggal_kembali`, `status`) VALUES (\'4\', \'3\', \'2026-06-19\', NULL, \'Dipinjam\')')
 4 SYSTEMPATH\Database\BaseBuilder.php(2343): CodeIgniter\Database\BaseConnection->query('INSERT INTO `peminjaman` (`user_id`, `buku_id`, `tanggal_pinjam`, `tanggal_kembali`, `status`) VALUES (:user_id:, :buku_id:, :tanggal_pinjam:, :tanggal_kembali:, :status:)', [...], false)
 5 SYSTEMPATH\Model.php(357): CodeIgniter\Database\BaseBuilder->insert()
 6 SYSTEMPATH\BaseModel.php(899): CodeIgniter\Model->doInsert([...])
 7 SYSTEMPATH\Model.php(670): CodeIgniter\BaseModel->insert([...], true)
 8 APPPATH\Controllers\Peminjaman.php(76): CodeIgniter\Model->insert([...])
 9 SYSTEMPATH\CodeIgniter.php(974): App\Controllers\Peminjaman->create()
10 SYSTEMPATH\CodeIgniter.php(520): CodeIgniter\CodeIgniter->runController(Object(App\Controllers\Peminjaman))
11 SYSTEMPATH\CodeIgniter.php(363): CodeIgniter\CodeIgniter->handleRequest(null, Object(Config\Cache), false)
12 SYSTEMPATH\Boot.php(417): CodeIgniter\CodeIgniter->run()
13 SYSTEMPATH\Boot.php(68): CodeIgniter\Boot::runCodeIgniter(Object(CodeIgniter\CodeIgniter))
14 FCPATH\index.php(59): CodeIgniter\Boot::bootWeb(Object(Config\Paths))
15 SYSTEMPATH\rewrite.php(44): require_once('C:\\xampp\\htdocs\\backend-api\\public\\index.php')
CRITICAL - 2026-06-19 19:12:18 --> CodeIgniter\Database\Exceptions\DatabaseException: Cannot add or update a child row: a foreign key constraint fails (`liblary`.`peminjaman`, CONSTRAINT `peminjaman_ibfk_1` FOREIGN KEY (`user_id`) REFERENCES `anggota` (`id`))
[Method: POST, Route: peminjaman]
in SYSTEMPATH\Database\BaseConnection.php on line 863.
 1 SYSTEMPATH\Database\BaseBuilder.php(2343): CodeIgniter\Database\BaseConnection->query('INSERT INTO `peminjaman` (`user_id`, `buku_id`, `tanggal_pinjam`, `tanggal_kembali`, `status`) VALUES (:user_id:, :buku_id:, :tanggal_pinjam:, :tanggal_kembali:, :status:)', [...], false)
 2 SYSTEMPATH\Model.php(357): CodeIgniter\Database\BaseBuilder->insert()
 3 SYSTEMPATH\BaseModel.php(899): CodeIgniter\Model->doInsert([...])
 4 SYSTEMPATH\Model.php(670): CodeIgniter\BaseModel->insert([...], true)
 5 APPPATH\Controllers\Peminjaman.php(76): CodeIgniter\Model->insert([...])
 6 SYSTEMPATH\CodeIgniter.php(974): App\Controllers\Peminjaman->create()
 7 SYSTEMPATH\CodeIgniter.php(520): CodeIgniter\CodeIgniter->runController(Object(App\Controllers\Peminjaman))
 8 SYSTEMPATH\CodeIgniter.php(363): CodeIgniter\CodeIgniter->handleRequest(null, Object(Config\Cache), false)
 9 SYSTEMPATH\Boot.php(417): CodeIgniter\CodeIgniter->run()
10 SYSTEMPATH\Boot.php(68): CodeIgniter\Boot::runCodeIgniter(Object(CodeIgniter\CodeIgniter))
11 FCPATH\index.php(59): CodeIgniter\Boot::bootWeb(Object(Config\Paths))
12 SYSTEMPATH\rewrite.php(44): require_once('C:\\xampp\\htdocs\\backend-api\\public\\index.php')
CRITICAL - 2026-06-19 19:12:18 --> [Caused by] CodeIgniter\Database\Exceptions\DatabaseException: Cannot add or update a child row: a foreign key constraint fails (`liblary`.`peminjaman`, CONSTRAINT `peminjaman_ibfk_1` FOREIGN KEY (`user_id`) REFERENCES `anggota` (`id`))
in SYSTEMPATH\Database\MySQLi\Connection.php on line 310.
 1 SYSTEMPATH\Database\BaseConnection.php(908): CodeIgniter\Database\MySQLi\Connection->execute('INSERT INTO `peminjaman` (`user_id`, `buku_id`, `tanggal_pinjam`, `tanggal_kembali`, `status`) VALUES (\'4\', \'3\', \'2026-06-19\', NULL, \'Dipinjam\')')
 2 SYSTEMPATH\Database\BaseConnection.php(825): CodeIgniter\Database\BaseConnection->simpleQuery('INSERT INTO `peminjaman` (`user_id`, `buku_id`, `tanggal_pinjam`, `tanggal_kembali`, `status`) VALUES (\'4\', \'3\', \'2026-06-19\', NULL, \'Dipinjam\')')
 3 SYSTEMPATH\Database\BaseBuilder.php(2343): CodeIgniter\Database\BaseConnection->query('INSERT INTO `peminjaman` (`user_id`, `buku_id`, `tanggal_pinjam`, `tanggal_kembali`, `status`) VALUES (:user_id:, :buku_id:, :tanggal_pinjam:, :tanggal_kembali:, :status:)', [...], false)
 4 SYSTEMPATH\Model.php(357): CodeIgniter\Database\BaseBuilder->insert()
 5 SYSTEMPATH\BaseModel.php(899): CodeIgniter\Model->doInsert([...])
 6 SYSTEMPATH\Model.php(670): CodeIgniter\BaseModel->insert([...], true)
 7 APPPATH\Controllers\Peminjaman.php(76): CodeIgniter\Model->insert([...])
 8 SYSTEMPATH\CodeIgniter.php(974): App\Controllers\Peminjaman->create()
 9 SYSTEMPATH\CodeIgniter.php(520): CodeIgniter\CodeIgniter->runController(Object(App\Controllers\Peminjaman))
10 SYSTEMPATH\CodeIgniter.php(363): CodeIgniter\CodeIgniter->handleRequest(null, Object(Config\Cache), false)
11 SYSTEMPATH\Boot.php(417): CodeIgniter\CodeIgniter->run()
12 SYSTEMPATH\Boot.php(68): CodeIgniter\Boot::runCodeIgniter(Object(CodeIgniter\CodeIgniter))
13 FCPATH\index.php(59): CodeIgniter\Boot::bootWeb(Object(Config\Paths))
14 SYSTEMPATH\rewrite.php(44): require_once('C:\\xampp\\htdocs\\backend-api\\public\\index.php')
CRITICAL - 2026-06-19 19:12:18 --> [Caused by] mysqli_sql_exception: Cannot add or update a child row: a foreign key constraint fails (`liblary`.`peminjaman`, CONSTRAINT `peminjaman_ibfk_1` FOREIGN KEY (`user_id`) REFERENCES `anggota` (`id`))
in SYSTEMPATH\Database\MySQLi\Connection.php on line 300.
 1 SYSTEMPATH\Database\MySQLi\Connection.php(300): mysqli->query('INSERT INTO `peminjaman` (`user_id`, `buku_id`, `tanggal_pinjam`, `tanggal_kembali`, `status`) VALUES (\'4\', \'3\', \'2026-06-19\', NULL, \'Dipinjam\')', 0)
 2 SYSTEMPATH\Database\BaseConnection.php(908): CodeIgniter\Database\MySQLi\Connection->execute('INSERT INTO `peminjaman` (`user_id`, `buku_id`, `tanggal_pinjam`, `tanggal_kembali`, `status`) VALUES (\'4\', \'3\', \'2026-06-19\', NULL, \'Dipinjam\')')
 3 SYSTEMPATH\Database\BaseConnection.php(825): CodeIgniter\Database\BaseConnection->simpleQuery('INSERT INTO `peminjaman` (`user_id`, `buku_id`, `tanggal_pinjam`, `tanggal_kembali`, `status`) VALUES (\'4\', \'3\', \'2026-06-19\', NULL, \'Dipinjam\')')
 4 SYSTEMPATH\Database\BaseBuilder.php(2343): CodeIgniter\Database\BaseConnection->query('INSERT INTO `peminjaman` (`user_id`, `buku_id`, `tanggal_pinjam`, `tanggal_kembali`, `status`) VALUES (:user_id:, :buku_id:, :tanggal_pinjam:, :tanggal_kembali:, :status:)', [...], false)
 5 SYSTEMPATH\Model.php(357): CodeIgniter\Database\BaseBuilder->insert()
 6 SYSTEMPATH\BaseModel.php(899): CodeIgniter\Model->doInsert([...])
 7 SYSTEMPATH\Model.php(670): CodeIgniter\BaseModel->insert([...], true)
 8 APPPATH\Controllers\Peminjaman.php(76): CodeIgniter\Model->insert([...])
 9 SYSTEMPATH\CodeIgniter.php(974): App\Controllers\Peminjaman->create()
10 SYSTEMPATH\CodeIgniter.php(520): CodeIgniter\CodeIgniter->runController(Object(App\Controllers\Peminjaman))
11 SYSTEMPATH\CodeIgniter.php(363): CodeIgniter\CodeIgniter->handleRequest(null, Object(Config\Cache), false)
12 SYSTEMPATH\Boot.php(417): CodeIgniter\CodeIgniter->run()
13 SYSTEMPATH\Boot.php(68): CodeIgniter\Boot::runCodeIgniter(Object(CodeIgniter\CodeIgniter))
14 FCPATH\index.php(59): CodeIgniter\Boot::bootWeb(Object(Config\Paths))
15 SYSTEMPATH\rewrite.php(44): require_once('C:\\xampp\\htdocs\\backend-api\\public\\index.php')
ERROR - 2026-06-19 19:12:29 --> Cannot add or update a child row: a foreign key constraint fails (`liblary`.`peminjaman`, CONSTRAINT `peminjaman_ibfk_1` FOREIGN KEY (`user_id`) REFERENCES `anggota` (`id`))
in SYSTEMPATH\Database\MySQLi\Connection.php on line 300.
 1 SYSTEMPATH\Database\MySQLi\Connection.php(300): mysqli->query('INSERT INTO `peminjaman` (`user_id`, `buku_id`, `tanggal_pinjam`, `tanggal_kembali`, `status`) VALUES (\'4\', \'3\', \'2026-06-19\', NULL, \'Dipinjam\')', 0)
 2 SYSTEMPATH\Database\BaseConnection.php(908): CodeIgniter\Database\MySQLi\Connection->execute('INSERT INTO `peminjaman` (`user_id`, `buku_id`, `tanggal_pinjam`, `tanggal_kembali`, `status`) VALUES (\'4\', \'3\', \'2026-06-19\', NULL, \'Dipinjam\')')
 3 SYSTEMPATH\Database\BaseConnection.php(825): CodeIgniter\Database\BaseConnection->simpleQuery('INSERT INTO `peminjaman` (`user_id`, `buku_id`, `tanggal_pinjam`, `tanggal_kembali`, `status`) VALUES (\'4\', \'3\', \'2026-06-19\', NULL, \'Dipinjam\')')
 4 SYSTEMPATH\Database\BaseBuilder.php(2343): CodeIgniter\Database\BaseConnection->query('INSERT INTO `peminjaman` (`user_id`, `buku_id`, `tanggal_pinjam`, `tanggal_kembali`, `status`) VALUES (:user_id:, :buku_id:, :tanggal_pinjam:, :tanggal_kembali:, :status:)', [...], false)
 5 SYSTEMPATH\Model.php(357): CodeIgniter\Database\BaseBuilder->insert()
 6 SYSTEMPATH\BaseModel.php(899): CodeIgniter\Model->doInsert([...])
 7 SYSTEMPATH\Model.php(670): CodeIgniter\BaseModel->insert([...], true)
 8 APPPATH\Controllers\Peminjaman.php(76): CodeIgniter\Model->insert([...])
 9 SYSTEMPATH\CodeIgniter.php(974): App\Controllers\Peminjaman->create()
10 SYSTEMPATH\CodeIgniter.php(520): CodeIgniter\CodeIgniter->runController(Object(App\Controllers\Peminjaman))
11 SYSTEMPATH\CodeIgniter.php(363): CodeIgniter\CodeIgniter->handleRequest(null, Object(Config\Cache), false)
12 SYSTEMPATH\Boot.php(417): CodeIgniter\CodeIgniter->run()
13 SYSTEMPATH\Boot.php(68): CodeIgniter\Boot::runCodeIgniter(Object(CodeIgniter\CodeIgniter))
14 FCPATH\index.php(59): CodeIgniter\Boot::bootWeb(Object(Config\Paths))
15 SYSTEMPATH\rewrite.php(44): require_once('C:\\xampp\\htdocs\\backend-api\\public\\index.php')
CRITICAL - 2026-06-19 19:12:29 --> CodeIgniter\Database\Exceptions\DatabaseException: Cannot add or update a child row: a foreign key constraint fails (`liblary`.`peminjaman`, CONSTRAINT `peminjaman_ibfk_1` FOREIGN KEY (`user_id`) REFERENCES `anggota` (`id`))
[Method: POST, Route: peminjaman]
in SYSTEMPATH\Database\BaseConnection.php on line 863.
 1 SYSTEMPATH\Database\BaseBuilder.php(2343): CodeIgniter\Database\BaseConnection->query('INSERT INTO `peminjaman` (`user_id`, `buku_id`, `tanggal_pinjam`, `tanggal_kembali`, `status`) VALUES (:user_id:, :buku_id:, :tanggal_pinjam:, :tanggal_kembali:, :status:)', [...], false)
 2 SYSTEMPATH\Model.php(357): CodeIgniter\Database\BaseBuilder->insert()
 3 SYSTEMPATH\BaseModel.php(899): CodeIgniter\Model->doInsert([...])
 4 SYSTEMPATH\Model.php(670): CodeIgniter\BaseModel->insert([...], true)
 5 APPPATH\Controllers\Peminjaman.php(76): CodeIgniter\Model->insert([...])
 6 SYSTEMPATH\CodeIgniter.php(974): App\Controllers\Peminjaman->create()
 7 SYSTEMPATH\CodeIgniter.php(520): CodeIgniter\CodeIgniter->runController(Object(App\Controllers\Peminjaman))
 8 SYSTEMPATH\CodeIgniter.php(363): CodeIgniter\CodeIgniter->handleRequest(null, Object(Config\Cache), false)
 9 SYSTEMPATH\Boot.php(417): CodeIgniter\CodeIgniter->run()
10 SYSTEMPATH\Boot.php(68): CodeIgniter\Boot::runCodeIgniter(Object(CodeIgniter\CodeIgniter))
11 FCPATH\index.php(59): CodeIgniter\Boot::bootWeb(Object(Config\Paths))
12 SYSTEMPATH\rewrite.php(44): require_once('C:\\xampp\\htdocs\\backend-api\\public\\index.php')
CRITICAL - 2026-06-19 19:12:29 --> [Caused by] CodeIgniter\Database\Exceptions\DatabaseException: Cannot add or update a child row: a foreign key constraint fails (`liblary`.`peminjaman`, CONSTRAINT `peminjaman_ibfk_1` FOREIGN KEY (`user_id`) REFERENCES `anggota` (`id`))
in SYSTEMPATH\Database\MySQLi\Connection.php on line 310.
 1 SYSTEMPATH\Database\BaseConnection.php(908): CodeIgniter\Database\MySQLi\Connection->execute('INSERT INTO `peminjaman` (`user_id`, `buku_id`, `tanggal_pinjam`, `tanggal_kembali`, `status`) VALUES (\'4\', \'3\', \'2026-06-19\', NULL, \'Dipinjam\')')
 2 SYSTEMPATH\Database\BaseConnection.php(825): CodeIgniter\Database\BaseConnection->simpleQuery('INSERT INTO `peminjaman` (`user_id`, `buku_id`, `tanggal_pinjam`, `tanggal_kembali`, `status`) VALUES (\'4\', \'3\', \'2026-06-19\', NULL, \'Dipinjam\')')
 3 SYSTEMPATH\Database\BaseBuilder.php(2343): CodeIgniter\Database\BaseConnection->query('INSERT INTO `peminjaman` (`user_id`, `buku_id`, `tanggal_pinjam`, `tanggal_kembali`, `status`) VALUES (:user_id:, :buku_id:, :tanggal_pinjam:, :tanggal_kembali:, :status:)', [...], false)
 4 SYSTEMPATH\Model.php(357): CodeIgniter\Database\BaseBuilder->insert()
 5 SYSTEMPATH\BaseModel.php(899): CodeIgniter\Model->doInsert([...])
 6 SYSTEMPATH\Model.php(670): CodeIgniter\BaseModel->insert([...], true)
 7 APPPATH\Controllers\Peminjaman.php(76): CodeIgniter\Model->insert([...])
 8 SYSTEMPATH\CodeIgniter.php(974): App\Controllers\Peminjaman->create()
 9 SYSTEMPATH\CodeIgniter.php(520): CodeIgniter\CodeIgniter->runController(Object(App\Controllers\Peminjaman))
10 SYSTEMPATH\CodeIgniter.php(363): CodeIgniter\CodeIgniter->handleRequest(null, Object(Config\Cache), false)
11 SYSTEMPATH\Boot.php(417): CodeIgniter\CodeIgniter->run()
12 SYSTEMPATH\Boot.php(68): CodeIgniter\Boot::runCodeIgniter(Object(CodeIgniter\CodeIgniter))
13 FCPATH\index.php(59): CodeIgniter\Boot::bootWeb(Object(Config\Paths))
14 SYSTEMPATH\rewrite.php(44): require_once('C:\\xampp\\htdocs\\backend-api\\public\\index.php')
CRITICAL - 2026-06-19 19:12:29 --> [Caused by] mysqli_sql_exception: Cannot add or update a child row: a foreign key constraint fails (`liblary`.`peminjaman`, CONSTRAINT `peminjaman_ibfk_1` FOREIGN KEY (`user_id`) REFERENCES `anggota` (`id`))
in SYSTEMPATH\Database\MySQLi\Connection.php on line 300.
 1 SYSTEMPATH\Database\MySQLi\Connection.php(300): mysqli->query('INSERT INTO `peminjaman` (`user_id`, `buku_id`, `tanggal_pinjam`, `tanggal_kembali`, `status`) VALUES (\'4\', \'3\', \'2026-06-19\', NULL, \'Dipinjam\')', 0)
 2 SYSTEMPATH\Database\BaseConnection.php(908): CodeIgniter\Database\MySQLi\Connection->execute('INSERT INTO `peminjaman` (`user_id`, `buku_id`, `tanggal_pinjam`, `tanggal_kembali`, `status`) VALUES (\'4\', \'3\', \'2026-06-19\', NULL, \'Dipinjam\')')
 3 SYSTEMPATH\Database\BaseConnection.php(825): CodeIgniter\Database\BaseConnection->simpleQuery('INSERT INTO `peminjaman` (`user_id`, `buku_id`, `tanggal_pinjam`, `tanggal_kembali`, `status`) VALUES (\'4\', \'3\', \'2026-06-19\', NULL, \'Dipinjam\')')
 4 SYSTEMPATH\Database\BaseBuilder.php(2343): CodeIgniter\Database\BaseConnection->query('INSERT INTO `peminjaman` (`user_id`, `buku_id`, `tanggal_pinjam`, `tanggal_kembali`, `status`) VALUES (:user_id:, :buku_id:, :tanggal_pinjam:, :tanggal_kembali:, :status:)', [...], false)
 5 SYSTEMPATH\Model.php(357): CodeIgniter\Database\BaseBuilder->insert()
 6 SYSTEMPATH\BaseModel.php(899): CodeIgniter\Model->doInsert([...])
 7 SYSTEMPATH\Model.php(670): CodeIgniter\BaseModel->insert([...], true)
 8 APPPATH\Controllers\Peminjaman.php(76): CodeIgniter\Model->insert([...])
 9 SYSTEMPATH\CodeIgniter.php(974): App\Controllers\Peminjaman->create()
10 SYSTEMPATH\CodeIgniter.php(520): CodeIgniter\CodeIgniter->runController(Object(App\Controllers\Peminjaman))
11 SYSTEMPATH\CodeIgniter.php(363): CodeIgniter\CodeIgniter->handleRequest(null, Object(Config\Cache), false)
12 SYSTEMPATH\Boot.php(417): CodeIgniter\CodeIgniter->run()
13 SYSTEMPATH\Boot.php(68): CodeIgniter\Boot::runCodeIgniter(Object(CodeIgniter\CodeIgniter))
14 FCPATH\index.php(59): CodeIgniter\Boot::bootWeb(Object(Config\Paths))
15 SYSTEMPATH\rewrite.php(44): require_once('C:\\xampp\\htdocs\\backend-api\\public\\index.php')
ERROR - 2026-06-19 19:20:21 --> Cannot add or update a child row: a foreign key constraint fails (`liblary`.`peminjaman`, CONSTRAINT `peminjaman_ibfk_1` FOREIGN KEY (`user_id`) REFERENCES `anggota` (`id`))
in SYSTEMPATH\Database\MySQLi\Connection.php on line 300.
 1 SYSTEMPATH\Database\MySQLi\Connection.php(300): mysqli->query('INSERT INTO `peminjaman` (`user_id`, `buku_id`, `tanggal_pinjam`, `tanggal_kembali`, `status`) VALUES (\'4\', \'3\', \'2026-06-19\', \'2026-07-03\', \'Dipinjam\')', 0)
 2 SYSTEMPATH\Database\BaseConnection.php(908): CodeIgniter\Database\MySQLi\Connection->execute('INSERT INTO `peminjaman` (`user_id`, `buku_id`, `tanggal_pinjam`, `tanggal_kembali`, `status`) VALUES (\'4\', \'3\', \'2026-06-19\', \'2026-07-03\', \'Dipinjam\')')
 3 SYSTEMPATH\Database\BaseConnection.php(825): CodeIgniter\Database\BaseConnection->simpleQuery('INSERT INTO `peminjaman` (`user_id`, `buku_id`, `tanggal_pinjam`, `tanggal_kembali`, `status`) VALUES (\'4\', \'3\', \'2026-06-19\', \'2026-07-03\', \'Dipinjam\')')
 4 SYSTEMPATH\Database\BaseBuilder.php(2343): CodeIgniter\Database\BaseConnection->query('INSERT INTO `peminjaman` (`user_id`, `buku_id`, `tanggal_pinjam`, `tanggal_kembali`, `status`) VALUES (:user_id:, :buku_id:, :tanggal_pinjam:, :tanggal_kembali:, :status:)', [...], false)
 5 SYSTEMPATH\Model.php(357): CodeIgniter\Database\BaseBuilder->insert()
 6 SYSTEMPATH\BaseModel.php(899): CodeIgniter\Model->doInsert([...])
 7 SYSTEMPATH\Model.php(670): CodeIgniter\BaseModel->insert([...], true)
 8 APPPATH\Controllers\Peminjaman.php(72): CodeIgniter\Model->insert([...])
 9 SYSTEMPATH\CodeIgniter.php(974): App\Controllers\Peminjaman->create()
10 SYSTEMPATH\CodeIgniter.php(520): CodeIgniter\CodeIgniter->runController(Object(App\Controllers\Peminjaman))
11 SYSTEMPATH\CodeIgniter.php(363): CodeIgniter\CodeIgniter->handleRequest(null, Object(Config\Cache), false)
12 SYSTEMPATH\Boot.php(417): CodeIgniter\CodeIgniter->run()
13 SYSTEMPATH\Boot.php(68): CodeIgniter\Boot::runCodeIgniter(Object(CodeIgniter\CodeIgniter))
14 FCPATH\index.php(59): CodeIgniter\Boot::bootWeb(Object(Config\Paths))
15 SYSTEMPATH\rewrite.php(44): require_once('C:\\xampp\\htdocs\\backend-api\\public\\index.php')
CRITICAL - 2026-06-19 19:20:21 --> CodeIgniter\Database\Exceptions\DatabaseException: Cannot add or update a child row: a foreign key constraint fails (`liblary`.`peminjaman`, CONSTRAINT `peminjaman_ibfk_1` FOREIGN KEY (`user_id`) REFERENCES `anggota` (`id`))
[Method: POST, Route: peminjaman]
in SYSTEMPATH\Database\BaseConnection.php on line 863.
 1 SYSTEMPATH\Database\BaseBuilder.php(2343): CodeIgniter\Database\BaseConnection->query('INSERT INTO `peminjaman` (`user_id`, `buku_id`, `tanggal_pinjam`, `tanggal_kembali`, `status`) VALUES (:user_id:, :buku_id:, :tanggal_pinjam:, :tanggal_kembali:, :status:)', [...], false)
 2 SYSTEMPATH\Model.php(357): CodeIgniter\Database\BaseBuilder->insert()
 3 SYSTEMPATH\BaseModel.php(899): CodeIgniter\Model->doInsert([...])
 4 SYSTEMPATH\Model.php(670): CodeIgniter\BaseModel->insert([...], true)
 5 APPPATH\Controllers\Peminjaman.php(72): CodeIgniter\Model->insert([...])
 6 SYSTEMPATH\CodeIgniter.php(974): App\Controllers\Peminjaman->create()
 7 SYSTEMPATH\CodeIgniter.php(520): CodeIgniter\CodeIgniter->runController(Object(App\Controllers\Peminjaman))
 8 SYSTEMPATH\CodeIgniter.php(363): CodeIgniter\CodeIgniter->handleRequest(null, Object(Config\Cache), false)
 9 SYSTEMPATH\Boot.php(417): CodeIgniter\CodeIgniter->run()
10 SYSTEMPATH\Boot.php(68): CodeIgniter\Boot::runCodeIgniter(Object(CodeIgniter\CodeIgniter))
11 FCPATH\index.php(59): CodeIgniter\Boot::bootWeb(Object(Config\Paths))
12 SYSTEMPATH\rewrite.php(44): require_once('C:\\xampp\\htdocs\\backend-api\\public\\index.php')
CRITICAL - 2026-06-19 19:20:21 --> [Caused by] CodeIgniter\Database\Exceptions\DatabaseException: Cannot add or update a child row: a foreign key constraint fails (`liblary`.`peminjaman`, CONSTRAINT `peminjaman_ibfk_1` FOREIGN KEY (`user_id`) REFERENCES `anggota` (`id`))
in SYSTEMPATH\Database\MySQLi\Connection.php on line 310.
 1 SYSTEMPATH\Database\BaseConnection.php(908): CodeIgniter\Database\MySQLi\Connection->execute('INSERT INTO `peminjaman` (`user_id`, `buku_id`, `tanggal_pinjam`, `tanggal_kembali`, `status`) VALUES (\'4\', \'3\', \'2026-06-19\', \'2026-07-03\', \'Dipinjam\')')
 2 SYSTEMPATH\Database\BaseConnection.php(825): CodeIgniter\Database\BaseConnection->simpleQuery('INSERT INTO `peminjaman` (`user_id`, `buku_id`, `tanggal_pinjam`, `tanggal_kembali`, `status`) VALUES (\'4\', \'3\', \'2026-06-19\', \'2026-07-03\', \'Dipinjam\')')
 3 SYSTEMPATH\Database\BaseBuilder.php(2343): CodeIgniter\Database\BaseConnection->query('INSERT INTO `peminjaman` (`user_id`, `buku_id`, `tanggal_pinjam`, `tanggal_kembali`, `status`) VALUES (:user_id:, :buku_id:, :tanggal_pinjam:, :tanggal_kembali:, :status:)', [...], false)
 4 SYSTEMPATH\Model.php(357): CodeIgniter\Database\BaseBuilder->insert()
 5 SYSTEMPATH\BaseModel.php(899): CodeIgniter\Model->doInsert([...])
 6 SYSTEMPATH\Model.php(670): CodeIgniter\BaseModel->insert([...], true)
 7 APPPATH\Controllers\Peminjaman.php(72): CodeIgniter\Model->insert([...])
 8 SYSTEMPATH\CodeIgniter.php(974): App\Controllers\Peminjaman->create()
 9 SYSTEMPATH\CodeIgniter.php(520): CodeIgniter\CodeIgniter->runController(Object(App\Controllers\Peminjaman))
10 SYSTEMPATH\CodeIgniter.php(363): CodeIgniter\CodeIgniter->handleRequest(null, Object(Config\Cache), false)
11 SYSTEMPATH\Boot.php(417): CodeIgniter\CodeIgniter->run()
12 SYSTEMPATH\Boot.php(68): CodeIgniter\Boot::runCodeIgniter(Object(CodeIgniter\CodeIgniter))
13 FCPATH\index.php(59): CodeIgniter\Boot::bootWeb(Object(Config\Paths))
14 SYSTEMPATH\rewrite.php(44): require_once('C:\\xampp\\htdocs\\backend-api\\public\\index.php')
CRITICAL - 2026-06-19 19:20:21 --> [Caused by] mysqli_sql_exception: Cannot add or update a child row: a foreign key constraint fails (`liblary`.`peminjaman`, CONSTRAINT `peminjaman_ibfk_1` FOREIGN KEY (`user_id`) REFERENCES `anggota` (`id`))
in SYSTEMPATH\Database\MySQLi\Connection.php on line 300.
 1 SYSTEMPATH\Database\MySQLi\Connection.php(300): mysqli->query('INSERT INTO `peminjaman` (`user_id`, `buku_id`, `tanggal_pinjam`, `tanggal_kembali`, `status`) VALUES (\'4\', \'3\', \'2026-06-19\', \'2026-07-03\', \'Dipinjam\')', 0)
 2 SYSTEMPATH\Database\BaseConnection.php(908): CodeIgniter\Database\MySQLi\Connection->execute('INSERT INTO `peminjaman` (`user_id`, `buku_id`, `tanggal_pinjam`, `tanggal_kembali`, `status`) VALUES (\'4\', \'3\', \'2026-06-19\', \'2026-07-03\', \'Dipinjam\')')
 3 SYSTEMPATH\Database\BaseConnection.php(825): CodeIgniter\Database\BaseConnection->simpleQuery('INSERT INTO `peminjaman` (`user_id`, `buku_id`, `tanggal_pinjam`, `tanggal_kembali`, `status`) VALUES (\'4\', \'3\', \'2026-06-19\', \'2026-07-03\', \'Dipinjam\')')
 4 SYSTEMPATH\Database\BaseBuilder.php(2343): CodeIgniter\Database\BaseConnection->query('INSERT INTO `peminjaman` (`user_id`, `buku_id`, `tanggal_pinjam`, `tanggal_kembali`, `status`) VALUES (:user_id:, :buku_id:, :tanggal_pinjam:, :tanggal_kembali:, :status:)', [...], false)
 5 SYSTEMPATH\Model.php(357): CodeIgniter\Database\BaseBuilder->insert()
 6 SYSTEMPATH\BaseModel.php(899): CodeIgniter\Model->doInsert([...])
 7 SYSTEMPATH\Model.php(670): CodeIgniter\BaseModel->insert([...], true)
 8 APPPATH\Controllers\Peminjaman.php(72): CodeIgniter\Model->insert([...])
 9 SYSTEMPATH\CodeIgniter.php(974): App\Controllers\Peminjaman->create()
10 SYSTEMPATH\CodeIgniter.php(520): CodeIgniter\CodeIgniter->runController(Object(App\Controllers\Peminjaman))
11 SYSTEMPATH\CodeIgniter.php(363): CodeIgniter\CodeIgniter->handleRequest(null, Object(Config\Cache), false)
12 SYSTEMPATH\Boot.php(417): CodeIgniter\CodeIgniter->run()
13 SYSTEMPATH\Boot.php(68): CodeIgniter\Boot::runCodeIgniter(Object(CodeIgniter\CodeIgniter))
14 FCPATH\index.php(59): CodeIgniter\Boot::bootWeb(Object(Config\Paths))
15 SYSTEMPATH\rewrite.php(44): require_once('C:\\xampp\\htdocs\\backend-api\\public\\index.php')
ERROR - 2026-06-19 19:23:23 --> Cannot add or update a child row: a foreign key constraint fails (`liblary`.`peminjaman`, CONSTRAINT `peminjaman_ibfk_1` FOREIGN KEY (`user_id`) REFERENCES `anggota` (`id`))
in SYSTEMPATH\Database\MySQLi\Connection.php on line 300.
 1 SYSTEMPATH\Database\MySQLi\Connection.php(300): mysqli->query('INSERT INTO `peminjaman` (`user_id`, `buku_id`, `tanggal_pinjam`, `status`) VALUES (\'4\', \'3\', \'2026-06-19\', \'Dipinjam\')', 0)
 2 SYSTEMPATH\Database\BaseConnection.php(908): CodeIgniter\Database\MySQLi\Connection->execute('INSERT INTO `peminjaman` (`user_id`, `buku_id`, `tanggal_pinjam`, `status`) VALUES (\'4\', \'3\', \'2026-06-19\', \'Dipinjam\')')
 3 SYSTEMPATH\Database\BaseConnection.php(825): CodeIgniter\Database\BaseConnection->simpleQuery('INSERT INTO `peminjaman` (`user_id`, `buku_id`, `tanggal_pinjam`, `status`) VALUES (\'4\', \'3\', \'2026-06-19\', \'Dipinjam\')')
 4 SYSTEMPATH\Database\BaseBuilder.php(2343): CodeIgniter\Database\BaseConnection->query('INSERT INTO `peminjaman` (`user_id`, `buku_id`, `tanggal_pinjam`, `status`) VALUES (:user_id:, :buku_id:, :tanggal_pinjam:, :status:)', [...], false)
 5 SYSTEMPATH\Model.php(357): CodeIgniter\Database\BaseBuilder->insert()
 6 SYSTEMPATH\BaseModel.php(899): CodeIgniter\Model->doInsert([...])
 7 SYSTEMPATH\Model.php(670): CodeIgniter\BaseModel->insert([...], true)
 8 APPPATH\Controllers\Peminjaman.php(66): CodeIgniter\Model->insert([...])
 9 SYSTEMPATH\CodeIgniter.php(974): App\Controllers\Peminjaman->create()
10 SYSTEMPATH\CodeIgniter.php(520): CodeIgniter\CodeIgniter->runController(Object(App\Controllers\Peminjaman))
11 SYSTEMPATH\CodeIgniter.php(363): CodeIgniter\CodeIgniter->handleRequest(null, Object(Config\Cache), false)
12 SYSTEMPATH\Boot.php(417): CodeIgniter\CodeIgniter->run()
13 SYSTEMPATH\Boot.php(68): CodeIgniter\Boot::runCodeIgniter(Object(CodeIgniter\CodeIgniter))
14 FCPATH\index.php(59): CodeIgniter\Boot::bootWeb(Object(Config\Paths))
15 SYSTEMPATH\rewrite.php(44): require_once('C:\\xampp\\htdocs\\backend-api\\public\\index.php')
CRITICAL - 2026-06-19 19:23:23 --> CodeIgniter\Database\Exceptions\DatabaseException: Cannot add or update a child row: a foreign key constraint fails (`liblary`.`peminjaman`, CONSTRAINT `peminjaman_ibfk_1` FOREIGN KEY (`user_id`) REFERENCES `anggota` (`id`))
[Method: POST, Route: peminjaman]
in SYSTEMPATH\Database\BaseConnection.php on line 863.
 1 SYSTEMPATH\Database\BaseBuilder.php(2343): CodeIgniter\Database\BaseConnection->query('INSERT INTO `peminjaman` (`user_id`, `buku_id`, `tanggal_pinjam`, `status`) VALUES (:user_id:, :buku_id:, :tanggal_pinjam:, :status:)', [...], false)
 2 SYSTEMPATH\Model.php(357): CodeIgniter\Database\BaseBuilder->insert()
 3 SYSTEMPATH\BaseModel.php(899): CodeIgniter\Model->doInsert([...])
 4 SYSTEMPATH\Model.php(670): CodeIgniter\BaseModel->insert([...], true)
 5 APPPATH\Controllers\Peminjaman.php(66): CodeIgniter\Model->insert([...])
 6 SYSTEMPATH\CodeIgniter.php(974): App\Controllers\Peminjaman->create()
 7 SYSTEMPATH\CodeIgniter.php(520): CodeIgniter\CodeIgniter->runController(Object(App\Controllers\Peminjaman))
 8 SYSTEMPATH\CodeIgniter.php(363): CodeIgniter\CodeIgniter->handleRequest(null, Object(Config\Cache), false)
 9 SYSTEMPATH\Boot.php(417): CodeIgniter\CodeIgniter->run()
10 SYSTEMPATH\Boot.php(68): CodeIgniter\Boot::runCodeIgniter(Object(CodeIgniter\CodeIgniter))
11 FCPATH\index.php(59): CodeIgniter\Boot::bootWeb(Object(Config\Paths))
12 SYSTEMPATH\rewrite.php(44): require_once('C:\\xampp\\htdocs\\backend-api\\public\\index.php')
CRITICAL - 2026-06-19 19:23:23 --> [Caused by] CodeIgniter\Database\Exceptions\DatabaseException: Cannot add or update a child row: a foreign key constraint fails (`liblary`.`peminjaman`, CONSTRAINT `peminjaman_ibfk_1` FOREIGN KEY (`user_id`) REFERENCES `anggota` (`id`))
in SYSTEMPATH\Database\MySQLi\Connection.php on line 310.
 1 SYSTEMPATH\Database\BaseConnection.php(908): CodeIgniter\Database\MySQLi\Connection->execute('INSERT INTO `peminjaman` (`user_id`, `buku_id`, `tanggal_pinjam`, `status`) VALUES (\'4\', \'3\', \'2026-06-19\', \'Dipinjam\')')
 2 SYSTEMPATH\Database\BaseConnection.php(825): CodeIgniter\Database\BaseConnection->simpleQuery('INSERT INTO `peminjaman` (`user_id`, `buku_id`, `tanggal_pinjam`, `status`) VALUES (\'4\', \'3\', \'2026-06-19\', \'Dipinjam\')')
 3 SYSTEMPATH\Database\BaseBuilder.php(2343): CodeIgniter\Database\BaseConnection->query('INSERT INTO `peminjaman` (`user_id`, `buku_id`, `tanggal_pinjam`, `status`) VALUES (:user_id:, :buku_id:, :tanggal_pinjam:, :status:)', [...], false)
 4 SYSTEMPATH\Model.php(357): CodeIgniter\Database\BaseBuilder->insert()
 5 SYSTEMPATH\BaseModel.php(899): CodeIgniter\Model->doInsert([...])
 6 SYSTEMPATH\Model.php(670): CodeIgniter\BaseModel->insert([...], true)
 7 APPPATH\Controllers\Peminjaman.php(66): CodeIgniter\Model->insert([...])
 8 SYSTEMPATH\CodeIgniter.php(974): App\Controllers\Peminjaman->create()
 9 SYSTEMPATH\CodeIgniter.php(520): CodeIgniter\CodeIgniter->runController(Object(App\Controllers\Peminjaman))
10 SYSTEMPATH\CodeIgniter.php(363): CodeIgniter\CodeIgniter->handleRequest(null, Object(Config\Cache), false)
11 SYSTEMPATH\Boot.php(417): CodeIgniter\CodeIgniter->run()
12 SYSTEMPATH\Boot.php(68): CodeIgniter\Boot::runCodeIgniter(Object(CodeIgniter\CodeIgniter))
13 FCPATH\index.php(59): CodeIgniter\Boot::bootWeb(Object(Config\Paths))
14 SYSTEMPATH\rewrite.php(44): require_once('C:\\xampp\\htdocs\\backend-api\\public\\index.php')
CRITICAL - 2026-06-19 19:23:23 --> [Caused by] mysqli_sql_exception: Cannot add or update a child row: a foreign key constraint fails (`liblary`.`peminjaman`, CONSTRAINT `peminjaman_ibfk_1` FOREIGN KEY (`user_id`) REFERENCES `anggota` (`id`))
in SYSTEMPATH\Database\MySQLi\Connection.php on line 300.
 1 SYSTEMPATH\Database\MySQLi\Connection.php(300): mysqli->query('INSERT INTO `peminjaman` (`user_id`, `buku_id`, `tanggal_pinjam`, `status`) VALUES (\'4\', \'3\', \'2026-06-19\', \'Dipinjam\')', 0)
 2 SYSTEMPATH\Database\BaseConnection.php(908): CodeIgniter\Database\MySQLi\Connection->execute('INSERT INTO `peminjaman` (`user_id`, `buku_id`, `tanggal_pinjam`, `status`) VALUES (\'4\', \'3\', \'2026-06-19\', \'Dipinjam\')')
 3 SYSTEMPATH\Database\BaseConnection.php(825): CodeIgniter\Database\BaseConnection->simpleQuery('INSERT INTO `peminjaman` (`user_id`, `buku_id`, `tanggal_pinjam`, `status`) VALUES (\'4\', \'3\', \'2026-06-19\', \'Dipinjam\')')
 4 SYSTEMPATH\Database\BaseBuilder.php(2343): CodeIgniter\Database\BaseConnection->query('INSERT INTO `peminjaman` (`user_id`, `buku_id`, `tanggal_pinjam`, `status`) VALUES (:user_id:, :buku_id:, :tanggal_pinjam:, :status:)', [...], false)
 5 SYSTEMPATH\Model.php(357): CodeIgniter\Database\BaseBuilder->insert()
 6 SYSTEMPATH\BaseModel.php(899): CodeIgniter\Model->doInsert([...])
 7 SYSTEMPATH\Model.php(670): CodeIgniter\BaseModel->insert([...], true)
 8 APPPATH\Controllers\Peminjaman.php(66): CodeIgniter\Model->insert([...])
 9 SYSTEMPATH\CodeIgniter.php(974): App\Controllers\Peminjaman->create()
10 SYSTEMPATH\CodeIgniter.php(520): CodeIgniter\CodeIgniter->runController(Object(App\Controllers\Peminjaman))
11 SYSTEMPATH\CodeIgniter.php(363): CodeIgniter\CodeIgniter->handleRequest(null, Object(Config\Cache), false)
12 SYSTEMPATH\Boot.php(417): CodeIgniter\CodeIgniter->run()
13 SYSTEMPATH\Boot.php(68): CodeIgniter\Boot::runCodeIgniter(Object(CodeIgniter\CodeIgniter))
14 FCPATH\index.php(59): CodeIgniter\Boot::bootWeb(Object(Config\Paths))
15 SYSTEMPATH\rewrite.php(44): require_once('C:\\xampp\\htdocs\\backend-api\\public\\index.php')
