CRITICAL - 2026-06-15 15:56:39 --> ErrorException: Undefined array key "username"
[Method: POST, Route: login]
in APPPATH\Controllers\Auth.php on line 22.
 1 APPPATH\Controllers\Auth.php(22): CodeIgniter\Debug\Exceptions->errorHandler(2, 'Undefined array key "username"', 'C:\\xampp\\htdocs\\backend-api\\app\\Controllers\\Auth.php', 22)
 2 SYSTEMPATH\CodeIgniter.php(974): App\Controllers\Auth->login()
 3 SYSTEMPATH\CodeIgniter.php(520): CodeIgniter\CodeIgniter->runController(Object(App\Controllers\Auth))
 4 SYSTEMPATH\CodeIgniter.php(363): CodeIgniter\CodeIgniter->handleRequest(null, Object(Config\Cache), false)
 5 SYSTEMPATH\Boot.php(417): CodeIgniter\CodeIgniter->run()
 6 SYSTEMPATH\Boot.php(68): CodeIgniter\Boot::runCodeIgniter(Object(CodeIgniter\CodeIgniter))
 7 FCPATH\index.php(59): CodeIgniter\Boot::bootWeb(Object(Config\Paths))
 8 SYSTEMPATH\rewrite.php(44): require_once('C:\\xampp\\htdocs\\backend-api\\public\\index.php')
CRITICAL - 2026-06-15 15:56:46 --> ErrorException: Undefined array key "username"
[Method: POST, Route: login]
in APPPATH\Controllers\Auth.php on line 22.
 1 APPPATH\Controllers\Auth.php(22): CodeIgniter\Debug\Exceptions->errorHandler(2, 'Undefined array key "username"', 'C:\\xampp\\htdocs\\backend-api\\app\\Controllers\\Auth.php', 22)
 2 SYSTEMPATH\CodeIgniter.php(974): App\Controllers\Auth->login()
 3 SYSTEMPATH\CodeIgniter.php(520): CodeIgniter\CodeIgniter->runController(Object(App\Controllers\Auth))
 4 SYSTEMPATH\CodeIgniter.php(363): CodeIgniter\CodeIgniter->handleRequest(null, Object(Config\Cache), false)
 5 SYSTEMPATH\Boot.php(417): CodeIgniter\CodeIgniter->run()
 6 SYSTEMPATH\Boot.php(68): CodeIgniter\Boot::runCodeIgniter(Object(CodeIgniter\CodeIgniter))
 7 FCPATH\index.php(59): CodeIgniter\Boot::bootWeb(Object(Config\Paths))
 8 SYSTEMPATH\rewrite.php(44): require_once('C:\\xampp\\htdocs\\backend-api\\public\\index.php')
ERROR - 2026-06-15 16:10:34 --> Unknown column 'deskripsi' in 'field list'
in SYSTEMPATH\Database\MySQLi\Connection.php on line 300.
 1 SYSTEMPATH\Database\MySQLi\Connection.php(300): mysqli->query('INSERT INTO `buku` (`judul`, `penulis`, `penerbit`, `deskripsi`, `stok`, `genre_id`, `cover`) VALUES (\'One Piece Vol 1\', \'Eiichoro Oda\', \'Shueisha\', \'Petualangan Luffy\', \'10\', \'1\', \'default.jpg\')', 0)
 2 SYSTEMPATH\Database\BaseConnection.php(908): CodeIgniter\Database\MySQLi\Connection->execute('INSERT INTO `buku` (`judul`, `penulis`, `penerbit`, `deskripsi`, `stok`, `genre_id`, `cover`) VALUES (\'One Piece Vol 1\', \'Eiichoro Oda\', \'Shueisha\', \'Petualangan Luffy\', \'10\', \'1\', \'default.jpg\')')
 3 SYSTEMPATH\Database\BaseConnection.php(825): CodeIgniter\Database\BaseConnection->simpleQuery('INSERT INTO `buku` (`judul`, `penulis`, `penerbit`, `deskripsi`, `stok`, `genre_id`, `cover`) VALUES (\'One Piece Vol 1\', \'Eiichoro Oda\', \'Shueisha\', \'Petualangan Luffy\', \'10\', \'1\', \'default.jpg\')')
 4 SYSTEMPATH\Database\BaseBuilder.php(2343): CodeIgniter\Database\BaseConnection->query('INSERT INTO `buku` (`judul`, `penulis`, `penerbit`, `deskripsi`, `stok`, `genre_id`, `cover`) VALUES (:judul:, :penulis:, :penerbit:, :deskripsi:, :stok:, :genre_id:, :cover:)', [...], false)
 5 SYSTEMPATH\Model.php(357): CodeIgniter\Database\BaseBuilder->insert()
 6 SYSTEMPATH\BaseModel.php(899): CodeIgniter\Model->doInsert([...])
 7 SYSTEMPATH\Model.php(670): CodeIgniter\BaseModel->insert([...], true)
 8 APPPATH\Controllers\Buku.php(29): CodeIgniter\Model->insert([...])
 9 SYSTEMPATH\CodeIgniter.php(974): App\Controllers\Buku->create()
10 SYSTEMPATH\CodeIgniter.php(520): CodeIgniter\CodeIgniter->runController(Object(App\Controllers\Buku))
11 SYSTEMPATH\CodeIgniter.php(363): CodeIgniter\CodeIgniter->handleRequest(null, Object(Config\Cache), false)
12 SYSTEMPATH\Boot.php(417): CodeIgniter\CodeIgniter->run()
13 SYSTEMPATH\Boot.php(68): CodeIgniter\Boot::runCodeIgniter(Object(CodeIgniter\CodeIgniter))
14 FCPATH\index.php(59): CodeIgniter\Boot::bootWeb(Object(Config\Paths))
15 SYSTEMPATH\rewrite.php(44): require_once('C:\\xampp\\htdocs\\backend-api\\public\\index.php')
CRITICAL - 2026-06-15 16:10:34 --> CodeIgniter\Database\Exceptions\DatabaseException: Unknown column 'deskripsi' in 'field list'
[Method: POST, Route: buku]
in SYSTEMPATH\Database\BaseConnection.php on line 863.
 1 SYSTEMPATH\Database\BaseBuilder.php(2343): CodeIgniter\Database\BaseConnection->query('INSERT INTO `buku` (`judul`, `penulis`, `penerbit`, `deskripsi`, `stok`, `genre_id`, `cover`) VALUES (:judul:, :penulis:, :penerbit:, :deskripsi:, :stok:, :genre_id:, :cover:)', [...], false)
 2 SYSTEMPATH\Model.php(357): CodeIgniter\Database\BaseBuilder->insert()
 3 SYSTEMPATH\BaseModel.php(899): CodeIgniter\Model->doInsert([...])
 4 SYSTEMPATH\Model.php(670): CodeIgniter\BaseModel->insert([...], true)
 5 APPPATH\Controllers\Buku.php(29): CodeIgniter\Model->insert([...])
 6 SYSTEMPATH\CodeIgniter.php(974): App\Controllers\Buku->create()
 7 SYSTEMPATH\CodeIgniter.php(520): CodeIgniter\CodeIgniter->runController(Object(App\Controllers\Buku))
 8 SYSTEMPATH\CodeIgniter.php(363): CodeIgniter\CodeIgniter->handleRequest(null, Object(Config\Cache), false)
 9 SYSTEMPATH\Boot.php(417): CodeIgniter\CodeIgniter->run()
10 SYSTEMPATH\Boot.php(68): CodeIgniter\Boot::runCodeIgniter(Object(CodeIgniter\CodeIgniter))
11 FCPATH\index.php(59): CodeIgniter\Boot::bootWeb(Object(Config\Paths))
12 SYSTEMPATH\rewrite.php(44): require_once('C:\\xampp\\htdocs\\backend-api\\public\\index.php')
CRITICAL - 2026-06-15 16:10:34 --> [Caused by] CodeIgniter\Database\Exceptions\DatabaseException: Unknown column 'deskripsi' in 'field list'
in SYSTEMPATH\Database\MySQLi\Connection.php on line 310.
 1 SYSTEMPATH\Database\BaseConnection.php(908): CodeIgniter\Database\MySQLi\Connection->execute('INSERT INTO `buku` (`judul`, `penulis`, `penerbit`, `deskripsi`, `stok`, `genre_id`, `cover`) VALUES (\'One Piece Vol 1\', \'Eiichoro Oda\', \'Shueisha\', \'Petualangan Luffy\', \'10\', \'1\', \'default.jpg\')')
 2 SYSTEMPATH\Database\BaseConnection.php(825): CodeIgniter\Database\BaseConnection->simpleQuery('INSERT INTO `buku` (`judul`, `penulis`, `penerbit`, `deskripsi`, `stok`, `genre_id`, `cover`) VALUES (\'One Piece Vol 1\', \'Eiichoro Oda\', \'Shueisha\', \'Petualangan Luffy\', \'10\', \'1\', \'default.jpg\')')
 3 SYSTEMPATH\Database\BaseBuilder.php(2343): CodeIgniter\Database\BaseConnection->query('INSERT INTO `buku` (`judul`, `penulis`, `penerbit`, `deskripsi`, `stok`, `genre_id`, `cover`) VALUES (:judul:, :penulis:, :penerbit:, :deskripsi:, :stok:, :genre_id:, :cover:)', [...], false)
 4 SYSTEMPATH\Model.php(357): CodeIgniter\Database\BaseBuilder->insert()
 5 SYSTEMPATH\BaseModel.php(899): CodeIgniter\Model->doInsert([...])
 6 SYSTEMPATH\Model.php(670): CodeIgniter\BaseModel->insert([...], true)
 7 APPPATH\Controllers\Buku.php(29): CodeIgniter\Model->insert([...])
 8 SYSTEMPATH\CodeIgniter.php(974): App\Controllers\Buku->create()
 9 SYSTEMPATH\CodeIgniter.php(520): CodeIgniter\CodeIgniter->runController(Object(App\Controllers\Buku))
10 SYSTEMPATH\CodeIgniter.php(363): CodeIgniter\CodeIgniter->handleRequest(null, Object(Config\Cache), false)
11 SYSTEMPATH\Boot.php(417): CodeIgniter\CodeIgniter->run()
12 SYSTEMPATH\Boot.php(68): CodeIgniter\Boot::runCodeIgniter(Object(CodeIgniter\CodeIgniter))
13 FCPATH\index.php(59): CodeIgniter\Boot::bootWeb(Object(Config\Paths))
14 SYSTEMPATH\rewrite.php(44): require_once('C:\\xampp\\htdocs\\backend-api\\public\\index.php')
CRITICAL - 2026-06-15 16:10:34 --> [Caused by] mysqli_sql_exception: Unknown column 'deskripsi' in 'field list'
in SYSTEMPATH\Database\MySQLi\Connection.php on line 300.
 1 SYSTEMPATH\Database\MySQLi\Connection.php(300): mysqli->query('INSERT INTO `buku` (`judul`, `penulis`, `penerbit`, `deskripsi`, `stok`, `genre_id`, `cover`) VALUES (\'One Piece Vol 1\', \'Eiichoro Oda\', \'Shueisha\', \'Petualangan Luffy\', \'10\', \'1\', \'default.jpg\')', 0)
 2 SYSTEMPATH\Database\BaseConnection.php(908): CodeIgniter\Database\MySQLi\Connection->execute('INSERT INTO `buku` (`judul`, `penulis`, `penerbit`, `deskripsi`, `stok`, `genre_id`, `cover`) VALUES (\'One Piece Vol 1\', \'Eiichoro Oda\', \'Shueisha\', \'Petualangan Luffy\', \'10\', \'1\', \'default.jpg\')')
 3 SYSTEMPATH\Database\BaseConnection.php(825): CodeIgniter\Database\BaseConnection->simpleQuery('INSERT INTO `buku` (`judul`, `penulis`, `penerbit`, `deskripsi`, `stok`, `genre_id`, `cover`) VALUES (\'One Piece Vol 1\', \'Eiichoro Oda\', \'Shueisha\', \'Petualangan Luffy\', \'10\', \'1\', \'default.jpg\')')
 4 SYSTEMPATH\Database\BaseBuilder.php(2343): CodeIgniter\Database\BaseConnection->query('INSERT INTO `buku` (`judul`, `penulis`, `penerbit`, `deskripsi`, `stok`, `genre_id`, `cover`) VALUES (:judul:, :penulis:, :penerbit:, :deskripsi:, :stok:, :genre_id:, :cover:)', [...], false)
 5 SYSTEMPATH\Model.php(357): CodeIgniter\Database\BaseBuilder->insert()
 6 SYSTEMPATH\BaseModel.php(899): CodeIgniter\Model->doInsert([...])
 7 SYSTEMPATH\Model.php(670): CodeIgniter\BaseModel->insert([...], true)
 8 APPPATH\Controllers\Buku.php(29): CodeIgniter\Model->insert([...])
 9 SYSTEMPATH\CodeIgniter.php(974): App\Controllers\Buku->create()
10 SYSTEMPATH\CodeIgniter.php(520): CodeIgniter\CodeIgniter->runController(Object(App\Controllers\Buku))
11 SYSTEMPATH\CodeIgniter.php(363): CodeIgniter\CodeIgniter->handleRequest(null, Object(Config\Cache), false)
12 SYSTEMPATH\Boot.php(417): CodeIgniter\CodeIgniter->run()
13 SYSTEMPATH\Boot.php(68): CodeIgniter\Boot::runCodeIgniter(Object(CodeIgniter\CodeIgniter))
14 FCPATH\index.php(59): CodeIgniter\Boot::bootWeb(Object(Config\Paths))
15 SYSTEMPATH\rewrite.php(44): require_once('C:\\xampp\\htdocs\\backend-api\\public\\index.php')
CRITICAL - 2026-06-15 16:13:30 --> ErrorException: Undefined array key "username"
[Method: POST, Route: login]
in APPPATH\Controllers\Auth.php on line 22.
 1 APPPATH\Controllers\Auth.php(22): CodeIgniter\Debug\Exceptions->errorHandler(2, 'Undefined array key "username"', 'C:\\xampp\\htdocs\\backend-api\\app\\Controllers\\Auth.php', 22)
 2 SYSTEMPATH\CodeIgniter.php(974): App\Controllers\Auth->login()
 3 SYSTEMPATH\CodeIgniter.php(520): CodeIgniter\CodeIgniter->runController(Object(App\Controllers\Auth))
 4 SYSTEMPATH\CodeIgniter.php(363): CodeIgniter\CodeIgniter->handleRequest(null, Object(Config\Cache), false)
 5 SYSTEMPATH\Boot.php(417): CodeIgniter\CodeIgniter->run()
 6 SYSTEMPATH\Boot.php(68): CodeIgniter\Boot::runCodeIgniter(Object(CodeIgniter\CodeIgniter))
 7 FCPATH\index.php(59): CodeIgniter\Boot::bootWeb(Object(Config\Paths))
 8 SYSTEMPATH\rewrite.php(44): require_once('C:\\xampp\\htdocs\\backend-api\\public\\index.php')
ERROR - 2026-06-15 16:13:45 --> Unknown column 'deskripsi' in 'field list'
in SYSTEMPATH\Database\MySQLi\Connection.php on line 300.
 1 SYSTEMPATH\Database\MySQLi\Connection.php(300): mysqli->query('INSERT INTO `buku` (`judul`, `penulis`, `penerbit`, `deskripsi`, `stok`, `genre_id`, `cover`) VALUES (\'One Piece Vol 1\', \'Eiichoro Oda\', \'Shueisha\', \'Petualangan Luffy\', \'10\', \'1\', \'default.jpg\')', 0)
 2 SYSTEMPATH\Database\BaseConnection.php(908): CodeIgniter\Database\MySQLi\Connection->execute('INSERT INTO `buku` (`judul`, `penulis`, `penerbit`, `deskripsi`, `stok`, `genre_id`, `cover`) VALUES (\'One Piece Vol 1\', \'Eiichoro Oda\', \'Shueisha\', \'Petualangan Luffy\', \'10\', \'1\', \'default.jpg\')')
 3 SYSTEMPATH\Database\BaseConnection.php(825): CodeIgniter\Database\BaseConnection->simpleQuery('INSERT INTO `buku` (`judul`, `penulis`, `penerbit`, `deskripsi`, `stok`, `genre_id`, `cover`) VALUES (\'One Piece Vol 1\', \'Eiichoro Oda\', \'Shueisha\', \'Petualangan Luffy\', \'10\', \'1\', \'default.jpg\')')
 4 SYSTEMPATH\Database\BaseBuilder.php(2343): CodeIgniter\Database\BaseConnection->query('INSERT INTO `buku` (`judul`, `penulis`, `penerbit`, `deskripsi`, `stok`, `genre_id`, `cover`) VALUES (:judul:, :penulis:, :penerbit:, :deskripsi:, :stok:, :genre_id:, :cover:)', [...], false)
 5 SYSTEMPATH\Model.php(357): CodeIgniter\Database\BaseBuilder->insert()
 6 SYSTEMPATH\BaseModel.php(899): CodeIgniter\Model->doInsert([...])
 7 SYSTEMPATH\Model.php(670): CodeIgniter\BaseModel->insert([...], true)
 8 APPPATH\Controllers\Buku.php(29): CodeIgniter\Model->insert([...])
 9 SYSTEMPATH\CodeIgniter.php(974): App\Controllers\Buku->create()
10 SYSTEMPATH\CodeIgniter.php(520): CodeIgniter\CodeIgniter->runController(Object(App\Controllers\Buku))
11 SYSTEMPATH\CodeIgniter.php(363): CodeIgniter\CodeIgniter->handleRequest(null, Object(Config\Cache), false)
12 SYSTEMPATH\Boot.php(417): CodeIgniter\CodeIgniter->run()
13 SYSTEMPATH\Boot.php(68): CodeIgniter\Boot::runCodeIgniter(Object(CodeIgniter\CodeIgniter))
14 FCPATH\index.php(59): CodeIgniter\Boot::bootWeb(Object(Config\Paths))
15 SYSTEMPATH\rewrite.php(44): require_once('C:\\xampp\\htdocs\\backend-api\\public\\index.php')
CRITICAL - 2026-06-15 16:13:45 --> CodeIgniter\Database\Exceptions\DatabaseException: Unknown column 'deskripsi' in 'field list'
[Method: POST, Route: buku]
in SYSTEMPATH\Database\BaseConnection.php on line 863.
 1 SYSTEMPATH\Database\BaseBuilder.php(2343): CodeIgniter\Database\BaseConnection->query('INSERT INTO `buku` (`judul`, `penulis`, `penerbit`, `deskripsi`, `stok`, `genre_id`, `cover`) VALUES (:judul:, :penulis:, :penerbit:, :deskripsi:, :stok:, :genre_id:, :cover:)', [...], false)
 2 SYSTEMPATH\Model.php(357): CodeIgniter\Database\BaseBuilder->insert()
 3 SYSTEMPATH\BaseModel.php(899): CodeIgniter\Model->doInsert([...])
 4 SYSTEMPATH\Model.php(670): CodeIgniter\BaseModel->insert([...], true)
 5 APPPATH\Controllers\Buku.php(29): CodeIgniter\Model->insert([...])
 6 SYSTEMPATH\CodeIgniter.php(974): App\Controllers\Buku->create()
 7 SYSTEMPATH\CodeIgniter.php(520): CodeIgniter\CodeIgniter->runController(Object(App\Controllers\Buku))
 8 SYSTEMPATH\CodeIgniter.php(363): CodeIgniter\CodeIgniter->handleRequest(null, Object(Config\Cache), false)
 9 SYSTEMPATH\Boot.php(417): CodeIgniter\CodeIgniter->run()
10 SYSTEMPATH\Boot.php(68): CodeIgniter\Boot::runCodeIgniter(Object(CodeIgniter\CodeIgniter))
11 FCPATH\index.php(59): CodeIgniter\Boot::bootWeb(Object(Config\Paths))
12 SYSTEMPATH\rewrite.php(44): require_once('C:\\xampp\\htdocs\\backend-api\\public\\index.php')
CRITICAL - 2026-06-15 16:13:45 --> [Caused by] CodeIgniter\Database\Exceptions\DatabaseException: Unknown column 'deskripsi' in 'field list'
in SYSTEMPATH\Database\MySQLi\Connection.php on line 310.
 1 SYSTEMPATH\Database\BaseConnection.php(908): CodeIgniter\Database\MySQLi\Connection->execute('INSERT INTO `buku` (`judul`, `penulis`, `penerbit`, `deskripsi`, `stok`, `genre_id`, `cover`) VALUES (\'One Piece Vol 1\', \'Eiichoro Oda\', \'Shueisha\', \'Petualangan Luffy\', \'10\', \'1\', \'default.jpg\')')
 2 SYSTEMPATH\Database\BaseConnection.php(825): CodeIgniter\Database\BaseConnection->simpleQuery('INSERT INTO `buku` (`judul`, `penulis`, `penerbit`, `deskripsi`, `stok`, `genre_id`, `cover`) VALUES (\'One Piece Vol 1\', \'Eiichoro Oda\', \'Shueisha\', \'Petualangan Luffy\', \'10\', \'1\', \'default.jpg\')')
 3 SYSTEMPATH\Database\BaseBuilder.php(2343): CodeIgniter\Database\BaseConnection->query('INSERT INTO `buku` (`judul`, `penulis`, `penerbit`, `deskripsi`, `stok`, `genre_id`, `cover`) VALUES (:judul:, :penulis:, :penerbit:, :deskripsi:, :stok:, :genre_id:, :cover:)', [...], false)
 4 SYSTEMPATH\Model.php(357): CodeIgniter\Database\BaseBuilder->insert()
 5 SYSTEMPATH\BaseModel.php(899): CodeIgniter\Model->doInsert([...])
 6 SYSTEMPATH\Model.php(670): CodeIgniter\BaseModel->insert([...], true)
 7 APPPATH\Controllers\Buku.php(29): CodeIgniter\Model->insert([...])
 8 SYSTEMPATH\CodeIgniter.php(974): App\Controllers\Buku->create()
 9 SYSTEMPATH\CodeIgniter.php(520): CodeIgniter\CodeIgniter->runController(Object(App\Controllers\Buku))
10 SYSTEMPATH\CodeIgniter.php(363): CodeIgniter\CodeIgniter->handleRequest(null, Object(Config\Cache), false)
11 SYSTEMPATH\Boot.php(417): CodeIgniter\CodeIgniter->run()
12 SYSTEMPATH\Boot.php(68): CodeIgniter\Boot::runCodeIgniter(Object(CodeIgniter\CodeIgniter))
13 FCPATH\index.php(59): CodeIgniter\Boot::bootWeb(Object(Config\Paths))
14 SYSTEMPATH\rewrite.php(44): require_once('C:\\xampp\\htdocs\\backend-api\\public\\index.php')
CRITICAL - 2026-06-15 16:13:45 --> [Caused by] mysqli_sql_exception: Unknown column 'deskripsi' in 'field list'
in SYSTEMPATH\Database\MySQLi\Connection.php on line 300.
 1 SYSTEMPATH\Database\MySQLi\Connection.php(300): mysqli->query('INSERT INTO `buku` (`judul`, `penulis`, `penerbit`, `deskripsi`, `stok`, `genre_id`, `cover`) VALUES (\'One Piece Vol 1\', \'Eiichoro Oda\', \'Shueisha\', \'Petualangan Luffy\', \'10\', \'1\', \'default.jpg\')', 0)
 2 SYSTEMPATH\Database\BaseConnection.php(908): CodeIgniter\Database\MySQLi\Connection->execute('INSERT INTO `buku` (`judul`, `penulis`, `penerbit`, `deskripsi`, `stok`, `genre_id`, `cover`) VALUES (\'One Piece Vol 1\', \'Eiichoro Oda\', \'Shueisha\', \'Petualangan Luffy\', \'10\', \'1\', \'default.jpg\')')
 3 SYSTEMPATH\Database\BaseConnection.php(825): CodeIgniter\Database\BaseConnection->simpleQuery('INSERT INTO `buku` (`judul`, `penulis`, `penerbit`, `deskripsi`, `stok`, `genre_id`, `cover`) VALUES (\'One Piece Vol 1\', \'Eiichoro Oda\', \'Shueisha\', \'Petualangan Luffy\', \'10\', \'1\', \'default.jpg\')')
 4 SYSTEMPATH\Database\BaseBuilder.php(2343): CodeIgniter\Database\BaseConnection->query('INSERT INTO `buku` (`judul`, `penulis`, `penerbit`, `deskripsi`, `stok`, `genre_id`, `cover`) VALUES (:judul:, :penulis:, :penerbit:, :deskripsi:, :stok:, :genre_id:, :cover:)', [...], false)
 5 SYSTEMPATH\Model.php(357): CodeIgniter\Database\BaseBuilder->insert()
 6 SYSTEMPATH\BaseModel.php(899): CodeIgniter\Model->doInsert([...])
 7 SYSTEMPATH\Model.php(670): CodeIgniter\BaseModel->insert([...], true)
 8 APPPATH\Controllers\Buku.php(29): CodeIgniter\Model->insert([...])
 9 SYSTEMPATH\CodeIgniter.php(974): App\Controllers\Buku->create()
10 SYSTEMPATH\CodeIgniter.php(520): CodeIgniter\CodeIgniter->runController(Object(App\Controllers\Buku))
11 SYSTEMPATH\CodeIgniter.php(363): CodeIgniter\CodeIgniter->handleRequest(null, Object(Config\Cache), false)
12 SYSTEMPATH\Boot.php(417): CodeIgniter\CodeIgniter->run()
13 SYSTEMPATH\Boot.php(68): CodeIgniter\Boot::runCodeIgniter(Object(CodeIgniter\CodeIgniter))
14 FCPATH\index.php(59): CodeIgniter\Boot::bootWeb(Object(Config\Paths))
15 SYSTEMPATH\rewrite.php(44): require_once('C:\\xampp\\htdocs\\backend-api\\public\\index.php')
ERROR - 2026-06-15 16:15:50 --> Unknown column 'cover' in 'field list'
in SYSTEMPATH\Database\MySQLi\Connection.php on line 300.
 1 SYSTEMPATH\Database\MySQLi\Connection.php(300): mysqli->query('INSERT INTO `buku` (`judul`, `penulis`, `penerbit`, `deskripsi`, `stok`, `genre_id`, `cover`) VALUES (\'One Piece Vol 1\', \'Eiichoro Oda\', \'Shueisha\', \'Petualangan Luffy\', \'10\', \'1\', \'default.jpg\')', 0)
 2 SYSTEMPATH\Database\BaseConnection.php(908): CodeIgniter\Database\MySQLi\Connection->execute('INSERT INTO `buku` (`judul`, `penulis`, `penerbit`, `deskripsi`, `stok`, `genre_id`, `cover`) VALUES (\'One Piece Vol 1\', \'Eiichoro Oda\', \'Shueisha\', \'Petualangan Luffy\', \'10\', \'1\', \'default.jpg\')')
 3 SYSTEMPATH\Database\BaseConnection.php(825): CodeIgniter\Database\BaseConnection->simpleQuery('INSERT INTO `buku` (`judul`, `penulis`, `penerbit`, `deskripsi`, `stok`, `genre_id`, `cover`) VALUES (\'One Piece Vol 1\', \'Eiichoro Oda\', \'Shueisha\', \'Petualangan Luffy\', \'10\', \'1\', \'default.jpg\')')
 4 SYSTEMPATH\Database\BaseBuilder.php(2343): CodeIgniter\Database\BaseConnection->query('INSERT INTO `buku` (`judul`, `penulis`, `penerbit`, `deskripsi`, `stok`, `genre_id`, `cover`) VALUES (:judul:, :penulis:, :penerbit:, :deskripsi:, :stok:, :genre_id:, :cover:)', [...], false)
 5 SYSTEMPATH\Model.php(357): CodeIgniter\Database\BaseBuilder->insert()
 6 SYSTEMPATH\BaseModel.php(899): CodeIgniter\Model->doInsert([...])
 7 SYSTEMPATH\Model.php(670): CodeIgniter\BaseModel->insert([...], true)
 8 APPPATH\Controllers\Buku.php(29): CodeIgniter\Model->insert([...])
 9 SYSTEMPATH\CodeIgniter.php(974): App\Controllers\Buku->create()
10 SYSTEMPATH\CodeIgniter.php(520): CodeIgniter\CodeIgniter->runController(Object(App\Controllers\Buku))
11 SYSTEMPATH\CodeIgniter.php(363): CodeIgniter\CodeIgniter->handleRequest(null, Object(Config\Cache), false)
12 SYSTEMPATH\Boot.php(417): CodeIgniter\CodeIgniter->run()
13 SYSTEMPATH\Boot.php(68): CodeIgniter\Boot::runCodeIgniter(Object(CodeIgniter\CodeIgniter))
14 FCPATH\index.php(59): CodeIgniter\Boot::bootWeb(Object(Config\Paths))
15 SYSTEMPATH\rewrite.php(44): require_once('C:\\xampp\\htdocs\\backend-api\\public\\index.php')
CRITICAL - 2026-06-15 16:15:50 --> CodeIgniter\Database\Exceptions\DatabaseException: Unknown column 'cover' in 'field list'
[Method: POST, Route: buku]
in SYSTEMPATH\Database\BaseConnection.php on line 863.
 1 SYSTEMPATH\Database\BaseBuilder.php(2343): CodeIgniter\Database\BaseConnection->query('INSERT INTO `buku` (`judul`, `penulis`, `penerbit`, `deskripsi`, `stok`, `genre_id`, `cover`) VALUES (:judul:, :penulis:, :penerbit:, :deskripsi:, :stok:, :genre_id:, :cover:)', [...], false)
 2 SYSTEMPATH\Model.php(357): CodeIgniter\Database\BaseBuilder->insert()
 3 SYSTEMPATH\BaseModel.php(899): CodeIgniter\Model->doInsert([...])
 4 SYSTEMPATH\Model.php(670): CodeIgniter\BaseModel->insert([...], true)
 5 APPPATH\Controllers\Buku.php(29): CodeIgniter\Model->insert([...])
 6 SYSTEMPATH\CodeIgniter.php(974): App\Controllers\Buku->create()
 7 SYSTEMPATH\CodeIgniter.php(520): CodeIgniter\CodeIgniter->runController(Object(App\Controllers\Buku))
 8 SYSTEMPATH\CodeIgniter.php(363): CodeIgniter\CodeIgniter->handleRequest(null, Object(Config\Cache), false)
 9 SYSTEMPATH\Boot.php(417): CodeIgniter\CodeIgniter->run()
10 SYSTEMPATH\Boot.php(68): CodeIgniter\Boot::runCodeIgniter(Object(CodeIgniter\CodeIgniter))
11 FCPATH\index.php(59): CodeIgniter\Boot::bootWeb(Object(Config\Paths))
12 SYSTEMPATH\rewrite.php(44): require_once('C:\\xampp\\htdocs\\backend-api\\public\\index.php')
CRITICAL - 2026-06-15 16:15:50 --> [Caused by] CodeIgniter\Database\Exceptions\DatabaseException: Unknown column 'cover' in 'field list'
in SYSTEMPATH\Database\MySQLi\Connection.php on line 310.
 1 SYSTEMPATH\Database\BaseConnection.php(908): CodeIgniter\Database\MySQLi\Connection->execute('INSERT INTO `buku` (`judul`, `penulis`, `penerbit`, `deskripsi`, `stok`, `genre_id`, `cover`) VALUES (\'One Piece Vol 1\', \'Eiichoro Oda\', \'Shueisha\', \'Petualangan Luffy\', \'10\', \'1\', \'default.jpg\')')
 2 SYSTEMPATH\Database\BaseConnection.php(825): CodeIgniter\Database\BaseConnection->simpleQuery('INSERT INTO `buku` (`judul`, `penulis`, `penerbit`, `deskripsi`, `stok`, `genre_id`, `cover`) VALUES (\'One Piece Vol 1\', \'Eiichoro Oda\', \'Shueisha\', \'Petualangan Luffy\', \'10\', \'1\', \'default.jpg\')')
 3 SYSTEMPATH\Database\BaseBuilder.php(2343): CodeIgniter\Database\BaseConnection->query('INSERT INTO `buku` (`judul`, `penulis`, `penerbit`, `deskripsi`, `stok`, `genre_id`, `cover`) VALUES (:judul:, :penulis:, :penerbit:, :deskripsi:, :stok:, :genre_id:, :cover:)', [...], false)
 4 SYSTEMPATH\Model.php(357): CodeIgniter\Database\BaseBuilder->insert()
 5 SYSTEMPATH\BaseModel.php(899): CodeIgniter\Model->doInsert([...])
 6 SYSTEMPATH\Model.php(670): CodeIgniter\BaseModel->insert([...], true)
 7 APPPATH\Controllers\Buku.php(29): CodeIgniter\Model->insert([...])
 8 SYSTEMPATH\CodeIgniter.php(974): App\Controllers\Buku->create()
 9 SYSTEMPATH\CodeIgniter.php(520): CodeIgniter\CodeIgniter->runController(Object(App\Controllers\Buku))
10 SYSTEMPATH\CodeIgniter.php(363): CodeIgniter\CodeIgniter->handleRequest(null, Object(Config\Cache), false)
11 SYSTEMPATH\Boot.php(417): CodeIgniter\CodeIgniter->run()
12 SYSTEMPATH\Boot.php(68): CodeIgniter\Boot::runCodeIgniter(Object(CodeIgniter\CodeIgniter))
13 FCPATH\index.php(59): CodeIgniter\Boot::bootWeb(Object(Config\Paths))
14 SYSTEMPATH\rewrite.php(44): require_once('C:\\xampp\\htdocs\\backend-api\\public\\index.php')
CRITICAL - 2026-06-15 16:15:50 --> [Caused by] mysqli_sql_exception: Unknown column 'cover' in 'field list'
in SYSTEMPATH\Database\MySQLi\Connection.php on line 300.
 1 SYSTEMPATH\Database\MySQLi\Connection.php(300): mysqli->query('INSERT INTO `buku` (`judul`, `penulis`, `penerbit`, `deskripsi`, `stok`, `genre_id`, `cover`) VALUES (\'One Piece Vol 1\', \'Eiichoro Oda\', \'Shueisha\', \'Petualangan Luffy\', \'10\', \'1\', \'default.jpg\')', 0)
 2 SYSTEMPATH\Database\BaseConnection.php(908): CodeIgniter\Database\MySQLi\Connection->execute('INSERT INTO `buku` (`judul`, `penulis`, `penerbit`, `deskripsi`, `stok`, `genre_id`, `cover`) VALUES (\'One Piece Vol 1\', \'Eiichoro Oda\', \'Shueisha\', \'Petualangan Luffy\', \'10\', \'1\', \'default.jpg\')')
 3 SYSTEMPATH\Database\BaseConnection.php(825): CodeIgniter\Database\BaseConnection->simpleQuery('INSERT INTO `buku` (`judul`, `penulis`, `penerbit`, `deskripsi`, `stok`, `genre_id`, `cover`) VALUES (\'One Piece Vol 1\', \'Eiichoro Oda\', \'Shueisha\', \'Petualangan Luffy\', \'10\', \'1\', \'default.jpg\')')
 4 SYSTEMPATH\Database\BaseBuilder.php(2343): CodeIgniter\Database\BaseConnection->query('INSERT INTO `buku` (`judul`, `penulis`, `penerbit`, `deskripsi`, `stok`, `genre_id`, `cover`) VALUES (:judul:, :penulis:, :penerbit:, :deskripsi:, :stok:, :genre_id:, :cover:)', [...], false)
 5 SYSTEMPATH\Model.php(357): CodeIgniter\Database\BaseBuilder->insert()
 6 SYSTEMPATH\BaseModel.php(899): CodeIgniter\Model->doInsert([...])
 7 SYSTEMPATH\Model.php(670): CodeIgniter\BaseModel->insert([...], true)
 8 APPPATH\Controllers\Buku.php(29): CodeIgniter\Model->insert([...])
 9 SYSTEMPATH\CodeIgniter.php(974): App\Controllers\Buku->create()
10 SYSTEMPATH\CodeIgniter.php(520): CodeIgniter\CodeIgniter->runController(Object(App\Controllers\Buku))
11 SYSTEMPATH\CodeIgniter.php(363): CodeIgniter\CodeIgniter->handleRequest(null, Object(Config\Cache), false)
12 SYSTEMPATH\Boot.php(417): CodeIgniter\CodeIgniter->run()
13 SYSTEMPATH\Boot.php(68): CodeIgniter\Boot::runCodeIgniter(Object(CodeIgniter\CodeIgniter))
14 FCPATH\index.php(59): CodeIgniter\Boot::bootWeb(Object(Config\Paths))
15 SYSTEMPATH\rewrite.php(44): require_once('C:\\xampp\\htdocs\\backend-api\\public\\index.php')
ERROR - 2026-06-15 17:01:54 --> Table 'liblary.peminjamen' doesn't exist
in SYSTEMPATH\Database\MySQLi\Connection.php on line 300.
 1 SYSTEMPATH\Database\MySQLi\Connection.php(300): mysqli->query('SELECT COUNT(*) AS `numrows` FROM `peminjamen`', 0)
 2 SYSTEMPATH\Database\BaseConnection.php(908): CodeIgniter\Database\MySQLi\Connection->execute('SELECT COUNT(*) AS `numrows` FROM `peminjamen`')
 3 SYSTEMPATH\Database\BaseConnection.php(825): CodeIgniter\Database\BaseConnection->simpleQuery('SELECT COUNT(*) AS `numrows` FROM `peminjamen`')
 4 SYSTEMPATH\Database\BaseBuilder.php(1676): CodeIgniter\Database\BaseConnection->query('SELECT COUNT(*) AS `numrows` FROM `peminjamen`', null, false)
 5 SYSTEMPATH\Model.php(761): CodeIgniter\Database\BaseBuilder->countAll()
 6 APPPATH\Controllers\Dashboard.php(21): CodeIgniter\Model->__call('countAll', [])
 7 SYSTEMPATH\CodeIgniter.php(974): App\Controllers\Dashboard->index()
 8 SYSTEMPATH\CodeIgniter.php(520): CodeIgniter\CodeIgniter->runController(Object(App\Controllers\Dashboard))
 9 SYSTEMPATH\CodeIgniter.php(363): CodeIgniter\CodeIgniter->handleRequest(null, Object(Config\Cache), false)
10 SYSTEMPATH\Boot.php(417): CodeIgniter\CodeIgniter->run()
11 SYSTEMPATH\Boot.php(68): CodeIgniter\Boot::runCodeIgniter(Object(CodeIgniter\CodeIgniter))
12 FCPATH\index.php(59): CodeIgniter\Boot::bootWeb(Object(Config\Paths))
13 SYSTEMPATH\rewrite.php(44): require_once('C:\\xampp\\htdocs\\backend-api\\public\\index.php')
CRITICAL - 2026-06-15 17:01:54 --> CodeIgniter\Database\Exceptions\DatabaseException: Table 'liblary.peminjamen' doesn't exist
[Method: GET, Route: dashboard]
in SYSTEMPATH\Database\BaseConnection.php on line 863.
 1 SYSTEMPATH\Database\BaseBuilder.php(1676): CodeIgniter\Database\BaseConnection->query('SELECT COUNT(*) AS `numrows` FROM `peminjamen`', null, false)
 2 SYSTEMPATH\Model.php(761): CodeIgniter\Database\BaseBuilder->countAll()
 3 APPPATH\Controllers\Dashboard.php(21): CodeIgniter\Model->__call('countAll', [])
 4 SYSTEMPATH\CodeIgniter.php(974): App\Controllers\Dashboard->index()
 5 SYSTEMPATH\CodeIgniter.php(520): CodeIgniter\CodeIgniter->runController(Object(App\Controllers\Dashboard))
 6 SYSTEMPATH\CodeIgniter.php(363): CodeIgniter\CodeIgniter->handleRequest(null, Object(Config\Cache), false)
 7 SYSTEMPATH\Boot.php(417): CodeIgniter\CodeIgniter->run()
 8 SYSTEMPATH\Boot.php(68): CodeIgniter\Boot::runCodeIgniter(Object(CodeIgniter\CodeIgniter))
 9 FCPATH\index.php(59): CodeIgniter\Boot::bootWeb(Object(Config\Paths))
10 SYSTEMPATH\rewrite.php(44): require_once('C:\\xampp\\htdocs\\backend-api\\public\\index.php')
CRITICAL - 2026-06-15 17:01:54 --> [Caused by] CodeIgniter\Database\Exceptions\DatabaseException: Table 'liblary.peminjamen' doesn't exist
in SYSTEMPATH\Database\MySQLi\Connection.php on line 310.
 1 SYSTEMPATH\Database\BaseConnection.php(908): CodeIgniter\Database\MySQLi\Connection->execute('SELECT COUNT(*) AS `numrows` FROM `peminjamen`')
 2 SYSTEMPATH\Database\BaseConnection.php(825): CodeIgniter\Database\BaseConnection->simpleQuery('SELECT COUNT(*) AS `numrows` FROM `peminjamen`')
 3 SYSTEMPATH\Database\BaseBuilder.php(1676): CodeIgniter\Database\BaseConnection->query('SELECT COUNT(*) AS `numrows` FROM `peminjamen`', null, false)
 4 SYSTEMPATH\Model.php(761): CodeIgniter\Database\BaseBuilder->countAll()
 5 APPPATH\Controllers\Dashboard.php(21): CodeIgniter\Model->__call('countAll', [])
 6 SYSTEMPATH\CodeIgniter.php(974): App\Controllers\Dashboard->index()
 7 SYSTEMPATH\CodeIgniter.php(520): CodeIgniter\CodeIgniter->runController(Object(App\Controllers\Dashboard))
 8 SYSTEMPATH\CodeIgniter.php(363): CodeIgniter\CodeIgniter->handleRequest(null, Object(Config\Cache), false)
 9 SYSTEMPATH\Boot.php(417): CodeIgniter\CodeIgniter->run()
10 SYSTEMPATH\Boot.php(68): CodeIgniter\Boot::runCodeIgniter(Object(CodeIgniter\CodeIgniter))
11 FCPATH\index.php(59): CodeIgniter\Boot::bootWeb(Object(Config\Paths))
12 SYSTEMPATH\rewrite.php(44): require_once('C:\\xampp\\htdocs\\backend-api\\public\\index.php')
CRITICAL - 2026-06-15 17:01:54 --> [Caused by] mysqli_sql_exception: Table 'liblary.peminjamen' doesn't exist
in SYSTEMPATH\Database\MySQLi\Connection.php on line 300.
 1 SYSTEMPATH\Database\MySQLi\Connection.php(300): mysqli->query('SELECT COUNT(*) AS `numrows` FROM `peminjamen`', 0)
 2 SYSTEMPATH\Database\BaseConnection.php(908): CodeIgniter\Database\MySQLi\Connection->execute('SELECT COUNT(*) AS `numrows` FROM `peminjamen`')
 3 SYSTEMPATH\Database\BaseConnection.php(825): CodeIgniter\Database\BaseConnection->simpleQuery('SELECT COUNT(*) AS `numrows` FROM `peminjamen`')
 4 SYSTEMPATH\Database\BaseBuilder.php(1676): CodeIgniter\Database\BaseConnection->query('SELECT COUNT(*) AS `numrows` FROM `peminjamen`', null, false)
 5 SYSTEMPATH\Model.php(761): CodeIgniter\Database\BaseBuilder->countAll()
 6 APPPATH\Controllers\Dashboard.php(21): CodeIgniter\Model->__call('countAll', [])
 7 SYSTEMPATH\CodeIgniter.php(974): App\Controllers\Dashboard->index()
 8 SYSTEMPATH\CodeIgniter.php(520): CodeIgniter\CodeIgniter->runController(Object(App\Controllers\Dashboard))
 9 SYSTEMPATH\CodeIgniter.php(363): CodeIgniter\CodeIgniter->handleRequest(null, Object(Config\Cache), false)
10 SYSTEMPATH\Boot.php(417): CodeIgniter\CodeIgniter->run()
11 SYSTEMPATH\Boot.php(68): CodeIgniter\Boot::runCodeIgniter(Object(CodeIgniter\CodeIgniter))
12 FCPATH\index.php(59): CodeIgniter\Boot::bootWeb(Object(Config\Paths))
13 SYSTEMPATH\rewrite.php(44): require_once('C:\\xampp\\htdocs\\backend-api\\public\\index.php')
ERROR - 2026-06-15 17:03:20 --> Table 'liblary.peminjamen' doesn't exist
in SYSTEMPATH\Database\MySQLi\Connection.php on line 300.
 1 SYSTEMPATH\Database\MySQLi\Connection.php(300): mysqli->query('SELECT COUNT(*) AS `numrows` FROM `peminjamen`', 0)
 2 SYSTEMPATH\Database\BaseConnection.php(908): CodeIgniter\Database\MySQLi\Connection->execute('SELECT COUNT(*) AS `numrows` FROM `peminjamen`')
 3 SYSTEMPATH\Database\BaseConnection.php(825): CodeIgniter\Database\BaseConnection->simpleQuery('SELECT COUNT(*) AS `numrows` FROM `peminjamen`')
 4 SYSTEMPATH\Database\BaseBuilder.php(1676): CodeIgniter\Database\BaseConnection->query('SELECT COUNT(*) AS `numrows` FROM `peminjamen`', null, false)
 5 SYSTEMPATH\Model.php(761): CodeIgniter\Database\BaseBuilder->countAll()
 6 APPPATH\Controllers\Dashboard.php(21): CodeIgniter\Model->__call('countAll', [])
 7 SYSTEMPATH\CodeIgniter.php(974): App\Controllers\Dashboard->index()
 8 SYSTEMPATH\CodeIgniter.php(520): CodeIgniter\CodeIgniter->runController(Object(App\Controllers\Dashboard))
 9 SYSTEMPATH\CodeIgniter.php(363): CodeIgniter\CodeIgniter->handleRequest(null, Object(Config\Cache), false)
10 SYSTEMPATH\Boot.php(417): CodeIgniter\CodeIgniter->run()
11 SYSTEMPATH\Boot.php(68): CodeIgniter\Boot::runCodeIgniter(Object(CodeIgniter\CodeIgniter))
12 FCPATH\index.php(59): CodeIgniter\Boot::bootWeb(Object(Config\Paths))
13 SYSTEMPATH\rewrite.php(44): require_once('C:\\xampp\\htdocs\\backend-api\\public\\index.php')
CRITICAL - 2026-06-15 17:03:20 --> CodeIgniter\Database\Exceptions\DatabaseException: Table 'liblary.peminjamen' doesn't exist
[Method: GET, Route: dashboard]
in SYSTEMPATH\Database\BaseConnection.php on line 863.
 1 SYSTEMPATH\Database\BaseBuilder.php(1676): CodeIgniter\Database\BaseConnection->query('SELECT COUNT(*) AS `numrows` FROM `peminjamen`', null, false)
 2 SYSTEMPATH\Model.php(761): CodeIgniter\Database\BaseBuilder->countAll()
 3 APPPATH\Controllers\Dashboard.php(21): CodeIgniter\Model->__call('countAll', [])
 4 SYSTEMPATH\CodeIgniter.php(974): App\Controllers\Dashboard->index()
 5 SYSTEMPATH\CodeIgniter.php(520): CodeIgniter\CodeIgniter->runController(Object(App\Controllers\Dashboard))
 6 SYSTEMPATH\CodeIgniter.php(363): CodeIgniter\CodeIgniter->handleRequest(null, Object(Config\Cache), false)
 7 SYSTEMPATH\Boot.php(417): CodeIgniter\CodeIgniter->run()
 8 SYSTEMPATH\Boot.php(68): CodeIgniter\Boot::runCodeIgniter(Object(CodeIgniter\CodeIgniter))
 9 FCPATH\index.php(59): CodeIgniter\Boot::bootWeb(Object(Config\Paths))
10 SYSTEMPATH\rewrite.php(44): require_once('C:\\xampp\\htdocs\\backend-api\\public\\index.php')
CRITICAL - 2026-06-15 17:03:20 --> [Caused by] CodeIgniter\Database\Exceptions\DatabaseException: Table 'liblary.peminjamen' doesn't exist
in SYSTEMPATH\Database\MySQLi\Connection.php on line 310.
 1 SYSTEMPATH\Database\BaseConnection.php(908): CodeIgniter\Database\MySQLi\Connection->execute('SELECT COUNT(*) AS `numrows` FROM `peminjamen`')
 2 SYSTEMPATH\Database\BaseConnection.php(825): CodeIgniter\Database\BaseConnection->simpleQuery('SELECT COUNT(*) AS `numrows` FROM `peminjamen`')
 3 SYSTEMPATH\Database\BaseBuilder.php(1676): CodeIgniter\Database\BaseConnection->query('SELECT COUNT(*) AS `numrows` FROM `peminjamen`', null, false)
 4 SYSTEMPATH\Model.php(761): CodeIgniter\Database\BaseBuilder->countAll()
 5 APPPATH\Controllers\Dashboard.php(21): CodeIgniter\Model->__call('countAll', [])
 6 SYSTEMPATH\CodeIgniter.php(974): App\Controllers\Dashboard->index()
 7 SYSTEMPATH\CodeIgniter.php(520): CodeIgniter\CodeIgniter->runController(Object(App\Controllers\Dashboard))
 8 SYSTEMPATH\CodeIgniter.php(363): CodeIgniter\CodeIgniter->handleRequest(null, Object(Config\Cache), false)
 9 SYSTEMPATH\Boot.php(417): CodeIgniter\CodeIgniter->run()
10 SYSTEMPATH\Boot.php(68): CodeIgniter\Boot::runCodeIgniter(Object(CodeIgniter\CodeIgniter))
11 FCPATH\index.php(59): CodeIgniter\Boot::bootWeb(Object(Config\Paths))
12 SYSTEMPATH\rewrite.php(44): require_once('C:\\xampp\\htdocs\\backend-api\\public\\index.php')
CRITICAL - 2026-06-15 17:03:20 --> [Caused by] mysqli_sql_exception: Table 'liblary.peminjamen' doesn't exist
in SYSTEMPATH\Database\MySQLi\Connection.php on line 300.
 1 SYSTEMPATH\Database\MySQLi\Connection.php(300): mysqli->query('SELECT COUNT(*) AS `numrows` FROM `peminjamen`', 0)
 2 SYSTEMPATH\Database\BaseConnection.php(908): CodeIgniter\Database\MySQLi\Connection->execute('SELECT COUNT(*) AS `numrows` FROM `peminjamen`')
 3 SYSTEMPATH\Database\BaseConnection.php(825): CodeIgniter\Database\BaseConnection->simpleQuery('SELECT COUNT(*) AS `numrows` FROM `peminjamen`')
 4 SYSTEMPATH\Database\BaseBuilder.php(1676): CodeIgniter\Database\BaseConnection->query('SELECT COUNT(*) AS `numrows` FROM `peminjamen`', null, false)
 5 SYSTEMPATH\Model.php(761): CodeIgniter\Database\BaseBuilder->countAll()
 6 APPPATH\Controllers\Dashboard.php(21): CodeIgniter\Model->__call('countAll', [])
 7 SYSTEMPATH\CodeIgniter.php(974): App\Controllers\Dashboard->index()
 8 SYSTEMPATH\CodeIgniter.php(520): CodeIgniter\CodeIgniter->runController(Object(App\Controllers\Dashboard))
 9 SYSTEMPATH\CodeIgniter.php(363): CodeIgniter\CodeIgniter->handleRequest(null, Object(Config\Cache), false)
10 SYSTEMPATH\Boot.php(417): CodeIgniter\CodeIgniter->run()
11 SYSTEMPATH\Boot.php(68): CodeIgniter\Boot::runCodeIgniter(Object(CodeIgniter\CodeIgniter))
12 FCPATH\index.php(59): CodeIgniter\Boot::bootWeb(Object(Config\Paths))
13 SYSTEMPATH\rewrite.php(44): require_once('C:\\xampp\\htdocs\\backend-api\\public\\index.php')
CRITICAL - 2026-06-15 17:24:54 --> Error: Undefined constant "Config\cors"
[Method: GET, Route: buku]
in SYSTEMPATH\Config\Factories.php on line 236.
 1 SYSTEMPATH\Config\Factories.php(170): CodeIgniter\Config\Factories::createInstance('config', 'Config\\Filters', [])
 2 SYSTEMPATH\Config\Factories.php(189): CodeIgniter\Config\Factories::__callStatic('config', [])
 3 SYSTEMPATH\Common.php(212): CodeIgniter\Config\Factories::get('config', 'Config\\Filters')
 4 SYSTEMPATH\Config\Services.php(295): config('Config\\Filters')
 5 SYSTEMPATH\Config\BaseService.php(325): CodeIgniter\Config\Services::filters(null, false)
 6 SYSTEMPATH\Config\BaseService.php(264): CodeIgniter\Config\BaseService::__callStatic('filters', [...])
 7 SYSTEMPATH\Config\Services.php(292): CodeIgniter\Config\BaseService::getSharedInstance('filters', null)
 8 SYSTEMPATH\Config\BaseService.php(334): CodeIgniter\Config\Services::filters()
 9 SYSTEMPATH\CodeIgniter.php(354): CodeIgniter\Config\BaseService::__callStatic('filters', [])
10 SYSTEMPATH\Boot.php(417): CodeIgniter\CodeIgniter->run()
11 SYSTEMPATH\Boot.php(68): CodeIgniter\Boot::runCodeIgniter(Object(CodeIgniter\CodeIgniter))
12 FCPATH\index.php(59): CodeIgniter\Boot::bootWeb(Object(Config\Paths))
13 SYSTEMPATH\rewrite.php(44): require_once('C:\\xampp\\htdocs\\backend-api\\public\\index.php')
CRITICAL - 2026-06-15 17:24:57 --> Error: Undefined constant "Config\cors"
[Method: GET, Route: buku]
in SYSTEMPATH\Config\Factories.php on line 236.
 1 SYSTEMPATH\Config\Factories.php(170): CodeIgniter\Config\Factories::createInstance('config', 'Config\\Filters', [])
 2 SYSTEMPATH\Config\Factories.php(189): CodeIgniter\Config\Factories::__callStatic('config', [])
 3 SYSTEMPATH\Common.php(212): CodeIgniter\Config\Factories::get('config', 'Config\\Filters')
 4 SYSTEMPATH\Config\Services.php(295): config('Config\\Filters')
 5 SYSTEMPATH\Config\BaseService.php(325): CodeIgniter\Config\Services::filters(null, false)
 6 SYSTEMPATH\Config\BaseService.php(264): CodeIgniter\Config\BaseService::__callStatic('filters', [...])
 7 SYSTEMPATH\Config\Services.php(292): CodeIgniter\Config\BaseService::getSharedInstance('filters', null)
 8 SYSTEMPATH\Config\BaseService.php(334): CodeIgniter\Config\Services::filters()
 9 SYSTEMPATH\CodeIgniter.php(354): CodeIgniter\Config\BaseService::__callStatic('filters', [])
10 SYSTEMPATH\Boot.php(417): CodeIgniter\CodeIgniter->run()
11 SYSTEMPATH\Boot.php(68): CodeIgniter\Boot::runCodeIgniter(Object(CodeIgniter\CodeIgniter))
12 FCPATH\index.php(59): CodeIgniter\Boot::bootWeb(Object(Config\Paths))
13 SYSTEMPATH\rewrite.php(44): require_once('C:\\xampp\\htdocs\\backend-api\\public\\index.php')
CRITICAL - 2026-06-15 17:25:39 --> Error: Undefined constant "Config\cors"
[Method: GET, Route: buku]
in SYSTEMPATH\Config\Factories.php on line 236.
 1 SYSTEMPATH\Config\Factories.php(170): CodeIgniter\Config\Factories::createInstance('config', 'Config\\Filters', [])
 2 SYSTEMPATH\Config\Factories.php(189): CodeIgniter\Config\Factories::__callStatic('config', [])
 3 SYSTEMPATH\Common.php(212): CodeIgniter\Config\Factories::get('config', 'Config\\Filters')
 4 SYSTEMPATH\Config\Services.php(295): config('Config\\Filters')
 5 SYSTEMPATH\Config\BaseService.php(325): CodeIgniter\Config\Services::filters(null, false)
 6 SYSTEMPATH\Config\BaseService.php(264): CodeIgniter\Config\BaseService::__callStatic('filters', [...])
 7 SYSTEMPATH\Config\Services.php(292): CodeIgniter\Config\BaseService::getSharedInstance('filters', null)
 8 SYSTEMPATH\Config\BaseService.php(334): CodeIgniter\Config\Services::filters()
 9 SYSTEMPATH\CodeIgniter.php(354): CodeIgniter\Config\BaseService::__callStatic('filters', [])
10 SYSTEMPATH\Boot.php(417): CodeIgniter\CodeIgniter->run()
11 SYSTEMPATH\Boot.php(68): CodeIgniter\Boot::runCodeIgniter(Object(CodeIgniter\CodeIgniter))
12 FCPATH\index.php(59): CodeIgniter\Boot::bootWeb(Object(Config\Paths))
13 SYSTEMPATH\rewrite.php(44): require_once('C:\\xampp\\htdocs\\backend-api\\public\\index.php')
CRITICAL - 2026-06-15 17:25:52 --> Error: Undefined constant "Config\cors"
[Method: GET, Route: buku]
in SYSTEMPATH\Config\Factories.php on line 236.
 1 SYSTEMPATH\Config\Factories.php(170): CodeIgniter\Config\Factories::createInstance('config', 'Config\\Filters', [])
 2 SYSTEMPATH\Config\Factories.php(189): CodeIgniter\Config\Factories::__callStatic('config', [])
 3 SYSTEMPATH\Common.php(212): CodeIgniter\Config\Factories::get('config', 'Config\\Filters')
 4 SYSTEMPATH\Config\Services.php(295): config('Config\\Filters')
 5 SYSTEMPATH\Config\BaseService.php(325): CodeIgniter\Config\Services::filters(null, false)
 6 SYSTEMPATH\Config\BaseService.php(264): CodeIgniter\Config\BaseService::__callStatic('filters', [...])
 7 SYSTEMPATH\Config\Services.php(292): CodeIgniter\Config\BaseService::getSharedInstance('filters', null)
 8 SYSTEMPATH\Config\BaseService.php(334): CodeIgniter\Config\Services::filters()
 9 SYSTEMPATH\CodeIgniter.php(354): CodeIgniter\Config\BaseService::__callStatic('filters', [])
10 SYSTEMPATH\Boot.php(417): CodeIgniter\CodeIgniter->run()
11 SYSTEMPATH\Boot.php(68): CodeIgniter\Boot::runCodeIgniter(Object(CodeIgniter\CodeIgniter))
12 FCPATH\index.php(59): CodeIgniter\Boot::bootWeb(Object(Config\Paths))
13 SYSTEMPATH\rewrite.php(44): require_once('C:\\xampp\\htdocs\\backend-api\\public\\index.php')
CRITICAL - 2026-06-15 17:25:55 --> Error: Undefined constant "Config\cors"
[Method: GET, Route: buku]
in SYSTEMPATH\Config\Factories.php on line 236.
 1 SYSTEMPATH\Config\Factories.php(170): CodeIgniter\Config\Factories::createInstance('config', 'Config\\Filters', [])
 2 SYSTEMPATH\Config\Factories.php(189): CodeIgniter\Config\Factories::__callStatic('config', [])
 3 SYSTEMPATH\Common.php(212): CodeIgniter\Config\Factories::get('config', 'Config\\Filters')
 4 SYSTEMPATH\Config\Services.php(295): config('Config\\Filters')
 5 SYSTEMPATH\Config\BaseService.php(325): CodeIgniter\Config\Services::filters(null, false)
 6 SYSTEMPATH\Config\BaseService.php(264): CodeIgniter\Config\BaseService::__callStatic('filters', [...])
 7 SYSTEMPATH\Config\Services.php(292): CodeIgniter\Config\BaseService::getSharedInstance('filters', null)
 8 SYSTEMPATH\Config\BaseService.php(334): CodeIgniter\Config\Services::filters()
 9 SYSTEMPATH\CodeIgniter.php(354): CodeIgniter\Config\BaseService::__callStatic('filters', [])
10 SYSTEMPATH\Boot.php(417): CodeIgniter\CodeIgniter->run()
11 SYSTEMPATH\Boot.php(68): CodeIgniter\Boot::runCodeIgniter(Object(CodeIgniter\CodeIgniter))
12 FCPATH\index.php(59): CodeIgniter\Boot::bootWeb(Object(Config\Paths))
13 SYSTEMPATH\rewrite.php(44): require_once('C:\\xampp\\htdocs\\backend-api\\public\\index.php')
CRITICAL - 2026-06-15 17:49:58 --> ErrorException: Undefined array key "username"
[Method: POST, Route: login]
in APPPATH\Controllers\Auth.php on line 22.
 1 APPPATH\Controllers\Auth.php(22): CodeIgniter\Debug\Exceptions->errorHandler(2, 'Undefined array key "username"', 'C:\\xampp\\htdocs\\backend-api\\app\\Controllers\\Auth.php', 22)
 2 SYSTEMPATH\CodeIgniter.php(974): App\Controllers\Auth->login()
 3 SYSTEMPATH\CodeIgniter.php(520): CodeIgniter\CodeIgniter->runController(Object(App\Controllers\Auth))
 4 SYSTEMPATH\CodeIgniter.php(363): CodeIgniter\CodeIgniter->handleRequest(null, Object(Config\Cache), false)
 5 SYSTEMPATH\Boot.php(417): CodeIgniter\CodeIgniter->run()
 6 SYSTEMPATH\Boot.php(68): CodeIgniter\Boot::runCodeIgniter(Object(CodeIgniter\CodeIgniter))
 7 FCPATH\index.php(59): CodeIgniter\Boot::bootWeb(Object(Config\Paths))
 8 SYSTEMPATH\rewrite.php(44): require_once('C:\\xampp\\htdocs\\backend-api\\public\\index.php')
CRITICAL - 2026-06-15 17:53:19 --> CodeIgniter\HTTP\Exceptions\HTTPException: Failed to parse JSON string. Error: Syntax error
[Method: POST, Route: genre]
in SYSTEMPATH\HTTP\IncomingRequest.php on line 406.
 1 SYSTEMPATH\HTTP\IncomingRequest.php(406): CodeIgniter\HTTP\Exceptions\HTTPException::forInvalidJSON('Syntax error')
 2 APPPATH\Controllers\Genre.php(22): CodeIgniter\HTTP\IncomingRequest->getJSON(true)
 3 SYSTEMPATH\CodeIgniter.php(974): App\Controllers\Genre->create()
 4 SYSTEMPATH\CodeIgniter.php(520): CodeIgniter\CodeIgniter->runController(Object(App\Controllers\Genre))
 5 SYSTEMPATH\CodeIgniter.php(363): CodeIgniter\CodeIgniter->handleRequest(null, Object(Config\Cache), false)
 6 SYSTEMPATH\Boot.php(417): CodeIgniter\CodeIgniter->run()
 7 SYSTEMPATH\Boot.php(68): CodeIgniter\Boot::runCodeIgniter(Object(CodeIgniter\CodeIgniter))
 8 FCPATH\index.php(59): CodeIgniter\Boot::bootWeb(Object(Config\Paths))
 9 SYSTEMPATH\rewrite.php(44): require_once('C:\\xampp\\htdocs\\backend-api\\public\\index.php')
CRITICAL - 2026-06-15 17:54:47 --> CodeIgniter\HTTP\Exceptions\HTTPException: Failed to parse JSON string. Error: Syntax error
[Method: POST, Route: genre]
in SYSTEMPATH\HTTP\IncomingRequest.php on line 406.
 1 SYSTEMPATH\HTTP\IncomingRequest.php(406): CodeIgniter\HTTP\Exceptions\HTTPException::forInvalidJSON('Syntax error')
 2 APPPATH\Controllers\Genre.php(22): CodeIgniter\HTTP\IncomingRequest->getJSON(true)
 3 SYSTEMPATH\CodeIgniter.php(974): App\Controllers\Genre->create()
 4 SYSTEMPATH\CodeIgniter.php(520): CodeIgniter\CodeIgniter->runController(Object(App\Controllers\Genre))
 5 SYSTEMPATH\CodeIgniter.php(363): CodeIgniter\CodeIgniter->handleRequest(null, Object(Config\Cache), false)
 6 SYSTEMPATH\Boot.php(417): CodeIgniter\CodeIgniter->run()
 7 SYSTEMPATH\Boot.php(68): CodeIgniter\Boot::runCodeIgniter(Object(CodeIgniter\CodeIgniter))
 8 FCPATH\index.php(59): CodeIgniter\Boot::bootWeb(Object(Config\Paths))
 9 SYSTEMPATH\rewrite.php(44): require_once('C:\\xampp\\htdocs\\backend-api\\public\\index.php')
CRITICAL - 2026-06-15 17:55:20 --> CodeIgniter\HTTP\Exceptions\HTTPException: Failed to parse JSON string. Error: Syntax error
[Method: POST, Route: genre]
in SYSTEMPATH\HTTP\IncomingRequest.php on line 406.
 1 SYSTEMPATH\HTTP\IncomingRequest.php(406): CodeIgniter\HTTP\Exceptions\HTTPException::forInvalidJSON('Syntax error')
 2 APPPATH\Controllers\Genre.php(22): CodeIgniter\HTTP\IncomingRequest->getJSON(true)
 3 SYSTEMPATH\CodeIgniter.php(974): App\Controllers\Genre->create()
 4 SYSTEMPATH\CodeIgniter.php(520): CodeIgniter\CodeIgniter->runController(Object(App\Controllers\Genre))
 5 SYSTEMPATH\CodeIgniter.php(363): CodeIgniter\CodeIgniter->handleRequest(null, Object(Config\Cache), false)
 6 SYSTEMPATH\Boot.php(417): CodeIgniter\CodeIgniter->run()
 7 SYSTEMPATH\Boot.php(68): CodeIgniter\Boot::runCodeIgniter(Object(CodeIgniter\CodeIgniter))
 8 FCPATH\index.php(59): CodeIgniter\Boot::bootWeb(Object(Config\Paths))
 9 SYSTEMPATH\rewrite.php(44): require_once('C:\\xampp\\htdocs\\backend-api\\public\\index.php')
CRITICAL - 2026-06-15 17:56:41 --> CodeIgniter\HTTP\Exceptions\HTTPException: Failed to parse JSON string. Error: Syntax error
[Method: POST, Route: genre]
in SYSTEMPATH\HTTP\IncomingRequest.php on line 406.
 1 SYSTEMPATH\HTTP\IncomingRequest.php(406): CodeIgniter\HTTP\Exceptions\HTTPException::forInvalidJSON('Syntax error')
 2 APPPATH\Controllers\Genre.php(22): CodeIgniter\HTTP\IncomingRequest->getJSON(true)
 3 SYSTEMPATH\CodeIgniter.php(974): App\Controllers\Genre->create()
 4 SYSTEMPATH\CodeIgniter.php(520): CodeIgniter\CodeIgniter->runController(Object(App\Controllers\Genre))
 5 SYSTEMPATH\CodeIgniter.php(363): CodeIgniter\CodeIgniter->handleRequest(null, Object(Config\Cache), false)
 6 SYSTEMPATH\Boot.php(417): CodeIgniter\CodeIgniter->run()
 7 SYSTEMPATH\Boot.php(68): CodeIgniter\Boot::runCodeIgniter(Object(CodeIgniter\CodeIgniter))
 8 FCPATH\index.php(59): CodeIgniter\Boot::bootWeb(Object(Config\Paths))
 9 SYSTEMPATH\rewrite.php(44): require_once('C:\\xampp\\htdocs\\backend-api\\public\\index.php')
CRITICAL - 2026-06-15 18:04:26 --> ErrorException: Trying to access array offset on value of type null
[Method: POST, Route: peminjaman]
in APPPATH\Controllers\Peminjaman.php on line 31.
 1 APPPATH\Controllers\Peminjaman.php(31): CodeIgniter\Debug\Exceptions->errorHandler(2, 'Trying to access array offset on value of type null', 'C:\\xampp\\htdocs\\backend-api\\app\\Controllers\\Peminjaman.php', 31)
 2 SYSTEMPATH\CodeIgniter.php(974): App\Controllers\Peminjaman->create()
 3 SYSTEMPATH\CodeIgniter.php(520): CodeIgniter\CodeIgniter->runController(Object(App\Controllers\Peminjaman))
 4 SYSTEMPATH\CodeIgniter.php(363): CodeIgniter\CodeIgniter->handleRequest(null, Object(Config\Cache), false)
 5 SYSTEMPATH\Boot.php(417): CodeIgniter\CodeIgniter->run()
 6 SYSTEMPATH\Boot.php(68): CodeIgniter\Boot::runCodeIgniter(Object(CodeIgniter\CodeIgniter))
 7 FCPATH\index.php(59): CodeIgniter\Boot::bootWeb(Object(Config\Paths))
 8 SYSTEMPATH\rewrite.php(44): require_once('C:\\xampp\\htdocs\\backend-api\\public\\index.php')
ERROR - 2026-06-15 18:07:12 --> Cannot add or update a child row: a foreign key constraint fails (`liblary`.`peminjaman`, CONSTRAINT `peminjaman_ibfk_2` FOREIGN KEY (`buku_id`) REFERENCES `buku` (`id`))
in SYSTEMPATH\Database\MySQLi\Connection.php on line 300.
 1 SYSTEMPATH\Database\MySQLi\Connection.php(300): mysqli->query('INSERT INTO `peminjaman` (`user_id`, `buku_id`, `tanggal_pinjam`, `tanggal_kembali`, `status`) VALUES (\'1\', \'2\', \'2026-06-15\', \'2026-07-01\', \'dipinjam\')', 0)
 2 SYSTEMPATH\Database\BaseConnection.php(908): CodeIgniter\Database\MySQLi\Connection->execute('INSERT INTO `peminjaman` (`user_id`, `buku_id`, `tanggal_pinjam`, `tanggal_kembali`, `status`) VALUES (\'1\', \'2\', \'2026-06-15\', \'2026-07-01\', \'dipinjam\')')
 3 SYSTEMPATH\Database\BaseConnection.php(825): CodeIgniter\Database\BaseConnection->simpleQuery('INSERT INTO `peminjaman` (`user_id`, `buku_id`, `tanggal_pinjam`, `tanggal_kembali`, `status`) VALUES (\'1\', \'2\', \'2026-06-15\', \'2026-07-01\', \'dipinjam\')')
 4 SYSTEMPATH\Database\BaseBuilder.php(2343): CodeIgniter\Database\BaseConnection->query('INSERT INTO `peminjaman` (`user_id`, `buku_id`, `tanggal_pinjam`, `tanggal_kembali`, `status`) VALUES (:user_id:, :buku_id:, :tanggal_pinjam:, :tanggal_kembali:, :status:)', [...], false)
 5 SYSTEMPATH\Model.php(357): CodeIgniter\Database\BaseBuilder->insert()
 6 SYSTEMPATH\BaseModel.php(899): CodeIgniter\Model->doInsert([...])
 7 SYSTEMPATH\Model.php(670): CodeIgniter\BaseModel->insert([...], true)
 8 APPPATH\Controllers\Peminjaman.php(47): CodeIgniter\Model->insert([...])
 9 SYSTEMPATH\CodeIgniter.php(974): App\Controllers\Peminjaman->create()
10 SYSTEMPATH\CodeIgniter.php(520): CodeIgniter\CodeIgniter->runController(Object(App\Controllers\Peminjaman))
11 SYSTEMPATH\CodeIgniter.php(363): CodeIgniter\CodeIgniter->handleRequest(null, Object(Config\Cache), false)
12 SYSTEMPATH\Boot.php(417): CodeIgniter\CodeIgniter->run()
13 SYSTEMPATH\Boot.php(68): CodeIgniter\Boot::runCodeIgniter(Object(CodeIgniter\CodeIgniter))
14 FCPATH\index.php(59): CodeIgniter\Boot::bootWeb(Object(Config\Paths))
15 SYSTEMPATH\rewrite.php(44): require_once('C:\\xampp\\htdocs\\backend-api\\public\\index.php')
CRITICAL - 2026-06-15 18:07:12 --> CodeIgniter\Database\Exceptions\DatabaseException: Cannot add or update a child row: a foreign key constraint fails (`liblary`.`peminjaman`, CONSTRAINT `peminjaman_ibfk_2` FOREIGN KEY (`buku_id`) REFERENCES `buku` (`id`))
[Method: POST, Route: peminjaman]
in SYSTEMPATH\Database\BaseConnection.php on line 863.
 1 SYSTEMPATH\Database\BaseBuilder.php(2343): CodeIgniter\Database\BaseConnection->query('INSERT INTO `peminjaman` (`user_id`, `buku_id`, `tanggal_pinjam`, `tanggal_kembali`, `status`) VALUES (:user_id:, :buku_id:, :tanggal_pinjam:, :tanggal_kembali:, :status:)', [...], false)
 2 SYSTEMPATH\Model.php(357): CodeIgniter\Database\BaseBuilder->insert()
 3 SYSTEMPATH\BaseModel.php(899): CodeIgniter\Model->doInsert([...])
 4 SYSTEMPATH\Model.php(670): CodeIgniter\BaseModel->insert([...], true)
 5 APPPATH\Controllers\Peminjaman.php(47): CodeIgniter\Model->insert([...])
 6 SYSTEMPATH\CodeIgniter.php(974): App\Controllers\Peminjaman->create()
 7 SYSTEMPATH\CodeIgniter.php(520): CodeIgniter\CodeIgniter->runController(Object(App\Controllers\Peminjaman))
 8 SYSTEMPATH\CodeIgniter.php(363): CodeIgniter\CodeIgniter->handleRequest(null, Object(Config\Cache), false)
 9 SYSTEMPATH\Boot.php(417): CodeIgniter\CodeIgniter->run()
10 SYSTEMPATH\Boot.php(68): CodeIgniter\Boot::runCodeIgniter(Object(CodeIgniter\CodeIgniter))
11 FCPATH\index.php(59): CodeIgniter\Boot::bootWeb(Object(Config\Paths))
12 SYSTEMPATH\rewrite.php(44): require_once('C:\\xampp\\htdocs\\backend-api\\public\\index.php')
CRITICAL - 2026-06-15 18:07:12 --> [Caused by] CodeIgniter\Database\Exceptions\DatabaseException: Cannot add or update a child row: a foreign key constraint fails (`liblary`.`peminjaman`, CONSTRAINT `peminjaman_ibfk_2` FOREIGN KEY (`buku_id`) REFERENCES `buku` (`id`))
in SYSTEMPATH\Database\MySQLi\Connection.php on line 310.
 1 SYSTEMPATH\Database\BaseConnection.php(908): CodeIgniter\Database\MySQLi\Connection->execute('INSERT INTO `peminjaman` (`user_id`, `buku_id`, `tanggal_pinjam`, `tanggal_kembali`, `status`) VALUES (\'1\', \'2\', \'2026-06-15\', \'2026-07-01\', \'dipinjam\')')
 2 SYSTEMPATH\Database\BaseConnection.php(825): CodeIgniter\Database\BaseConnection->simpleQuery('INSERT INTO `peminjaman` (`user_id`, `buku_id`, `tanggal_pinjam`, `tanggal_kembali`, `status`) VALUES (\'1\', \'2\', \'2026-06-15\', \'2026-07-01\', \'dipinjam\')')
 3 SYSTEMPATH\Database\BaseBuilder.php(2343): CodeIgniter\Database\BaseConnection->query('INSERT INTO `peminjaman` (`user_id`, `buku_id`, `tanggal_pinjam`, `tanggal_kembali`, `status`) VALUES (:user_id:, :buku_id:, :tanggal_pinjam:, :tanggal_kembali:, :status:)', [...], false)
 4 SYSTEMPATH\Model.php(357): CodeIgniter\Database\BaseBuilder->insert()
 5 SYSTEMPATH\BaseModel.php(899): CodeIgniter\Model->doInsert([...])
 6 SYSTEMPATH\Model.php(670): CodeIgniter\BaseModel->insert([...], true)
 7 APPPATH\Controllers\Peminjaman.php(47): CodeIgniter\Model->insert([...])
 8 SYSTEMPATH\CodeIgniter.php(974): App\Controllers\Peminjaman->create()
 9 SYSTEMPATH\CodeIgniter.php(520): CodeIgniter\CodeIgniter->runController(Object(App\Controllers\Peminjaman))
10 SYSTEMPATH\CodeIgniter.php(363): CodeIgniter\CodeIgniter->handleRequest(null, Object(Config\Cache), false)
11 SYSTEMPATH\Boot.php(417): CodeIgniter\CodeIgniter->run()
12 SYSTEMPATH\Boot.php(68): CodeIgniter\Boot::runCodeIgniter(Object(CodeIgniter\CodeIgniter))
13 FCPATH\index.php(59): CodeIgniter\Boot::bootWeb(Object(Config\Paths))
14 SYSTEMPATH\rewrite.php(44): require_once('C:\\xampp\\htdocs\\backend-api\\public\\index.php')
CRITICAL - 2026-06-15 18:07:12 --> [Caused by] mysqli_sql_exception: Cannot add or update a child row: a foreign key constraint fails (`liblary`.`peminjaman`, CONSTRAINT `peminjaman_ibfk_2` FOREIGN KEY (`buku_id`) REFERENCES `buku` (`id`))
in SYSTEMPATH\Database\MySQLi\Connection.php on line 300.
 1 SYSTEMPATH\Database\MySQLi\Connection.php(300): mysqli->query('INSERT INTO `peminjaman` (`user_id`, `buku_id`, `tanggal_pinjam`, `tanggal_kembali`, `status`) VALUES (\'1\', \'2\', \'2026-06-15\', \'2026-07-01\', \'dipinjam\')', 0)
 2 SYSTEMPATH\Database\BaseConnection.php(908): CodeIgniter\Database\MySQLi\Connection->execute('INSERT INTO `peminjaman` (`user_id`, `buku_id`, `tanggal_pinjam`, `tanggal_kembali`, `status`) VALUES (\'1\', \'2\', \'2026-06-15\', \'2026-07-01\', \'dipinjam\')')
 3 SYSTEMPATH\Database\BaseConnection.php(825): CodeIgniter\Database\BaseConnection->simpleQuery('INSERT INTO `peminjaman` (`user_id`, `buku_id`, `tanggal_pinjam`, `tanggal_kembali`, `status`) VALUES (\'1\', \'2\', \'2026-06-15\', \'2026-07-01\', \'dipinjam\')')
 4 SYSTEMPATH\Database\BaseBuilder.php(2343): CodeIgniter\Database\BaseConnection->query('INSERT INTO `peminjaman` (`user_id`, `buku_id`, `tanggal_pinjam`, `tanggal_kembali`, `status`) VALUES (:user_id:, :buku_id:, :tanggal_pinjam:, :tanggal_kembali:, :status:)', [...], false)
 5 SYSTEMPATH\Model.php(357): CodeIgniter\Database\BaseBuilder->insert()
 6 SYSTEMPATH\BaseModel.php(899): CodeIgniter\Model->doInsert([...])
 7 SYSTEMPATH\Model.php(670): CodeIgniter\BaseModel->insert([...], true)
 8 APPPATH\Controllers\Peminjaman.php(47): CodeIgniter\Model->insert([...])
 9 SYSTEMPATH\CodeIgniter.php(974): App\Controllers\Peminjaman->create()
10 SYSTEMPATH\CodeIgniter.php(520): CodeIgniter\CodeIgniter->runController(Object(App\Controllers\Peminjaman))
11 SYSTEMPATH\CodeIgniter.php(363): CodeIgniter\CodeIgniter->handleRequest(null, Object(Config\Cache), false)
12 SYSTEMPATH\Boot.php(417): CodeIgniter\CodeIgniter->run()
13 SYSTEMPATH\Boot.php(68): CodeIgniter\Boot::runCodeIgniter(Object(CodeIgniter\CodeIgniter))
14 FCPATH\index.php(59): CodeIgniter\Boot::bootWeb(Object(Config\Paths))
15 SYSTEMPATH\rewrite.php(44): require_once('C:\\xampp\\htdocs\\backend-api\\public\\index.php')
